{"/home/travis/build/wasdk/WebAssemblyStudio/src/arc.ts": {"path":"/home/travis/build/wasdk/WebAssemblyStudio/src/arc.ts","statementMap":{"0":{"start":{"line":22,"column":0},"end":{"line":22,"column":62}},"1":{"start":{"line":24,"column":4},"end":{"line":27,"column":12}},"2":{"start":{"line":29,"column":0},"end":{"line":29,"column":42}},"3":{"start":{"line":32,"column":8},"end":{"line":35,"column":16}},"4":{"start":{"line":38,"column":21},"end":{"line":38,"column":23}},"5":{"start":{"line":39,"column":26},"end":{"line":39,"column":41}},"6":{"start":{"line":40,"column":8},"end":{"line":52,"column":9}},"7":{"start":{"line":41,"column":27},"end":{"line":41,"column":78}},"8":{"start":{"line":42,"column":26},"end":{"line":42,"column":28}},"9":{"start":{"line":43,"column":12},"end":{"line":43,"column":29}},"10":{"start":{"line":44,"column":22},"end":{"line":44,"column":23}},"11":{"start":{"line":45,"column":12},"end":{"line":51,"column":13}},"12":{"start":{"line":46,"column":28},"end":{"line":46,"column":30}},"13":{"start":{"line":47,"column":16},"end":{"line":47,"column":32}},"14":{"start":{"line":48,"column":16},"end":{"line":50,"column":17}},"15":{"start":{"line":49,"column":20},"end":{"line":49,"column":76}},"16":{"start":{"line":53,"column":8},"end":{"line":53,"column":20}},"17":{"start":{"line":56,"column":0},"end":{"line":56,"column":18}}},"fnMap":{"0":{"name":"notifyAboutFork","decl":{"start":{"line":23,"column":9},"end":{"line":23,"column":24}},"loc":{"start":{"line":23,"column":33},"end":{"line":28,"column":1}},"line":23},"1":{"name":"(anonymous_1)","decl":{"start":{"line":31,"column":4},"end":{"line":31,"column":5}},"loc":{"start":{"line":31,"column":29},"end":{"line":36,"column":5}},"line":31},"2":{"name":"(anonymous_2)","decl":{"start":{"line":37,"column":4},"end":{"line":37,"column":5}},"loc":{"start":{"line":37,"column":68},"end":{"line":54,"column":5}},"line":37}},"branchMap":{},"s":{"0":17,"1":1,"2":17,"3":1,"4":1,"5":1,"6":1,"7":1050,"8":1050,"9":1050,"10":1050,"11":1050,"12":37800,"13":37800,"14":37800,"15":1663200,"16":1,"17":17},"f":{"0":1,"1":1,"2":1},"b":{},"_coverageSchema":"332fd63041d2c1bcb487cc26dd0d5f7d97098a6c","hash":"52fcacbc4637f6fbd7a5d6dff7949510ce842630"}
,"/home/travis/build/wasdk/WebAssemblyStudio/src/config.ts": {"path":"/home/travis/build/wasdk/WebAssemblyStudio/src/config.ts","statementMap":{"0":{"start":{"line":22,"column":16},"end":{"line":29,"column":1}},"1":{"start":{"line":23,"column":4},"end":{"line":28,"column":7}},"2":{"start":{"line":24,"column":36},"end":{"line":24,"column":97}},"3":{"start":{"line":24,"column":42},"end":{"line":24,"column":70}},"4":{"start":{"line":24,"column":85},"end":{"line":24,"column":95}},"5":{"start":{"line":25,"column":35},"end":{"line":25,"column":100}},"6":{"start":{"line":25,"column":41},"end":{"line":25,"column":73}},"7":{"start":{"line":25,"column":88},"end":{"line":25,"column":98}},"8":{"start":{"line":26,"column":32},"end":{"line":26,"column":149}},"9":{"start":{"line":26,"column":97},"end":{"line":26,"column":119}},"10":{"start":{"line":27,"column":8},"end":{"line":27,"column":78}},"11":{"start":{"line":30,"column":0},"end":{"line":30,"column":62}},"12":{"start":{"line":31,"column":18},"end":{"line":31,"column":33}},"13":{"start":{"line":34,"column":4},"end":{"line":39,"column":7}},"14":{"start":{"line":35,"column":8},"end":{"line":37,"column":9}},"15":{"start":{"line":36,"column":12},"end":{"line":36,"column":70}},"16":{"start":{"line":36,"column":57},"end":{"line":36,"column":68}},"17":{"start":{"line":38,"column":8},"end":{"line":38,"column":22}},"18":{"start":{"line":41,"column":0},"end":{"line":41,"column":28}}},"fnMap":{"0":{"name":"(anonymous_0)","decl":{"start":{"line":22,"column":44},"end":{"line":22,"column":45}},"loc":{"start":{"line":22,"column":89},"end":{"line":29,"column":1}},"line":22},"1":{"name":"(anonymous_1)","decl":{"start":{"line":23,"column":36},"end":{"line":23,"column":37}},"loc":{"start":{"line":23,"column":63},"end":{"line":28,"column":5}},"line":23},"2":{"name":"fulfilled","decl":{"start":{"line":24,"column":17},"end":{"line":24,"column":26}},"loc":{"start":{"line":24,"column":34},"end":{"line":24,"column":99}},"line":24},"3":{"name":"rejected","decl":{"start":{"line":25,"column":17},"end":{"line":25,"column":25}},"loc":{"start":{"line":25,"column":33},"end":{"line":25,"column":102}},"line":25},"4":{"name":"step","decl":{"start":{"line":26,"column":17},"end":{"line":26,"column":21}},"loc":{"start":{"line":26,"column":30},"end":{"line":26,"column":151}},"line":26},"5":{"name":"(anonymous_5)","decl":{"start":{"line":26,"column":76},"end":{"line":26,"column":77}},"loc":{"start":{"line":26,"column":95},"end":{"line":26,"column":121}},"line":26},"6":{"name":"getConfig","decl":{"start":{"line":33,"column":9},"end":{"line":33,"column":18}},"loc":{"start":{"line":33,"column":21},"end":{"line":40,"column":1}},"line":33},"7":{"name":"(anonymous_7)","decl":{"start":{"line":34,"column":43},"end":{"line":34,"column":44}},"loc":{"start":{"line":34,"column":56},"end":{"line":39,"column":5}},"line":34},"8":{"name":"(anonymous_8)","decl":{"start":{"line":36,"column":49},"end":{"line":36,"column":50}},"loc":{"start":{"line":36,"column":57},"end":{"line":36,"column":68}},"line":36}},"branchMap":{"0":{"loc":{"start":{"line":22,"column":16},"end":{"line":29,"column":1}},"type":"binary-expr","locations":[{"start":{"line":22,"column":17},"end":{"line":22,"column":21}},{"start":{"line":22,"column":25},"end":{"line":22,"column":39}},{"start":{"line":22,"column":44},"end":{"line":29,"column":1}}],"line":22},"1":{"loc":{"start":{"line":23,"column":16},"end":{"line":23,"column":34}},"type":"binary-expr","locations":[{"start":{"line":23,"column":16},"end":{"line":23,"column":17}},{"start":{"line":23,"column":22},"end":{"line":23,"column":33}}],"line":23},"2":{"loc":{"start":{"line":26,"column":32},"end":{"line":26,"column":148}},"type":"cond-expr","locations":[{"start":{"line":26,"column":46},"end":{"line":26,"column":67}},{"start":{"line":26,"column":70},"end":{"line":26,"column":148}}],"line":26},"3":{"loc":{"start":{"line":27,"column":51},"end":{"line":27,"column":67}},"type":"binary-expr","locations":[{"start":{"line":27,"column":51},"end":{"line":27,"column":61}},{"start":{"line":27,"column":65},"end":{"line":27,"column":67}}],"line":27},"4":{"loc":{"start":{"line":35,"column":8},"end":{"line":37,"column":9}},"type":"if","locations":[{"start":{"line":35,"column":8},"end":{"line":37,"column":9}},{"start":{"line":35,"column":8},"end":{"line":37,"column":9}}],"line":35}},"s":{"0":15,"1":0,"2":0,"3":0,"4":0,"5":0,"6":0,"7":0,"8":0,"9":0,"10":0,"11":15,"12":15,"13":0,"14":0,"15":0,"16":0,"17":0,"18":15},"f":{"0":0,"1":0,"2":0,"3":0,"4":0,"5":0,"6":0,"7":0,"8":0},"b":{"0":[15,15,15],"1":[0,0],"2":[0,0],"3":[0,0],"4":[0,0]},"_coverageSchema":"332fd63041d2c1bcb487cc26dd0d5f7d97098a6c","hash":"b913738afbe09766e750757a437954d78676c8a2"}
,"/home/travis/build/wasdk/WebAssemblyStudio/src/dispatcher.ts": {"path":"/home/travis/build/wasdk/WebAssemblyStudio/src/dispatcher.ts","statementMap":{"0":{"start":{"line":22,"column":0},"end":{"line":22,"column":62}},"1":{"start":{"line":23,"column":15},"end":{"line":23,"column":30}},"2":{"start":{"line":24,"column":0},"end":{"line":24,"column":42}}},"fnMap":{},"branchMap":{},"s":{"0":8,"1":8,"2":8},"f":{},"b":{},"_coverageSchema":"332fd63041d2c1bcb487cc26dd0d5f7d97098a6c","hash":"96f2a1faa523861d7d9b087e3fde3530f0ba55df"}
,"/home/travis/build/wasdk/WebAssemblyStudio/src/errors.ts": {"path":"/home/travis/build/wasdk/WebAssemblyStudio/src/errors.ts","statementMap":{"0":{"start":{"line":22,"column":0},"end":{"line":22,"column":62}},"1":{"start":{"line":23,"column":0},"end":{"line":25,"column":2}}},"fnMap":{},"branchMap":{},"s":{"0":7,"1":7},"f":{},"b":{},"_coverageSchema":"332fd63041d2c1bcb487cc26dd0d5f7d97098a6c","hash":"d30d83ec41b8432144576dd85f3bc5c346eb948b"}
,"/home/travis/build/wasdk/WebAssemblyStudio/src/gulpy.ts": {"path":"/home/travis/build/wasdk/WebAssemblyStudio/src/gulpy.ts","statementMap":{"0":{"start":{"line":22,"column":16},"end":{"line":29,"column":1}},"1":{"start":{"line":23,"column":4},"end":{"line":28,"column":7}},"2":{"start":{"line":24,"column":36},"end":{"line":24,"column":97}},"3":{"start":{"line":24,"column":42},"end":{"line":24,"column":70}},"4":{"start":{"line":24,"column":85},"end":{"line":24,"column":95}},"5":{"start":{"line":25,"column":35},"end":{"line":25,"column":100}},"6":{"start":{"line":25,"column":41},"end":{"line":25,"column":73}},"7":{"start":{"line":25,"column":88},"end":{"line":25,"column":98}},"8":{"start":{"line":26,"column":32},"end":{"line":26,"column":149}},"9":{"start":{"line":26,"column":97},"end":{"line":26,"column":119}},"10":{"start":{"line":27,"column":8},"end":{"line":27,"column":78}},"11":{"start":{"line":30,"column":0},"end":{"line":30,"column":62}},"12":{"start":{"line":33,"column":8},"end":{"line":33,"column":41}},"13":{"start":{"line":34,"column":8},"end":{"line":34,"column":41}},"14":{"start":{"line":39,"column":8},"end":{"line":39,"column":25}},"15":{"start":{"line":40,"column":8},"end":{"line":40,"column":28}},"16":{"start":{"line":43,"column":8},"end":{"line":45,"column":9}},"17":{"start":{"line":44,"column":12},"end":{"line":44,"column":32}},"18":{"start":{"line":46,"column":8},"end":{"line":46,"column":55}},"19":{"start":{"line":51,"column":8},"end":{"line":51,"column":31}},"20":{"start":{"line":52,"column":8},"end":{"line":52,"column":27}},"21":{"start":{"line":55,"column":23},"end":{"line":55,"column":43}},"22":{"start":{"line":56,"column":8},"end":{"line":58,"column":9}},"23":{"start":{"line":57,"column":12},"end":{"line":57,"column":28}},"24":{"start":{"line":59,"column":8},"end":{"line":59,"column":42}},"25":{"start":{"line":60,"column":8},"end":{"line":60,"column":39}},"26":{"start":{"line":61,"column":8},"end":{"line":61,"column":24}},"27":{"start":{"line":64,"column":8},"end":{"line":68,"column":11}},"28":{"start":{"line":65,"column":33},"end":{"line":65,"column":92}},"29":{"start":{"line":65,"column":69},"end":{"line":65,"column":91}},"30":{"start":{"line":66,"column":12},"end":{"line":66,"column":74}},"31":{"start":{"line":66,"column":52},"end":{"line":66,"column":71}},"32":{"start":{"line":67,"column":12},"end":{"line":67,"column":42}},"33":{"start":{"line":71,"column":8},"end":{"line":73,"column":11}},"34":{"start":{"line":72,"column":12},"end":{"line":72,"column":63}},"35":{"start":{"line":78,"column":8},"end":{"line":78,"column":24}},"36":{"start":{"line":81,"column":27},"end":{"line":81,"column":29}},"37":{"start":{"line":82,"column":17},"end":{"line":82,"column":21}},"38":{"start":{"line":83,"column":8},"end":{"line":95,"column":9}},"39":{"start":{"line":84,"column":12},"end":{"line":84,"column":29}},"40":{"start":{"line":85,"column":12},"end":{"line":85,"column":19}},"41":{"start":{"line":87,"column":13},"end":{"line":95,"column":9}},"42":{"start":{"line":88,"column":12},"end":{"line":94,"column":13}},"43":{"start":{"line":89,"column":16},"end":{"line":89,"column":33}},"44":{"start":{"line":90,"column":16},"end":{"line":90,"column":38}},"45":{"start":{"line":93,"column":16},"end":{"line":93,"column":23}},"46":{"start":{"line":96,"column":8},"end":{"line":96,"column":78}},"47":{"start":{"line":96,"column":58},"end":{"line":96,"column":71}},"48":{"start":{"line":99,"column":8},"end":{"line":99,"column":20}},"49":{"start":{"line":102,"column":8},"end":{"line":102,"column":20}},"50":{"start":{"line":105,"column":8},"end":{"line":105,"column":34}},"51":{"start":{"line":108,"column":8},"end":{"line":111,"column":11}},"52":{"start":{"line":109,"column":28},"end":{"line":109,"column":50}},"53":{"start":{"line":110,"column":12},"end":{"line":110,"column":48}},"54":{"start":{"line":114,"column":0},"end":{"line":114,"column":22}}},"fnMap":{"0":{"name":"(anonymous_0)","decl":{"start":{"line":22,"column":44},"end":{"line":22,"column":45}},"loc":{"start":{"line":22,"column":89},"end":{"line":29,"column":1}},"line":22},"1":{"name":"(anonymous_1)","decl":{"start":{"line":23,"column":36},"end":{"line":23,"column":37}},"loc":{"start":{"line":23,"column":63},"end":{"line":28,"column":5}},"line":23},"2":{"name":"fulfilled","decl":{"start":{"line":24,"column":17},"end":{"line":24,"column":26}},"loc":{"start":{"line":24,"column":34},"end":{"line":24,"column":99}},"line":24},"3":{"name":"rejected","decl":{"start":{"line":25,"column":17},"end":{"line":25,"column":25}},"loc":{"start":{"line":25,"column":33},"end":{"line":25,"column":102}},"line":25},"4":{"name":"step","decl":{"start":{"line":26,"column":17},"end":{"line":26,"column":21}},"loc":{"start":{"line":26,"column":30},"end":{"line":26,"column":151}},"line":26},"5":{"name":"(anonymous_5)","decl":{"start":{"line":26,"column":76},"end":{"line":26,"column":77}},"loc":{"start":{"line":26,"column":95},"end":{"line":26,"column":121}},"line":26},"6":{"name":"(anonymous_6)","decl":{"start":{"line":32,"column":4},"end":{"line":32,"column":5}},"loc":{"start":{"line":32,"column":44},"end":{"line":35,"column":5}},"line":32},"7":{"name":"(anonymous_7)","decl":{"start":{"line":38,"column":4},"end":{"line":38,"column":5}},"loc":{"start":{"line":38,"column":22},"end":{"line":41,"column":5}},"line":38},"8":{"name":"(anonymous_8)","decl":{"start":{"line":42,"column":4},"end":{"line":42,"column":5}},"loc":{"start":{"line":42,"column":18},"end":{"line":47,"column":5}},"line":42},"9":{"name":"(anonymous_9)","decl":{"start":{"line":50,"column":4},"end":{"line":50,"column":5}},"loc":{"start":{"line":50,"column":23},"end":{"line":53,"column":5}},"line":50},"10":{"name":"(anonymous_10)","decl":{"start":{"line":54,"column":4},"end":{"line":54,"column":5}},"loc":{"start":{"line":54,"column":25},"end":{"line":62,"column":5}},"line":54},"11":{"name":"(anonymous_11)","decl":{"start":{"line":63,"column":4},"end":{"line":63,"column":5}},"loc":{"start":{"line":63,"column":26},"end":{"line":69,"column":5}},"line":63},"12":{"name":"(anonymous_12)","decl":{"start":{"line":64,"column":47},"end":{"line":64,"column":48}},"loc":{"start":{"line":64,"column":60},"end":{"line":68,"column":9}},"line":64},"13":{"name":"(anonymous_13)","decl":{"start":{"line":65,"column":64},"end":{"line":65,"column":65}},"loc":{"start":{"line":65,"column":69},"end":{"line":65,"column":91}},"line":65},"14":{"name":"(anonymous_14)","decl":{"start":{"line":66,"column":47},"end":{"line":66,"column":48}},"loc":{"start":{"line":66,"column":52},"end":{"line":66,"column":71}},"line":66},"15":{"name":"(anonymous_15)","decl":{"start":{"line":70,"column":4},"end":{"line":70,"column":5}},"loc":{"start":{"line":70,"column":14},"end":{"line":74,"column":5}},"line":70},"16":{"name":"(anonymous_16)","decl":{"start":{"line":71,"column":47},"end":{"line":71,"column":48}},"loc":{"start":{"line":71,"column":60},"end":{"line":73,"column":9}},"line":71},"17":{"name":"(anonymous_17)","decl":{"start":{"line":77,"column":4},"end":{"line":77,"column":5}},"loc":{"start":{"line":77,"column":18},"end":{"line":79,"column":5}},"line":77},"18":{"name":"(anonymous_18)","decl":{"start":{"line":80,"column":4},"end":{"line":80,"column":5}},"loc":{"start":{"line":80,"column":21},"end":{"line":97,"column":5}},"line":80},"19":{"name":"(anonymous_19)","decl":{"start":{"line":90,"column":27},"end":{"line":90,"column":28}},"loc":{"start":{"line":90,"column":33},"end":{"line":90,"column":36}},"line":90},"20":{"name":"(anonymous_20)","decl":{"start":{"line":96,"column":53},"end":{"line":96,"column":54}},"loc":{"start":{"line":96,"column":58},"end":{"line":96,"column":71}},"line":96},"21":{"name":"(anonymous_21)","decl":{"start":{"line":98,"column":4},"end":{"line":98,"column":5}},"loc":{"start":{"line":98,"column":18},"end":{"line":100,"column":5}},"line":98},"22":{"name":"(anonymous_22)","decl":{"start":{"line":101,"column":4},"end":{"line":101,"column":5}},"loc":{"start":{"line":101,"column":20},"end":{"line":103,"column":5}},"line":101},"23":{"name":"(anonymous_23)","decl":{"start":{"line":104,"column":4},"end":{"line":104,"column":5}},"loc":{"start":{"line":104,"column":18},"end":{"line":106,"column":5}},"line":104},"24":{"name":"(anonymous_24)","decl":{"start":{"line":107,"column":4},"end":{"line":107,"column":5}},"loc":{"start":{"line":107,"column":14},"end":{"line":112,"column":5}},"line":107},"25":{"name":"(anonymous_25)","decl":{"start":{"line":108,"column":47},"end":{"line":108,"column":48}},"loc":{"start":{"line":108,"column":60},"end":{"line":111,"column":9}},"line":108}},"branchMap":{"0":{"loc":{"start":{"line":22,"column":16},"end":{"line":29,"column":1}},"type":"binary-expr","locations":[{"start":{"line":22,"column":17},"end":{"line":22,"column":21}},{"start":{"line":22,"column":25},"end":{"line":22,"column":39}},{"start":{"line":22,"column":44},"end":{"line":29,"column":1}}],"line":22},"1":{"loc":{"start":{"line":23,"column":16},"end":{"line":23,"column":34}},"type":"binary-expr","locations":[{"start":{"line":23,"column":16},"end":{"line":23,"column":17}},{"start":{"line":23,"column":22},"end":{"line":23,"column":33}}],"line":23},"2":{"loc":{"start":{"line":26,"column":32},"end":{"line":26,"column":148}},"type":"cond-expr","locations":[{"start":{"line":26,"column":46},"end":{"line":26,"column":67}},{"start":{"line":26,"column":70},"end":{"line":26,"column":148}}],"line":26},"3":{"loc":{"start":{"line":27,"column":51},"end":{"line":27,"column":67}},"type":"binary-expr","locations":[{"start":{"line":27,"column":51},"end":{"line":27,"column":61}},{"start":{"line":27,"column":65},"end":{"line":27,"column":67}}],"line":27},"4":{"loc":{"start":{"line":43,"column":8},"end":{"line":45,"column":9}},"type":"if","locations":[{"start":{"line":43,"column":8},"end":{"line":45,"column":9}},{"start":{"line":43,"column":8},"end":{"line":45,"column":9}}],"line":43},"5":{"loc":{"start":{"line":56,"column":8},"end":{"line":58,"column":9}},"type":"if","locations":[{"start":{"line":56,"column":8},"end":{"line":58,"column":9}},{"start":{"line":56,"column":8},"end":{"line":58,"column":9}}],"line":56},"6":{"loc":{"start":{"line":83,"column":8},"end":{"line":95,"column":9}},"type":"if","locations":[{"start":{"line":83,"column":8},"end":{"line":95,"column":9}},{"start":{"line":83,"column":8},"end":{"line":95,"column":9}}],"line":83},"7":{"loc":{"start":{"line":87,"column":13},"end":{"line":95,"column":9}},"type":"if","locations":[{"start":{"line":87,"column":13},"end":{"line":95,"column":9}},{"start":{"line":87,"column":13},"end":{"line":95,"column":9}}],"line":87},"8":{"loc":{"start":{"line":88,"column":12},"end":{"line":94,"column":13}},"type":"if","locations":[{"start":{"line":88,"column":12},"end":{"line":94,"column":13}},{"start":{"line":88,"column":12},"end":{"line":94,"column":13}}],"line":88},"9":{"loc":{"start":{"line":90,"column":21},"end":{"line":90,"column":37}},"type":"binary-expr","locations":[{"start":{"line":90,"column":21},"end":{"line":90,"column":22}},{"start":{"line":90,"column":27},"end":{"line":90,"column":36}}],"line":90}},"s":{"0":17,"1":5,"2":4,"3":4,"4":0,"5":0,"6":0,"7":0,"8":9,"9":4,"10":5,"11":17,"12":3,"13":3,"14":3,"15":3,"16":3,"17":0,"18":3,"19":1,"20":1,"21":3,"22":3,"23":0,"24":3,"25":3,"26":3,"27":3,"28":3,"29":2,"30":3,"31":2,"32":3,"33":1,"34":1,"35":1,"36":3,"37":3,"38":3,"39":2,"40":2,"41":1,"42":1,"43":0,"44":0,"45":1,"46":3,"47":2,"48":0,"49":0,"50":0,"51":1,"52":1,"53":1,"54":17},"f":{"0":5,"1":5,"2":4,"3":0,"4":9,"5":4,"6":3,"7":3,"8":3,"9":1,"10":3,"11":3,"12":3,"13":2,"14":2,"15":1,"16":1,"17":1,"18":3,"19":0,"20":2,"21":0,"22":0,"23":0,"24":1,"25":1},"b":{"0":[17,17,17],"1":[5,5],"2":[5,4],"3":[5,5],"4":[0,3],"5":[0,3],"6":[2,1],"7":[1,0],"8":[0,1],"9":[0,0]},"_coverageSchema":"332fd63041d2c1bcb487cc26dd0d5f7d97098a6c","hash":"0c7a397864b71bcc7428767bae224e466db13cb5"}
,"/home/travis/build/wasdk/WebAssemblyStudio/src/index.tsx": {"path":"/home/travis/build/wasdk/WebAssemblyStudio/src/index.tsx","statementMap":{"0":{"start":{"line":22,"column":0},"end":{"line":22,"column":62}},"1":{"start":{"line":23,"column":14},"end":{"line":23,"column":30}},"2":{"start":{"line":24,"column":17},"end":{"line":24,"column":37}},"3":{"start":{"line":25,"column":14},"end":{"line":25,"column":41}},"4":{"start":{"line":26,"column":15},"end":{"line":26,"column":32}},"5":{"start":{"line":27,"column":23},"end":{"line":27,"column":48}},"6":{"start":{"line":28,"column":30},"end":{"line":28,"column":73}},"7":{"start":{"line":29,"column":28},"end":{"line":29,"column":64}},"8":{"start":{"line":30,"column":24},"end":{"line":30,"column":56}},"9":{"start":{"line":31,"column":0},"end":{"line":31,"column":56}},"10":{"start":{"line":33,"column":14},"end":{"line":33,"column":49}},"11":{"start":{"line":34,"column":4},"end":{"line":34,"column":33}},"12":{"start":{"line":35,"column":19},"end":{"line":35,"column":21}},"13":{"start":{"line":36,"column":4},"end":{"line":44,"column":7}},"14":{"start":{"line":37,"column":18},"end":{"line":37,"column":30}},"15":{"start":{"line":38,"column":8},"end":{"line":43,"column":9}},"16":{"start":{"line":39,"column":12},"end":{"line":39,"column":53}},"17":{"start":{"line":42,"column":12},"end":{"line":42,"column":33}},"18":{"start":{"line":46,"column":0},"end":{"line":46,"column":50}},"19":{"start":{"line":48,"column":19},"end":{"line":48,"column":21}},"20":{"start":{"line":49,"column":4},"end":{"line":51,"column":7}},"21":{"start":{"line":50,"column":8},"end":{"line":50,"column":28}},"22":{"start":{"line":52,"column":4},"end":{"line":52,"column":18}},"23":{"start":{"line":54,"column":0},"end":{"line":54,"column":44}},"24":{"start":{"line":55,"column":25},"end":{"line":57,"column":1}},"25":{"start":{"line":59,"column":4},"end":{"line":62,"column":5}},"26":{"start":{"line":60,"column":8},"end":{"line":60,"column":77}},"27":{"start":{"line":61,"column":8},"end":{"line":61,"column":15}},"28":{"start":{"line":63,"column":4},"end":{"line":63,"column":49}},"29":{"start":{"line":65,"column":0},"end":{"line":65,"column":66}},"30":{"start":{"line":67,"column":22},"end":{"line":67,"column":45}},"31":{"start":{"line":69,"column":4},"end":{"line":80,"column":5}},"32":{"start":{"line":71,"column":12},"end":{"line":71,"column":47}},"33":{"start":{"line":72,"column":12},"end":{"line":72,"column":18}},"34":{"start":{"line":74,"column":12},"end":{"line":74,"column":43}},"35":{"start":{"line":75,"column":12},"end":{"line":75,"column":18}},"36":{"start":{"line":77,"column":26},"end":{"line":77,"column":99}},"37":{"start":{"line":78,"column":12},"end":{"line":78,"column":82}},"38":{"start":{"line":79,"column":12},"end":{"line":79,"column":18}},"39":{"start":{"line":81,"column":26},"end":{"line":81,"column":87}},"40":{"start":{"line":82,"column":4},"end":{"line":85,"column":6}},"41":{"start":{"line":87,"column":19},"end":{"line":87,"column":37}},"42":{"start":{"line":88,"column":15},"end":{"line":88,"column":90}},"43":{"start":{"line":89,"column":15},"end":{"line":89,"column":54}},"44":{"start":{"line":90,"column":24},"end":{"line":90,"column":54}},"45":{"start":{"line":91,"column":0},"end":{"line":102,"column":39}},"46":{"start":{"line":94,"column":4},"end":{"line":99,"column":5}},"47":{"start":{"line":95,"column":8},"end":{"line":95,"column":126}},"48":{"start":{"line":98,"column":8},"end":{"line":98,"column":191}},"49":{"start":{"line":101,"column":16},"end":{"line":101,"column":113}},"50":{"start":{"line":101,"column":45},"end":{"line":101,"column":112}}},"fnMap":{"0":{"name":"forEachUrlParameter","decl":{"start":{"line":32,"column":9},"end":{"line":32,"column":28}},"loc":{"start":{"line":32,"column":39},"end":{"line":45,"column":1}},"line":32},"1":{"name":"(anonymous_1)","decl":{"start":{"line":36,"column":27},"end":{"line":36,"column":28}},"loc":{"start":{"line":36,"column":40},"end":{"line":44,"column":5}},"line":36},"2":{"name":"getUrlParameters","decl":{"start":{"line":47,"column":9},"end":{"line":47,"column":25}},"loc":{"start":{"line":47,"column":28},"end":{"line":53,"column":1}},"line":47},"3":{"name":"(anonymous_3)","decl":{"start":{"line":49,"column":24},"end":{"line":49,"column":25}},"loc":{"start":{"line":49,"column":40},"end":{"line":51,"column":5}},"line":49},"4":{"name":"unloadPageHandler","decl":{"start":{"line":58,"column":9},"end":{"line":58,"column":26}},"loc":{"start":{"line":58,"column":30},"end":{"line":64,"column":1}},"line":58},"5":{"name":"getEmbeddingParams","decl":{"start":{"line":66,"column":9},"end":{"line":66,"column":27}},"loc":{"start":{"line":66,"column":40},"end":{"line":86,"column":1}},"line":66},"6":{"name":"(anonymous_6)","decl":{"start":{"line":93,"column":10},"end":{"line":93,"column":11}},"loc":{"start":{"line":93,"column":16},"end":{"line":100,"column":1}},"line":93},"7":{"name":"(anonymous_7)","decl":{"start":{"line":101,"column":10},"end":{"line":101,"column":11}},"loc":{"start":{"line":101,"column":16},"end":{"line":101,"column":113}},"line":101},"8":{"name":"(anonymous_8)","decl":{"start":{"line":101,"column":39},"end":{"line":101,"column":40}},"loc":{"start":{"line":101,"column":45},"end":{"line":101,"column":112}},"line":101}},"branchMap":{"0":{"loc":{"start":{"line":38,"column":8},"end":{"line":43,"column":9}},"type":"if","locations":[{"start":{"line":38,"column":8},"end":{"line":43,"column":9}},{"start":{"line":38,"column":8},"end":{"line":43,"column":9}}],"line":38},"1":{"loc":{"start":{"line":59,"column":4},"end":{"line":62,"column":5}},"type":"if","locations":[{"start":{"line":59,"column":4},"end":{"line":62,"column":5}},{"start":{"line":59,"column":4},"end":{"line":62,"column":5}}],"line":59},"2":{"loc":{"start":{"line":69,"column":4},"end":{"line":80,"column":5}},"type":"switch","locations":[{"start":{"line":70,"column":8},"end":{"line":72,"column":18}},{"start":{"line":73,"column":8},"end":{"line":75,"column":18}},{"start":{"line":76,"column":8},"end":{"line":79,"column":18}}],"line":69},"3":{"loc":{"start":{"line":77,"column":26},"end":{"line":77,"column":99}},"type":"cond-expr","locations":[{"start":{"line":77,"column":57},"end":{"line":77,"column":61}},{"start":{"line":77,"column":64},"end":{"line":77,"column":99}}],"line":77},"4":{"loc":{"start":{"line":78,"column":19},"end":{"line":78,"column":81}},"type":"cond-expr","locations":[{"start":{"line":78,"column":27},"end":{"line":78,"column":54}},{"start":{"line":78,"column":57},"end":{"line":78,"column":81}}],"line":78},"5":{"loc":{"start":{"line":81,"column":26},"end":{"line":81,"column":87}},"type":"cond-expr","locations":[{"start":{"line":81,"column":70},"end":{"line":81,"column":75}},{"start":{"line":81,"column":78},"end":{"line":81,"column":87}}],"line":81},"6":{"loc":{"start":{"line":88,"column":15},"end":{"line":88,"column":90}},"type":"cond-expr","locations":[{"start":{"line":88,"column":47},"end":{"line":88,"column":51}},{"start":{"line":88,"column":54},"end":{"line":88,"column":90}}],"line":88},"7":{"loc":{"start":{"line":89,"column":15},"end":{"line":89,"column":54}},"type":"binary-expr","locations":[{"start":{"line":89,"column":15},"end":{"line":89,"column":35}},{"start":{"line":89,"column":39},"end":{"line":89,"column":54}}],"line":89},"8":{"loc":{"start":{"line":94,"column":4},"end":{"line":99,"column":5}},"type":"if","locations":[{"start":{"line":94,"column":4},"end":{"line":99,"column":5}},{"start":{"line":94,"column":4},"end":{"line":99,"column":5}}],"line":94}},"s":{"0":0,"1":0,"2":0,"3":0,"4":0,"5":0,"6":0,"7":0,"8":0,"9":0,"10":0,"11":0,"12":0,"13":0,"14":0,"15":0,"16":0,"17":0,"18":0,"19":0,"20":0,"21":0,"22":0,"23":0,"24":0,"25":0,"26":0,"27":0,"28":0,"29":0,"30":0,"31":0,"32":0,"33":0,"34":0,"35":0,"36":0,"37":0,"38":0,"39":0,"40":0,"41":0,"42":0,"43":0,"44":0,"45":0,"46":0,"47":0,"48":0,"49":0,"50":0},"f":{"0":0,"1":0,"2":0,"3":0,"4":0,"5":0,"6":0,"7":0,"8":0},"b":{"0":[0,0],"1":[0,0],"2":[0,0,0],"3":[0,0],"4":[0,0],"5":[0,0],"6":[0,0],"7":[0,0],"8":[0,0]}}
,"/home/travis/build/wasdk/WebAssemblyStudio/src/message.ts": {"path":"/home/travis/build/wasdk/WebAssemblyStudio/src/message.ts","statementMap":{"0":{"start":{"line":22,"column":0},"end":{"line":22,"column":62}},"1":{"start":{"line":24,"column":0},"end":{"line":34,"column":74}},"2":{"start":{"line":25,"column":4},"end":{"line":25,"column":94}},"3":{"start":{"line":26,"column":4},"end":{"line":26,"column":94}},"4":{"start":{"line":27,"column":4},"end":{"line":27,"column":108}},"5":{"start":{"line":28,"column":4},"end":{"line":28,"column":102}},"6":{"start":{"line":29,"column":4},"end":{"line":29,"column":100}},"7":{"start":{"line":30,"column":4},"end":{"line":30,"column":92}},"8":{"start":{"line":31,"column":4},"end":{"line":31,"column":92}},"9":{"start":{"line":32,"column":4},"end":{"line":32,"column":84}},"10":{"start":{"line":33,"column":4},"end":{"line":33,"column":66}}},"fnMap":{"0":{"name":"(anonymous_0)","decl":{"start":{"line":24,"column":1},"end":{"line":24,"column":2}},"loc":{"start":{"line":24,"column":26},"end":{"line":34,"column":1}},"line":24}},"branchMap":{"0":{"loc":{"start":{"line":34,"column":19},"end":{"line":34,"column":72}},"type":"binary-expr","locations":[{"start":{"line":34,"column":19},"end":{"line":34,"column":40}},{"start":{"line":34,"column":45},"end":{"line":34,"column":71}}],"line":34}},"s":{"0":16,"1":16,"2":16,"3":16,"4":16,"5":16,"6":16,"7":16,"8":16,"9":16,"10":16},"f":{"0":16},"b":{"0":[16,16]},"_coverageSchema":"332fd63041d2c1bcb487cc26dd0d5f7d97098a6c","hash":"5068117f5a1f81c1d3f7020f88a11422de17ae8e"}
,"/home/travis/build/wasdk/WebAssemblyStudio/src/model.ts": {"path":"/home/travis/build/wasdk/WebAssemblyStudio/src/model.ts","statementMap":{"0":{"start":{"line":22,"column":16},"end":{"line":29,"column":1}},"1":{"start":{"line":23,"column":4},"end":{"line":28,"column":7}},"2":{"start":{"line":24,"column":36},"end":{"line":24,"column":97}},"3":{"start":{"line":24,"column":42},"end":{"line":24,"column":70}},"4":{"start":{"line":24,"column":85},"end":{"line":24,"column":95}},"5":{"start":{"line":25,"column":35},"end":{"line":25,"column":100}},"6":{"start":{"line":25,"column":41},"end":{"line":25,"column":73}},"7":{"start":{"line":25,"column":88},"end":{"line":25,"column":98}},"8":{"start":{"line":26,"column":32},"end":{"line":26,"column":149}},"9":{"start":{"line":26,"column":97},"end":{"line":26,"column":119}},"10":{"start":{"line":27,"column":8},"end":{"line":27,"column":78}},"11":{"start":{"line":30,"column":0},"end":{"line":30,"column":62}},"12":{"start":{"line":31,"column":15},"end":{"line":31,"column":32}},"13":{"start":{"line":32,"column":20},"end":{"line":32,"column":40}},"14":{"start":{"line":33,"column":18},"end":{"line":33,"column":38}},"15":{"start":{"line":35,"column":4},"end":{"line":37,"column":5}},"16":{"start":{"line":36,"column":8},"end":{"line":36,"column":20}},"17":{"start":{"line":38,"column":4},"end":{"line":40,"column":5}},"18":{"start":{"line":39,"column":8},"end":{"line":39,"column":21}},"19":{"start":{"line":41,"column":4},"end":{"line":45,"column":5}},"20":{"start":{"line":42,"column":8},"end":{"line":44,"column":9}},"21":{"start":{"line":43,"column":12},"end":{"line":43,"column":25}},"22":{"start":{"line":46,"column":4},"end":{"line":46,"column":16}},"23":{"start":{"line":48,"column":0},"end":{"line":48,"column":40}},"24":{"start":{"line":50,"column":0},"end":{"line":69,"column":59}},"25":{"start":{"line":51,"column":4},"end":{"line":51,"column":42}},"26":{"start":{"line":52,"column":4},"end":{"line":52,"column":42}},"27":{"start":{"line":53,"column":4},"end":{"line":53,"column":30}},"28":{"start":{"line":54,"column":4},"end":{"line":54,"column":28}},"29":{"start":{"line":55,"column":4},"end":{"line":55,"column":24}},"30":{"start":{"line":56,"column":4},"end":{"line":56,"column":28}},"31":{"start":{"line":57,"column":4},"end":{"line":57,"column":30}},"32":{"start":{"line":58,"column":4},"end":{"line":58,"column":28}},"33":{"start":{"line":59,"column":4},"end":{"line":59,"column":30}},"34":{"start":{"line":60,"column":4},"end":{"line":60,"column":40}},"35":{"start":{"line":61,"column":4},"end":{"line":61,"column":28}},"36":{"start":{"line":62,"column":4},"end":{"line":62,"column":28}},"37":{"start":{"line":63,"column":4},"end":{"line":63,"column":38}},"38":{"start":{"line":64,"column":4},"end":{"line":64,"column":38}},"39":{"start":{"line":65,"column":4},"end":{"line":65,"column":30}},"40":{"start":{"line":66,"column":4},"end":{"line":66,"column":28}},"41":{"start":{"line":67,"column":4},"end":{"line":67,"column":30}},"42":{"start":{"line":68,"column":4},"end":{"line":68,"column":36}},"43":{"start":{"line":71,"column":4},"end":{"line":76,"column":5}},"44":{"start":{"line":73,"column":12},"end":{"line":73,"column":24}},"45":{"start":{"line":75,"column":12},"end":{"line":75,"column":25}},"46":{"start":{"line":78,"column":0},"end":{"line":78,"column":44}},"47":{"start":{"line":80,"column":4},"end":{"line":121,"column":5}},"48":{"start":{"line":81,"column":8},"end":{"line":81,"column":22}},"49":{"start":{"line":83,"column":9},"end":{"line":121,"column":5}},"50":{"start":{"line":84,"column":8},"end":{"line":84,"column":21}},"51":{"start":{"line":86,"column":9},"end":{"line":121,"column":5}},"52":{"start":{"line":87,"column":8},"end":{"line":87,"column":28}},"53":{"start":{"line":89,"column":9},"end":{"line":121,"column":5}},"54":{"start":{"line":90,"column":8},"end":{"line":90,"column":28}},"55":{"start":{"line":92,"column":9},"end":{"line":121,"column":5}},"56":{"start":{"line":93,"column":8},"end":{"line":93,"column":21}},"57":{"start":{"line":95,"column":9},"end":{"line":121,"column":5}},"58":{"start":{"line":96,"column":8},"end":{"line":96,"column":22}},"59":{"start":{"line":98,"column":9},"end":{"line":121,"column":5}},"60":{"start":{"line":99,"column":8},"end":{"line":99,"column":21}},"61":{"start":{"line":101,"column":9},"end":{"line":121,"column":5}},"62":{"start":{"line":102,"column":8},"end":{"line":102,"column":21}},"63":{"start":{"line":104,"column":9},"end":{"line":121,"column":5}},"64":{"start":{"line":105,"column":8},"end":{"line":105,"column":21}},"65":{"start":{"line":107,"column":9},"end":{"line":121,"column":5}},"66":{"start":{"line":108,"column":8},"end":{"line":108,"column":26}},"67":{"start":{"line":110,"column":9},"end":{"line":121,"column":5}},"68":{"start":{"line":111,"column":8},"end":{"line":111,"column":22}},"69":{"start":{"line":113,"column":9},"end":{"line":121,"column":5}},"70":{"start":{"line":114,"column":8},"end":{"line":114,"column":22}},"71":{"start":{"line":116,"column":9},"end":{"line":121,"column":5}},"72":{"start":{"line":117,"column":8},"end":{"line":117,"column":21}},"73":{"start":{"line":119,"column":9},"end":{"line":121,"column":5}},"74":{"start":{"line":120,"column":8},"end":{"line":120,"column":22}},"75":{"start":{"line":122,"column":4},"end":{"line":122,"column":14}},"76":{"start":{"line":124,"column":0},"end":{"line":124,"column":50}},"77":{"start":{"line":126,"column":4},"end":{"line":167,"column":5}},"78":{"start":{"line":127,"column":8},"end":{"line":127,"column":22}},"79":{"start":{"line":129,"column":9},"end":{"line":167,"column":5}},"80":{"start":{"line":130,"column":8},"end":{"line":130,"column":21}},"81":{"start":{"line":132,"column":9},"end":{"line":167,"column":5}},"82":{"start":{"line":133,"column":8},"end":{"line":133,"column":28}},"83":{"start":{"line":135,"column":9},"end":{"line":167,"column":5}},"84":{"start":{"line":136,"column":8},"end":{"line":136,"column":28}},"85":{"start":{"line":138,"column":9},"end":{"line":167,"column":5}},"86":{"start":{"line":139,"column":8},"end":{"line":139,"column":19}},"87":{"start":{"line":141,"column":9},"end":{"line":167,"column":5}},"88":{"start":{"line":142,"column":8},"end":{"line":142,"column":21}},"89":{"start":{"line":144,"column":9},"end":{"line":167,"column":5}},"90":{"start":{"line":145,"column":8},"end":{"line":145,"column":34}},"91":{"start":{"line":147,"column":9},"end":{"line":167,"column":5}},"92":{"start":{"line":148,"column":8},"end":{"line":148,"column":29}},"93":{"start":{"line":150,"column":9},"end":{"line":167,"column":5}},"94":{"start":{"line":151,"column":8},"end":{"line":151,"column":26}},"95":{"start":{"line":153,"column":9},"end":{"line":167,"column":5}},"96":{"start":{"line":154,"column":8},"end":{"line":154,"column":22}},"97":{"start":{"line":156,"column":9},"end":{"line":167,"column":5}},"98":{"start":{"line":157,"column":8},"end":{"line":157,"column":26}},"99":{"start":{"line":159,"column":9},"end":{"line":167,"column":5}},"100":{"start":{"line":160,"column":8},"end":{"line":160,"column":22}},"101":{"start":{"line":162,"column":9},"end":{"line":167,"column":5}},"102":{"start":{"line":163,"column":8},"end":{"line":163,"column":21}},"103":{"start":{"line":165,"column":9},"end":{"line":167,"column":5}},"104":{"start":{"line":166,"column":8},"end":{"line":166,"column":22}},"105":{"start":{"line":168,"column":4},"end":{"line":168,"column":14}},"106":{"start":{"line":170,"column":0},"end":{"line":170,"column":42}},"107":{"start":{"line":172,"column":4},"end":{"line":213,"column":5}},"108":{"start":{"line":173,"column":8},"end":{"line":173,"column":22}},"109":{"start":{"line":175,"column":9},"end":{"line":213,"column":5}},"110":{"start":{"line":176,"column":8},"end":{"line":176,"column":21}},"111":{"start":{"line":178,"column":9},"end":{"line":213,"column":5}},"112":{"start":{"line":179,"column":8},"end":{"line":179,"column":20}},"113":{"start":{"line":181,"column":9},"end":{"line":213,"column":5}},"114":{"start":{"line":182,"column":8},"end":{"line":182,"column":20}},"115":{"start":{"line":184,"column":9},"end":{"line":213,"column":5}},"116":{"start":{"line":185,"column":8},"end":{"line":185,"column":19}},"117":{"start":{"line":187,"column":9},"end":{"line":213,"column":5}},"118":{"start":{"line":188,"column":8},"end":{"line":188,"column":21}},"119":{"start":{"line":190,"column":9},"end":{"line":213,"column":5}},"120":{"start":{"line":191,"column":8},"end":{"line":191,"column":21}},"121":{"start":{"line":193,"column":9},"end":{"line":213,"column":5}},"122":{"start":{"line":194,"column":8},"end":{"line":194,"column":22}},"123":{"start":{"line":196,"column":9},"end":{"line":213,"column":5}},"124":{"start":{"line":197,"column":8},"end":{"line":197,"column":20}},"125":{"start":{"line":199,"column":9},"end":{"line":213,"column":5}},"126":{"start":{"line":200,"column":8},"end":{"line":200,"column":20}},"127":{"start":{"line":202,"column":9},"end":{"line":213,"column":5}},"128":{"start":{"line":203,"column":8},"end":{"line":203,"column":22}},"129":{"start":{"line":205,"column":9},"end":{"line":213,"column":5}},"130":{"start":{"line":206,"column":8},"end":{"line":206,"column":22}},"131":{"start":{"line":208,"column":9},"end":{"line":213,"column":5}},"132":{"start":{"line":209,"column":8},"end":{"line":209,"column":21}},"133":{"start":{"line":211,"column":9},"end":{"line":213,"column":5}},"134":{"start":{"line":212,"column":8},"end":{"line":212,"column":22}},"135":{"start":{"line":214,"column":4},"end":{"line":214,"column":14}},"136":{"start":{"line":216,"column":0},"end":{"line":216,"column":52}},"137":{"start":{"line":218,"column":4},"end":{"line":218,"column":55}},"138":{"start":{"line":220,"column":0},"end":{"line":220,"column":52}},"139":{"start":{"line":222,"column":4},"end":{"line":263,"column":5}},"140":{"start":{"line":223,"column":8},"end":{"line":223,"column":29}},"141":{"start":{"line":225,"column":9},"end":{"line":263,"column":5}},"142":{"start":{"line":226,"column":8},"end":{"line":226,"column":28}},"143":{"start":{"line":228,"column":9},"end":{"line":263,"column":5}},"144":{"start":{"line":229,"column":8},"end":{"line":229,"column":35}},"145":{"start":{"line":231,"column":9},"end":{"line":263,"column":5}},"146":{"start":{"line":232,"column":8},"end":{"line":232,"column":35}},"147":{"start":{"line":234,"column":9},"end":{"line":263,"column":5}},"148":{"start":{"line":235,"column":8},"end":{"line":235,"column":26}},"149":{"start":{"line":237,"column":9},"end":{"line":263,"column":5}},"150":{"start":{"line":238,"column":8},"end":{"line":238,"column":28}},"151":{"start":{"line":240,"column":9},"end":{"line":263,"column":5}},"152":{"start":{"line":241,"column":8},"end":{"line":241,"column":28}},"153":{"start":{"line":243,"column":9},"end":{"line":263,"column":5}},"154":{"start":{"line":244,"column":8},"end":{"line":244,"column":29}},"155":{"start":{"line":246,"column":9},"end":{"line":263,"column":5}},"156":{"start":{"line":247,"column":8},"end":{"line":247,"column":33}},"157":{"start":{"line":249,"column":9},"end":{"line":263,"column":5}},"158":{"start":{"line":250,"column":8},"end":{"line":250,"column":29}},"159":{"start":{"line":252,"column":9},"end":{"line":263,"column":5}},"160":{"start":{"line":253,"column":8},"end":{"line":253,"column":33}},"161":{"start":{"line":255,"column":9},"end":{"line":263,"column":5}},"162":{"start":{"line":256,"column":8},"end":{"line":256,"column":29}},"163":{"start":{"line":258,"column":9},"end":{"line":263,"column":5}},"164":{"start":{"line":259,"column":8},"end":{"line":259,"column":28}},"165":{"start":{"line":261,"column":9},"end":{"line":263,"column":5}},"166":{"start":{"line":262,"column":8},"end":{"line":262,"column":29}},"167":{"start":{"line":264,"column":4},"end":{"line":264,"column":16}},"168":{"start":{"line":266,"column":0},"end":{"line":266,"column":52}},"169":{"start":{"line":268,"column":4},"end":{"line":285,"column":5}},"170":{"start":{"line":269,"column":8},"end":{"line":269,"column":27}},"171":{"start":{"line":271,"column":9},"end":{"line":285,"column":5}},"172":{"start":{"line":272,"column":8},"end":{"line":272,"column":40}},"173":{"start":{"line":274,"column":9},"end":{"line":285,"column":5}},"174":{"start":{"line":275,"column":8},"end":{"line":275,"column":34}},"175":{"start":{"line":277,"column":9},"end":{"line":285,"column":5}},"176":{"start":{"line":278,"column":8},"end":{"line":278,"column":34}},"177":{"start":{"line":280,"column":9},"end":{"line":285,"column":5}},"178":{"start":{"line":281,"column":8},"end":{"line":281,"column":28}},"179":{"start":{"line":283,"column":9},"end":{"line":285,"column":5}},"180":{"start":{"line":284,"column":8},"end":{"line":284,"column":31}},"181":{"start":{"line":286,"column":4},"end":{"line":286,"column":14}},"182":{"start":{"line":288,"column":0},"end":{"line":288,"column":50}},"183":{"start":{"line":290,"column":4},"end":{"line":304,"column":5}},"184":{"start":{"line":291,"column":8},"end":{"line":291,"column":29}},"185":{"start":{"line":293,"column":9},"end":{"line":304,"column":5}},"186":{"start":{"line":294,"column":8},"end":{"line":294,"column":35}},"187":{"start":{"line":296,"column":9},"end":{"line":304,"column":5}},"188":{"start":{"line":297,"column":8},"end":{"line":297,"column":29}},"189":{"start":{"line":299,"column":9},"end":{"line":304,"column":5}},"190":{"start":{"line":300,"column":8},"end":{"line":300,"column":33}},"191":{"start":{"line":302,"column":9},"end":{"line":304,"column":5}},"192":{"start":{"line":303,"column":8},"end":{"line":303,"column":29}},"193":{"start":{"line":305,"column":4},"end":{"line":305,"column":28}},"194":{"start":{"line":307,"column":0},"end":{"line":307,"column":50}},"195":{"start":{"line":309,"column":4},"end":{"line":344,"column":5}},"196":{"start":{"line":310,"column":8},"end":{"line":310,"column":43}},"197":{"start":{"line":312,"column":9},"end":{"line":344,"column":5}},"198":{"start":{"line":313,"column":8},"end":{"line":313,"column":43}},"199":{"start":{"line":315,"column":9},"end":{"line":344,"column":5}},"200":{"start":{"line":316,"column":8},"end":{"line":316,"column":34}},"201":{"start":{"line":318,"column":9},"end":{"line":344,"column":5}},"202":{"start":{"line":319,"column":8},"end":{"line":319,"column":36}},"203":{"start":{"line":321,"column":9},"end":{"line":344,"column":5}},"204":{"start":{"line":322,"column":8},"end":{"line":322,"column":37}},"205":{"start":{"line":324,"column":9},"end":{"line":344,"column":5}},"206":{"start":{"line":325,"column":8},"end":{"line":325,"column":41}},"207":{"start":{"line":327,"column":9},"end":{"line":344,"column":5}},"208":{"start":{"line":328,"column":8},"end":{"line":328,"column":37}},"209":{"start":{"line":330,"column":9},"end":{"line":344,"column":5}},"210":{"start":{"line":331,"column":8},"end":{"line":331,"column":36}},"211":{"start":{"line":333,"column":9},"end":{"line":344,"column":5}},"212":{"start":{"line":334,"column":8},"end":{"line":334,"column":29}},"213":{"start":{"line":336,"column":9},"end":{"line":344,"column":5}},"214":{"start":{"line":337,"column":8},"end":{"line":337,"column":37}},"215":{"start":{"line":339,"column":9},"end":{"line":344,"column":5}},"216":{"start":{"line":340,"column":8},"end":{"line":340,"column":37}},"217":{"start":{"line":342,"column":9},"end":{"line":344,"column":5}},"218":{"start":{"line":343,"column":8},"end":{"line":343,"column":36}},"219":{"start":{"line":345,"column":4},"end":{"line":345,"column":31}},"220":{"start":{"line":347,"column":0},"end":{"line":347,"column":48}},"221":{"start":{"line":350,"column":8},"end":{"line":350,"column":28}},"222":{"start":{"line":351,"column":8},"end":{"line":351,"column":25}},"223":{"start":{"line":354,"column":8},"end":{"line":356,"column":9}},"224":{"start":{"line":355,"column":12},"end":{"line":355,"column":19}},"225":{"start":{"line":357,"column":8},"end":{"line":357,"column":38}},"226":{"start":{"line":360,"column":18},"end":{"line":360,"column":50}},"227":{"start":{"line":361,"column":8},"end":{"line":363,"column":9}},"228":{"start":{"line":362,"column":12},"end":{"line":362,"column":49}},"229":{"start":{"line":364,"column":8},"end":{"line":364,"column":36}},"230":{"start":{"line":368,"column":8},"end":{"line":370,"column":11}},"231":{"start":{"line":369,"column":12},"end":{"line":369,"column":29}},"232":{"start":{"line":373,"column":0},"end":{"line":373,"column":42}},"233":{"start":{"line":375,"column":4},"end":{"line":379,"column":5}},"234":{"start":{"line":376,"column":41},"end":{"line":376,"column":55}},"235":{"start":{"line":377,"column":44},"end":{"line":377,"column":61}},"236":{"start":{"line":378,"column":42},"end":{"line":378,"column":57}},"237":{"start":{"line":381,"column":14},"end":{"line":381,"column":15}},"238":{"start":{"line":383,"column":4},"end":{"line":383,"column":21}},"239":{"start":{"line":387,"column":8},"end":{"line":387,"column":25}},"240":{"start":{"line":388,"column":8},"end":{"line":388,"column":39}},"241":{"start":{"line":389,"column":8},"end":{"line":389,"column":33}},"242":{"start":{"line":390,"column":8},"end":{"line":390,"column":29}},"243":{"start":{"line":391,"column":8},"end":{"line":391,"column":40}},"244":{"start":{"line":394,"column":8},"end":{"line":394,"column":154}},"245":{"start":{"line":397,"column":0},"end":{"line":397,"column":26}},"246":{"start":{"line":403,"column":8},"end":{"line":403,"column":29}},"247":{"start":{"line":404,"column":8},"end":{"line":404,"column":38}},"248":{"start":{"line":409,"column":8},"end":{"line":409,"column":33}},"249":{"start":{"line":410,"column":8},"end":{"line":410,"column":71}},"250":{"start":{"line":411,"column":8},"end":{"line":411,"column":75}},"251":{"start":{"line":412,"column":8},"end":{"line":412,"column":79}},"252":{"start":{"line":413,"column":8},"end":{"line":413,"column":78}},"253":{"start":{"line":414,"column":8},"end":{"line":414,"column":40}},"254":{"start":{"line":415,"column":8},"end":{"line":415,"column":27}},"255":{"start":{"line":416,"column":8},"end":{"line":416,"column":25}},"256":{"start":{"line":417,"column":8},"end":{"line":417,"column":25}},"257":{"start":{"line":418,"column":8},"end":{"line":418,"column":25}},"258":{"start":{"line":419,"column":8},"end":{"line":426,"column":9}},"259":{"start":{"line":420,"column":12},"end":{"line":420,"column":47}},"260":{"start":{"line":421,"column":12},"end":{"line":421,"column":56}},"261":{"start":{"line":424,"column":12},"end":{"line":424,"column":35}},"262":{"start":{"line":425,"column":12},"end":{"line":425,"column":90}},"263":{"start":{"line":427,"column":8},"end":{"line":427,"column":70}},"264":{"start":{"line":428,"column":8},"end":{"line":440,"column":11}},"265":{"start":{"line":431,"column":12},"end":{"line":433,"column":13}},"266":{"start":{"line":432,"column":16},"end":{"line":432,"column":23}},"267":{"start":{"line":434,"column":12},"end":{"line":437,"column":13}},"268":{"start":{"line":435,"column":16},"end":{"line":435,"column":36}},"269":{"start":{"line":436,"column":16},"end":{"line":436,"column":44}},"270":{"start":{"line":438,"column":12},"end":{"line":438,"column":41}},"271":{"start":{"line":439,"column":12},"end":{"line":439,"column":71}},"272":{"start":{"line":441,"column":8},"end":{"line":441,"column":27}},"273":{"start":{"line":444,"column":8},"end":{"line":444,"column":25}},"274":{"start":{"line":445,"column":8},"end":{"line":445,"column":39}},"275":{"start":{"line":446,"column":8},"end":{"line":448,"column":9}},"276":{"start":{"line":447,"column":12},"end":{"line":447,"column":54}},"277":{"start":{"line":451,"column":19},"end":{"line":451,"column":23}},"278":{"start":{"line":452,"column":8},"end":{"line":455,"column":9}},"279":{"start":{"line":453,"column":12},"end":{"line":453,"column":46}},"280":{"start":{"line":454,"column":12},"end":{"line":454,"column":31}},"281":{"start":{"line":458,"column":19},"end":{"line":458,"column":23}},"282":{"start":{"line":459,"column":8},"end":{"line":462,"column":9}},"283":{"start":{"line":460,"column":12},"end":{"line":460,"column":44}},"284":{"start":{"line":461,"column":12},"end":{"line":461,"column":31}},"285":{"start":{"line":465,"column":19},"end":{"line":465,"column":23}},"286":{"start":{"line":466,"column":8},"end":{"line":469,"column":9}},"287":{"start":{"line":467,"column":12},"end":{"line":467,"column":45}},"288":{"start":{"line":468,"column":12},"end":{"line":468,"column":31}},"289":{"start":{"line":472,"column":8},"end":{"line":475,"column":9}},"290":{"start":{"line":473,"column":12},"end":{"line":473,"column":33}},"291":{"start":{"line":474,"column":12},"end":{"line":474,"column":40}},"292":{"start":{"line":478,"column":8},"end":{"line":494,"column":11}},"293":{"start":{"line":479,"column":12},"end":{"line":493,"column":13}},"294":{"start":{"line":480,"column":31},"end":{"line":480,"column":89}},"295":{"start":{"line":481,"column":16},"end":{"line":481,"column":45}},"296":{"start":{"line":482,"column":16},"end":{"line":482,"column":34}},"297":{"start":{"line":483,"column":16},"end":{"line":483,"column":47}},"298":{"start":{"line":484,"column":16},"end":{"line":484,"column":45}},"299":{"start":{"line":485,"column":16},"end":{"line":485,"column":95}},"300":{"start":{"line":486,"column":16},"end":{"line":486,"column":135}},"301":{"start":{"line":487,"column":16},"end":{"line":487,"column":23}},"302":{"start":{"line":490,"column":16},"end":{"line":490,"column":48}},"303":{"start":{"line":491,"column":16},"end":{"line":491,"column":34}},"304":{"start":{"line":492,"column":16},"end":{"line":492,"column":45}},"305":{"start":{"line":497,"column":8},"end":{"line":497,"column":33}},"306":{"start":{"line":498,"column":19},"end":{"line":498,"column":23}},"307":{"start":{"line":499,"column":8},"end":{"line":502,"column":9}},"308":{"start":{"line":500,"column":12},"end":{"line":500,"column":48}},"309":{"start":{"line":501,"column":12},"end":{"line":501,"column":31}},"310":{"start":{"line":505,"column":8},"end":{"line":513,"column":11}},"311":{"start":{"line":506,"column":26},"end":{"line":506,"column":37}},"312":{"start":{"line":507,"column":12},"end":{"line":509,"column":13}},"313":{"start":{"line":508,"column":16},"end":{"line":508,"column":43}},"314":{"start":{"line":510,"column":27},"end":{"line":510,"column":82}},"315":{"start":{"line":511,"column":27},"end":{"line":511,"column":50}},"316":{"start":{"line":512,"column":12},"end":{"line":512,"column":62}},"317":{"start":{"line":516,"column":8},"end":{"line":516,"column":36}},"318":{"start":{"line":517,"column":8},"end":{"line":517,"column":25}},"319":{"start":{"line":518,"column":8},"end":{"line":518,"column":35}},"320":{"start":{"line":519,"column":8},"end":{"line":519,"column":34}},"321":{"start":{"line":522,"column":8},"end":{"line":527,"column":9}},"322":{"start":{"line":523,"column":28},"end":{"line":523,"column":45}},"323":{"start":{"line":524,"column":12},"end":{"line":526,"column":13}},"324":{"start":{"line":525,"column":16},"end":{"line":525,"column":55}},"325":{"start":{"line":528,"column":8},"end":{"line":528,"column":25}},"326":{"start":{"line":531,"column":21},"end":{"line":531,"column":32}},"327":{"start":{"line":532,"column":8},"end":{"line":539,"column":9}},"328":{"start":{"line":533,"column":12},"end":{"line":535,"column":13}},"329":{"start":{"line":534,"column":16},"end":{"line":534,"column":39}},"330":{"start":{"line":536,"column":12},"end":{"line":538,"column":13}},"331":{"start":{"line":537,"column":16},"end":{"line":537,"column":30}},"332":{"start":{"line":540,"column":8},"end":{"line":540,"column":20}},"333":{"start":{"line":543,"column":20},"end":{"line":543,"column":21}},"334":{"start":{"line":544,"column":21},"end":{"line":544,"column":32}},"335":{"start":{"line":545,"column":8},"end":{"line":548,"column":9}},"336":{"start":{"line":546,"column":12},"end":{"line":546,"column":35}},"337":{"start":{"line":547,"column":12},"end":{"line":547,"column":20}},"338":{"start":{"line":549,"column":8},"end":{"line":549,"column":21}},"339":{"start":{"line":555,"column":21},"end":{"line":555,"column":23}},"340":{"start":{"line":556,"column":21},"end":{"line":556,"column":32}},"341":{"start":{"line":557,"column":8},"end":{"line":560,"column":9}},"342":{"start":{"line":558,"column":12},"end":{"line":558,"column":38}},"343":{"start":{"line":559,"column":12},"end":{"line":559,"column":35}},"344":{"start":{"line":561,"column":8},"end":{"line":561,"column":29}},"345":{"start":{"line":562,"column":8},"end":{"line":562,"column":30}},"346":{"start":{"line":565,"column":8},"end":{"line":586,"column":11}},"347":{"start":{"line":566,"column":12},"end":{"line":568,"column":13}},"348":{"start":{"line":567,"column":16},"end":{"line":567,"column":23}},"349":{"start":{"line":569,"column":12},"end":{"line":584,"column":13}},"350":{"start":{"line":570,"column":16},"end":{"line":579,"column":17}},"351":{"start":{"line":571,"column":20},"end":{"line":578,"column":21}},"352":{"start":{"line":572,"column":37},"end":{"line":572,"column":104}},"353":{"start":{"line":573,"column":24},"end":{"line":573,"column":42}},"354":{"start":{"line":574,"column":24},"end":{"line":574,"column":41}},"355":{"start":{"line":577,"column":24},"end":{"line":577,"column":57}},"356":{"start":{"line":582,"column":16},"end":{"line":582,"column":51}},"357":{"start":{"line":583,"column":16},"end":{"line":583,"column":34}},"358":{"start":{"line":585,"column":12},"end":{"line":585,"column":39}},"359":{"start":{"line":589,"column":8},"end":{"line":589,"column":42}},"360":{"start":{"line":592,"column":21},"end":{"line":592,"column":32}},"361":{"start":{"line":593,"column":8},"end":{"line":598,"column":9}},"362":{"start":{"line":594,"column":12},"end":{"line":596,"column":13}},"363":{"start":{"line":595,"column":16},"end":{"line":595,"column":28}},"364":{"start":{"line":597,"column":12},"end":{"line":597,"column":35}},"365":{"start":{"line":599,"column":8},"end":{"line":599,"column":21}},"366":{"start":{"line":602,"column":0},"end":{"line":602,"column":20}},"367":{"start":{"line":605,"column":8},"end":{"line":605,"column":40}},"368":{"start":{"line":606,"column":8},"end":{"line":606,"column":27}},"369":{"start":{"line":607,"column":8},"end":{"line":607,"column":27}},"370":{"start":{"line":608,"column":8},"end":{"line":608,"column":77}},"371":{"start":{"line":611,"column":24},"end":{"line":611,"column":28}},"372":{"start":{"line":612,"column":8},"end":{"line":615,"column":9}},"373":{"start":{"line":613,"column":12},"end":{"line":613,"column":53}},"374":{"start":{"line":614,"column":12},"end":{"line":614,"column":41}},"375":{"start":{"line":618,"column":8},"end":{"line":633,"column":9}},"376":{"start":{"line":619,"column":12},"end":{"line":629,"column":15}},"377":{"start":{"line":620,"column":16},"end":{"line":622,"column":17}},"378":{"start":{"line":621,"column":20},"end":{"line":621,"column":33}},"379":{"start":{"line":623,"column":16},"end":{"line":628,"column":17}},"380":{"start":{"line":624,"column":20},"end":{"line":624,"column":73}},"381":{"start":{"line":627,"column":20},"end":{"line":627,"column":29}},"382":{"start":{"line":632,"column":12},"end":{"line":632,"column":38}},"383":{"start":{"line":636,"column":8},"end":{"line":641,"column":19}},"384":{"start":{"line":637,"column":12},"end":{"line":639,"column":13}},"385":{"start":{"line":638,"column":16},"end":{"line":638,"column":29}},"386":{"start":{"line":640,"column":12},"end":{"line":640,"column":24}},"387":{"start":{"line":644,"column":8},"end":{"line":644,"column":44}},"388":{"start":{"line":645,"column":8},"end":{"line":645,"column":58}},"389":{"start":{"line":646,"column":8},"end":{"line":646,"column":33}},"390":{"start":{"line":647,"column":8},"end":{"line":647,"column":27}},"391":{"start":{"line":648,"column":8},"end":{"line":648,"column":43}},"392":{"start":{"line":651,"column":8},"end":{"line":651,"column":44}},"393":{"start":{"line":652,"column":18},"end":{"line":652,"column":45}},"394":{"start":{"line":653,"column":8},"end":{"line":653,"column":30}},"395":{"start":{"line":654,"column":8},"end":{"line":654,"column":35}},"396":{"start":{"line":655,"column":8},"end":{"line":655,"column":27}},"397":{"start":{"line":656,"column":8},"end":{"line":656,"column":43}},"398":{"start":{"line":659,"column":8},"end":{"line":661,"column":9}},"399":{"start":{"line":660,"column":12},"end":{"line":660,"column":35}},"400":{"start":{"line":662,"column":24},"end":{"line":662,"column":28}},"401":{"start":{"line":663,"column":8},"end":{"line":674,"column":9}},"402":{"start":{"line":664,"column":25},"end":{"line":664,"column":37}},"403":{"start":{"line":665,"column":23},"end":{"line":665,"column":56}},"404":{"start":{"line":666,"column":12},"end":{"line":673,"column":13}},"405":{"start":{"line":667,"column":16},"end":{"line":667,"column":33}},"406":{"start":{"line":670,"column":16},"end":{"line":670,"column":43}},"407":{"start":{"line":671,"column":16},"end":{"line":671,"column":40}},"408":{"start":{"line":672,"column":16},"end":{"line":672,"column":33}},"409":{"start":{"line":675,"column":8},"end":{"line":675,"column":54}},"410":{"start":{"line":676,"column":8},"end":{"line":676,"column":25}},"411":{"start":{"line":679,"column":8},"end":{"line":681,"column":9}},"412":{"start":{"line":680,"column":12},"end":{"line":680,"column":35}},"413":{"start":{"line":682,"column":24},"end":{"line":682,"column":28}},"414":{"start":{"line":683,"column":8},"end":{"line":685,"column":9}},"415":{"start":{"line":684,"column":12},"end":{"line":684,"column":74}},"416":{"start":{"line":686,"column":21},"end":{"line":686,"column":42}},"417":{"start":{"line":687,"column":19},"end":{"line":687,"column":42}},"418":{"start":{"line":688,"column":8},"end":{"line":694,"column":9}},"419":{"start":{"line":689,"column":12},"end":{"line":689,"column":46}},"420":{"start":{"line":692,"column":12},"end":{"line":692,"column":57}},"421":{"start":{"line":693,"column":12},"end":{"line":693,"column":36}},"422":{"start":{"line":695,"column":8},"end":{"line":695,"column":39}},"423":{"start":{"line":696,"column":8},"end":{"line":696,"column":20}},"424":{"start":{"line":699,"column":8},"end":{"line":701,"column":11}},"425":{"start":{"line":700,"column":12},"end":{"line":700,"column":38}},"426":{"start":{"line":704,"column":8},"end":{"line":706,"column":9}},"427":{"start":{"line":705,"column":12},"end":{"line":705,"column":35}},"428":{"start":{"line":707,"column":21},"end":{"line":707,"column":52}},"429":{"start":{"line":708,"column":8},"end":{"line":715,"column":9}},"430":{"start":{"line":709,"column":12},"end":{"line":714,"column":13}},"431":{"start":{"line":710,"column":16},"end":{"line":710,"column":51}},"432":{"start":{"line":713,"column":16},"end":{"line":713,"column":28}},"433":{"start":{"line":716,"column":8},"end":{"line":716,"column":20}},"434":{"start":{"line":719,"column":21},"end":{"line":719,"column":23}},"435":{"start":{"line":721,"column":12},"end":{"line":723,"column":13}},"436":{"start":{"line":722,"column":16},"end":{"line":722,"column":30}},"437":{"start":{"line":724,"column":12},"end":{"line":732,"column":15}},"438":{"start":{"line":725,"column":29},"end":{"line":725,"column":47}},"439":{"start":{"line":726,"column":16},"end":{"line":731,"column":17}},"440":{"start":{"line":727,"column":20},"end":{"line":727,"column":40}},"441":{"start":{"line":730,"column":20},"end":{"line":730,"column":36}},"442":{"start":{"line":734,"column":8},"end":{"line":734,"column":26}},"443":{"start":{"line":735,"column":8},"end":{"line":735,"column":20}},"444":{"start":{"line":738,"column":19},"end":{"line":738,"column":53}},"445":{"start":{"line":739,"column":8},"end":{"line":739,"column":58}},"446":{"start":{"line":739,"column":42},"end":{"line":739,"column":56}},"447":{"start":{"line":742,"column":8},"end":{"line":742,"column":66}},"448":{"start":{"line":742,"column":46},"end":{"line":742,"column":64}},"449":{"start":{"line":745,"column":0},"end":{"line":745,"column":30}},"450":{"start":{"line":748,"column":8},"end":{"line":748,"column":25}},"451":{"start":{"line":749,"column":8},"end":{"line":749,"column":70}},"452":{"start":{"line":750,"column":8},"end":{"line":750,"column":62}},"453":{"start":{"line":751,"column":8},"end":{"line":751,"column":70}},"454":{"start":{"line":752,"column":8},"end":{"line":752,"column":31}},"455":{"start":{"line":755,"column":8},"end":{"line":755,"column":38}},"456":{"start":{"line":758,"column":8},"end":{"line":760,"column":9}},"457":{"start":{"line":759,"column":12},"end":{"line":759,"column":55}},"458":{"start":{"line":761,"column":8},"end":{"line":761,"column":18}},"459":{"start":{"line":764,"column":8},"end":{"line":764,"column":33}},"460":{"start":{"line":765,"column":8},"end":{"line":765,"column":42}},"461":{"start":{"line":768,"column":8},"end":{"line":768,"column":42}},"462":{"start":{"line":769,"column":8},"end":{"line":769,"column":26}},"463":{"start":{"line":770,"column":8},"end":{"line":770,"column":42}},"464":{"start":{"line":773,"column":0},"end":{"line":773,"column":26}},"465":{"start":{"line":774,"column":20},"end":{"line":774,"column":33}},"466":{"start":{"line":777,"column":8},"end":{"line":777,"column":23}},"467":{"start":{"line":780,"column":8},"end":{"line":780,"column":24}},"468":{"start":{"line":783,"column":8},"end":{"line":785,"column":9}},"469":{"start":{"line":784,"column":12},"end":{"line":784,"column":40}},"470":{"start":{"line":786,"column":20},"end":{"line":786,"column":37}},"471":{"start":{"line":787,"column":8},"end":{"line":787,"column":34}},"472":{"start":{"line":788,"column":8},"end":{"line":788,"column":19}},"473":{"start":{"line":791,"column":0},"end":{"line":791,"column":28}}},"fnMap":{"0":{"name":"(anonymous_0)","decl":{"start":{"line":22,"column":44},"end":{"line":22,"column":45}},"loc":{"start":{"line":22,"column":89},"end":{"line":29,"column":1}},"line":22},"1":{"name":"(anonymous_1)","decl":{"start":{"line":23,"column":36},"end":{"line":23,"column":37}},"loc":{"start":{"line":23,"column":63},"end":{"line":28,"column":5}},"line":23},"2":{"name":"fulfilled","decl":{"start":{"line":24,"column":17},"end":{"line":24,"column":26}},"loc":{"start":{"line":24,"column":34},"end":{"line":24,"column":99}},"line":24},"3":{"name":"rejected","decl":{"start":{"line":25,"column":17},"end":{"line":25,"column":25}},"loc":{"start":{"line":25,"column":33},"end":{"line":25,"column":102}},"line":25},"4":{"name":"step","decl":{"start":{"line":26,"column":17},"end":{"line":26,"column":21}},"loc":{"start":{"line":26,"column":30},"end":{"line":26,"column":151}},"line":26},"5":{"name":"(anonymous_5)","decl":{"start":{"line":26,"column":76},"end":{"line":26,"column":77}},"loc":{"start":{"line":26,"column":95},"end":{"line":26,"column":121}},"line":26},"6":{"name":"shallowCompare","decl":{"start":{"line":34,"column":9},"end":{"line":34,"column":23}},"loc":{"start":{"line":34,"column":30},"end":{"line":47,"column":1}},"line":34},"7":{"name":"(anonymous_7)","decl":{"start":{"line":50,"column":1},"end":{"line":50,"column":2}},"loc":{"start":{"line":50,"column":21},"end":{"line":69,"column":1}},"line":50},"8":{"name":"isBinaryFileType","decl":{"start":{"line":70,"column":9},"end":{"line":70,"column":25}},"loc":{"start":{"line":70,"column":32},"end":{"line":77,"column":1}},"line":70},"9":{"name":"languageForFileType","decl":{"start":{"line":79,"column":9},"end":{"line":79,"column":28}},"loc":{"start":{"line":79,"column":35},"end":{"line":123,"column":1}},"line":79},"10":{"name":"nameForFileType","decl":{"start":{"line":125,"column":9},"end":{"line":125,"column":24}},"loc":{"start":{"line":125,"column":31},"end":{"line":169,"column":1}},"line":125},"11":{"name":"extensionForFileType","decl":{"start":{"line":171,"column":9},"end":{"line":171,"column":29}},"loc":{"start":{"line":171,"column":36},"end":{"line":215,"column":1}},"line":171},"12":{"name":"fileTypeFromFileName","decl":{"start":{"line":217,"column":9},"end":{"line":217,"column":29}},"loc":{"start":{"line":217,"column":36},"end":{"line":219,"column":1}},"line":217},"13":{"name":"fileTypeForExtension","decl":{"start":{"line":221,"column":9},"end":{"line":221,"column":29}},"loc":{"start":{"line":221,"column":41},"end":{"line":265,"column":1}},"line":221},"14":{"name":"mimeTypeForFileType","decl":{"start":{"line":267,"column":9},"end":{"line":267,"column":28}},"loc":{"start":{"line":267,"column":35},"end":{"line":287,"column":1}},"line":267},"15":{"name":"fileTypeForMimeType","decl":{"start":{"line":289,"column":9},"end":{"line":289,"column":28}},"loc":{"start":{"line":289,"column":35},"end":{"line":306,"column":1}},"line":289},"16":{"name":"getIconForFileType","decl":{"start":{"line":308,"column":9},"end":{"line":308,"column":27}},"loc":{"start":{"line":308,"column":38},"end":{"line":346,"column":1}},"line":308},"17":{"name":"(anonymous_17)","decl":{"start":{"line":349,"column":4},"end":{"line":349,"column":5}},"loc":{"start":{"line":349,"column":22},"end":{"line":352,"column":5}},"line":349},"18":{"name":"(anonymous_18)","decl":{"start":{"line":353,"column":4},"end":{"line":353,"column":5}},"loc":{"start":{"line":353,"column":23},"end":{"line":358,"column":5}},"line":353},"19":{"name":"(anonymous_19)","decl":{"start":{"line":359,"column":4},"end":{"line":359,"column":5}},"loc":{"start":{"line":359,"column":25},"end":{"line":365,"column":5}},"line":359},"20":{"name":"(anonymous_20)","decl":{"start":{"line":366,"column":4},"end":{"line":366,"column":5}},"loc":{"start":{"line":366,"column":21},"end":{"line":371,"column":5}},"line":366},"21":{"name":"(anonymous_21)","decl":{"start":{"line":368,"column":31},"end":{"line":368,"column":32}},"loc":{"start":{"line":368,"column":43},"end":{"line":370,"column":9}},"line":368},"22":{"name":"monacoSeverityToString","decl":{"start":{"line":374,"column":9},"end":{"line":374,"column":31}},"loc":{"start":{"line":374,"column":42},"end":{"line":380,"column":1}},"line":374},"23":{"name":"getNextKey","decl":{"start":{"line":382,"column":9},"end":{"line":382,"column":19}},"loc":{"start":{"line":382,"column":22},"end":{"line":384,"column":1}},"line":382},"24":{"name":"(anonymous_24)","decl":{"start":{"line":386,"column":4},"end":{"line":386,"column":5}},"loc":{"start":{"line":386,"column":53},"end":{"line":392,"column":5}},"line":386},"25":{"name":"(anonymous_25)","decl":{"start":{"line":393,"column":4},"end":{"line":393,"column":5}},"loc":{"start":{"line":393,"column":36},"end":{"line":395,"column":5}},"line":393},"26":{"name":"(anonymous_26)","decl":{"start":{"line":399,"column":4},"end":{"line":399,"column":5}},"loc":{"start":{"line":399,"column":28},"end":{"line":442,"column":5}},"line":399},"27":{"name":"(anonymous_27)","decl":{"start":{"line":428,"column":39},"end":{"line":428,"column":40}},"loc":{"start":{"line":428,"column":46},"end":{"line":440,"column":9}},"line":428},"28":{"name":"(anonymous_28)","decl":{"start":{"line":443,"column":4},"end":{"line":443,"column":5}},"loc":{"start":{"line":443,"column":51},"end":{"line":449,"column":5}},"line":443},"29":{"name":"(anonymous_29)","decl":{"start":{"line":450,"column":4},"end":{"line":450,"column":5}},"loc":{"start":{"line":450,"column":28},"end":{"line":456,"column":5}},"line":450},"30":{"name":"(anonymous_30)","decl":{"start":{"line":457,"column":4},"end":{"line":457,"column":5}},"loc":{"start":{"line":457,"column":26},"end":{"line":463,"column":5}},"line":457},"31":{"name":"(anonymous_31)","decl":{"start":{"line":464,"column":4},"end":{"line":464,"column":5}},"loc":{"start":{"line":464,"column":27},"end":{"line":470,"column":5}},"line":464},"32":{"name":"(anonymous_32)","decl":{"start":{"line":471,"column":4},"end":{"line":471,"column":5}},"loc":{"start":{"line":471,"column":17},"end":{"line":476,"column":5}},"line":471},"33":{"name":"(anonymous_33)","decl":{"start":{"line":477,"column":4},"end":{"line":477,"column":5}},"loc":{"start":{"line":477,"column":25},"end":{"line":495,"column":5}},"line":477},"34":{"name":"(anonymous_34)","decl":{"start":{"line":478,"column":47},"end":{"line":478,"column":48}},"loc":{"start":{"line":478,"column":60},"end":{"line":494,"column":9}},"line":478},"35":{"name":"(anonymous_35)","decl":{"start":{"line":496,"column":4},"end":{"line":496,"column":5}},"loc":{"start":{"line":496,"column":26},"end":{"line":503,"column":5}},"line":496},"36":{"name":"(anonymous_36)","decl":{"start":{"line":504,"column":4},"end":{"line":504,"column":5}},"loc":{"start":{"line":504,"column":20},"end":{"line":514,"column":5}},"line":504},"37":{"name":"(anonymous_37)","decl":{"start":{"line":505,"column":47},"end":{"line":505,"column":48}},"loc":{"start":{"line":505,"column":60},"end":{"line":513,"column":9}},"line":505},"38":{"name":"(anonymous_38)","decl":{"start":{"line":515,"column":4},"end":{"line":515,"column":5}},"loc":{"start":{"line":515,"column":26},"end":{"line":520,"column":5}},"line":515},"39":{"name":"(anonymous_39)","decl":{"start":{"line":521,"column":4},"end":{"line":521,"column":5}},"loc":{"start":{"line":521,"column":14},"end":{"line":529,"column":5}},"line":521},"40":{"name":"(anonymous_40)","decl":{"start":{"line":530,"column":4},"end":{"line":530,"column":5}},"loc":{"start":{"line":530,"column":17},"end":{"line":541,"column":5}},"line":530},"41":{"name":"(anonymous_41)","decl":{"start":{"line":542,"column":4},"end":{"line":542,"column":5}},"loc":{"start":{"line":542,"column":15},"end":{"line":550,"column":5}},"line":542},"42":{"name":"(anonymous_42)","decl":{"start":{"line":554,"column":4},"end":{"line":554,"column":5}},"loc":{"start":{"line":554,"column":25},"end":{"line":563,"column":5}},"line":554},"43":{"name":"(anonymous_43)","decl":{"start":{"line":564,"column":4},"end":{"line":564,"column":5}},"loc":{"start":{"line":564,"column":17},"end":{"line":587,"column":5}},"line":564},"44":{"name":"(anonymous_44)","decl":{"start":{"line":565,"column":47},"end":{"line":565,"column":48}},"loc":{"start":{"line":565,"column":60},"end":{"line":586,"column":9}},"line":565},"45":{"name":"(anonymous_45)","decl":{"start":{"line":588,"column":4},"end":{"line":588,"column":5}},"loc":{"start":{"line":588,"column":15},"end":{"line":590,"column":5}},"line":588},"46":{"name":"(anonymous_46)","decl":{"start":{"line":591,"column":4},"end":{"line":591,"column":5}},"loc":{"start":{"line":591,"column":28},"end":{"line":600,"column":5}},"line":591},"47":{"name":"(anonymous_47)","decl":{"start":{"line":604,"column":4},"end":{"line":604,"column":5}},"loc":{"start":{"line":604,"column":22},"end":{"line":609,"column":5}},"line":604},"48":{"name":"(anonymous_48)","decl":{"start":{"line":610,"column":4},"end":{"line":610,"column":5}},"loc":{"start":{"line":610,"column":34},"end":{"line":616,"column":5}},"line":610},"49":{"name":"(anonymous_49)","decl":{"start":{"line":617,"column":4},"end":{"line":617,"column":5}},"loc":{"start":{"line":617,"column":68},"end":{"line":634,"column":5}},"line":617},"50":{"name":"(anonymous_50)","decl":{"start":{"line":619,"column":34},"end":{"line":619,"column":35}},"loc":{"start":{"line":619,"column":44},"end":{"line":629,"column":13}},"line":619},"51":{"name":"(anonymous_51)","decl":{"start":{"line":635,"column":4},"end":{"line":635,"column":5}},"loc":{"start":{"line":635,"column":51},"end":{"line":642,"column":5}},"line":635},"52":{"name":"(anonymous_52)","decl":{"start":{"line":636,"column":36},"end":{"line":636,"column":37}},"loc":{"start":{"line":636,"column":46},"end":{"line":641,"column":9}},"line":636},"53":{"name":"(anonymous_53)","decl":{"start":{"line":643,"column":4},"end":{"line":643,"column":5}},"loc":{"start":{"line":643,"column":18},"end":{"line":649,"column":5}},"line":643},"54":{"name":"(anonymous_54)","decl":{"start":{"line":650,"column":4},"end":{"line":650,"column":5}},"loc":{"start":{"line":650,"column":21},"end":{"line":657,"column":5}},"line":650},"55":{"name":"(anonymous_55)","decl":{"start":{"line":658,"column":4},"end":{"line":658,"column":5}},"loc":{"start":{"line":658,"column":23},"end":{"line":677,"column":5}},"line":658},"56":{"name":"(anonymous_56)","decl":{"start":{"line":678,"column":4},"end":{"line":678,"column":5}},"loc":{"start":{"line":678,"column":45},"end":{"line":697,"column":5}},"line":678},"57":{"name":"(anonymous_57)","decl":{"start":{"line":698,"column":4},"end":{"line":698,"column":5}},"loc":{"start":{"line":698,"column":28},"end":{"line":702,"column":5}},"line":698},"58":{"name":"(anonymous_58)","decl":{"start":{"line":699,"column":34},"end":{"line":699,"column":35}},"loc":{"start":{"line":699,"column":44},"end":{"line":701,"column":9}},"line":699},"59":{"name":"(anonymous_59)","decl":{"start":{"line":703,"column":4},"end":{"line":703,"column":5}},"loc":{"start":{"line":703,"column":18},"end":{"line":717,"column":5}},"line":703},"60":{"name":"(anonymous_60)","decl":{"start":{"line":718,"column":4},"end":{"line":718,"column":5}},"loc":{"start":{"line":718,"column":11},"end":{"line":736,"column":5}},"line":718},"61":{"name":"recurse","decl":{"start":{"line":720,"column":17},"end":{"line":720,"column":24}},"loc":{"start":{"line":720,"column":36},"end":{"line":733,"column":9}},"line":720},"62":{"name":"(anonymous_62)","decl":{"start":{"line":724,"column":26},"end":{"line":724,"column":27}},"loc":{"start":{"line":724,"column":34},"end":{"line":732,"column":13}},"line":724},"63":{"name":"(anonymous_63)","decl":{"start":{"line":737,"column":4},"end":{"line":737,"column":5}},"loc":{"start":{"line":737,"column":18},"end":{"line":740,"column":5}},"line":737},"64":{"name":"(anonymous_64)","decl":{"start":{"line":739,"column":34},"end":{"line":739,"column":35}},"loc":{"start":{"line":739,"column":42},"end":{"line":739,"column":56}},"line":739},"65":{"name":"(anonymous_65)","decl":{"start":{"line":741,"column":4},"end":{"line":741,"column":5}},"loc":{"start":{"line":741,"column":23},"end":{"line":743,"column":5}},"line":741},"66":{"name":"(anonymous_66)","decl":{"start":{"line":742,"column":38},"end":{"line":742,"column":39}},"loc":{"start":{"line":742,"column":46},"end":{"line":742,"column":64}},"line":742},"67":{"name":"(anonymous_67)","decl":{"start":{"line":747,"column":4},"end":{"line":747,"column":5}},"loc":{"start":{"line":747,"column":18},"end":{"line":753,"column":5}},"line":747},"68":{"name":"(anonymous_68)","decl":{"start":{"line":754,"column":4},"end":{"line":754,"column":5}},"loc":{"start":{"line":754,"column":16},"end":{"line":756,"column":5}},"line":754},"69":{"name":"(anonymous_69)","decl":{"start":{"line":757,"column":4},"end":{"line":757,"column":5}},"loc":{"start":{"line":757,"column":16},"end":{"line":762,"column":5}},"line":757},"70":{"name":"(anonymous_70)","decl":{"start":{"line":763,"column":4},"end":{"line":763,"column":5}},"loc":{"start":{"line":763,"column":23},"end":{"line":766,"column":5}},"line":763},"71":{"name":"(anonymous_71)","decl":{"start":{"line":767,"column":4},"end":{"line":767,"column":5}},"loc":{"start":{"line":767,"column":16},"end":{"line":771,"column":5}},"line":767},"72":{"name":"(anonymous_72)","decl":{"start":{"line":776,"column":4},"end":{"line":776,"column":5}},"loc":{"start":{"line":776,"column":21},"end":{"line":778,"column":5}},"line":776},"73":{"name":"(anonymous_73)","decl":{"start":{"line":779,"column":4},"end":{"line":779,"column":5}},"loc":{"start":{"line":779,"column":15},"end":{"line":781,"column":5}},"line":779},"74":{"name":"(anonymous_74)","decl":{"start":{"line":782,"column":4},"end":{"line":782,"column":5}},"loc":{"start":{"line":782,"column":23},"end":{"line":789,"column":5}},"line":782}},"branchMap":{"0":{"loc":{"start":{"line":22,"column":16},"end":{"line":29,"column":1}},"type":"binary-expr","locations":[{"start":{"line":22,"column":17},"end":{"line":22,"column":21}},{"start":{"line":22,"column":25},"end":{"line":22,"column":39}},{"start":{"line":22,"column":44},"end":{"line":29,"column":1}}],"line":22},"1":{"loc":{"start":{"line":23,"column":16},"end":{"line":23,"column":34}},"type":"binary-expr","locations":[{"start":{"line":23,"column":16},"end":{"line":23,"column":17}},{"start":{"line":23,"column":22},"end":{"line":23,"column":33}}],"line":23},"2":{"loc":{"start":{"line":26,"column":32},"end":{"line":26,"column":148}},"type":"cond-expr","locations":[{"start":{"line":26,"column":46},"end":{"line":26,"column":67}},{"start":{"line":26,"column":70},"end":{"line":26,"column":148}}],"line":26},"3":{"loc":{"start":{"line":27,"column":51},"end":{"line":27,"column":67}},"type":"binary-expr","locations":[{"start":{"line":27,"column":51},"end":{"line":27,"column":61}},{"start":{"line":27,"column":65},"end":{"line":27,"column":67}}],"line":27},"4":{"loc":{"start":{"line":35,"column":4},"end":{"line":37,"column":5}},"type":"if","locations":[{"start":{"line":35,"column":4},"end":{"line":37,"column":5}},{"start":{"line":35,"column":4},"end":{"line":37,"column":5}}],"line":35},"5":{"loc":{"start":{"line":38,"column":4},"end":{"line":40,"column":5}},"type":"if","locations":[{"start":{"line":38,"column":4},"end":{"line":40,"column":5}},{"start":{"line":38,"column":4},"end":{"line":40,"column":5}}],"line":38},"6":{"loc":{"start":{"line":42,"column":8},"end":{"line":44,"column":9}},"type":"if","locations":[{"start":{"line":42,"column":8},"end":{"line":44,"column":9}},{"start":{"line":42,"column":8},"end":{"line":44,"column":9}}],"line":42},"7":{"loc":{"start":{"line":69,"column":14},"end":{"line":69,"column":57}},"type":"binary-expr","locations":[{"start":{"line":69,"column":14},"end":{"line":69,"column":30}},{"start":{"line":69,"column":35},"end":{"line":69,"column":56}}],"line":69},"8":{"loc":{"start":{"line":71,"column":4},"end":{"line":76,"column":5}},"type":"switch","locations":[{"start":{"line":72,"column":8},"end":{"line":73,"column":24}},{"start":{"line":74,"column":8},"end":{"line":75,"column":25}}],"line":71},"9":{"loc":{"start":{"line":80,"column":4},"end":{"line":121,"column":5}},"type":"if","locations":[{"start":{"line":80,"column":4},"end":{"line":121,"column":5}},{"start":{"line":80,"column":4},"end":{"line":121,"column":5}}],"line":80},"10":{"loc":{"start":{"line":83,"column":9},"end":{"line":121,"column":5}},"type":"if","locations":[{"start":{"line":83,"column":9},"end":{"line":121,"column":5}},{"start":{"line":83,"column":9},"end":{"line":121,"column":5}}],"line":83},"11":{"loc":{"start":{"line":86,"column":9},"end":{"line":121,"column":5}},"type":"if","locations":[{"start":{"line":86,"column":9},"end":{"line":121,"column":5}},{"start":{"line":86,"column":9},"end":{"line":121,"column":5}}],"line":86},"12":{"loc":{"start":{"line":89,"column":9},"end":{"line":121,"column":5}},"type":"if","locations":[{"start":{"line":89,"column":9},"end":{"line":121,"column":5}},{"start
[...]
":{"line":25,"column":88},"end":{"line":25,"column":98}},"8":{"start":{"line":26,"column":32},"end":{"line":26,"column":149}},"9":{"start":{"line":26,"column":97},"end":{"line":26,"column":119}},"10":{"start":{"line":27,"column":8},"end":{"line":27,"column":78}},"11":{"start":{"line":30,"column":0},"end":{"line":30,"column":62}},"12":{"start":{"line":31,"column":16},"end":{"line":31,"column":35}},"13":{"start":{"line":32,"column":16},"end":{"line":32,"column":35}},"14":{"start":{"line":33,"column":18},"end":{"line":33,"column":39}},"15":{"start":{"line":34,"column":14},"end":{"line":34,"column":31}},"16":{"start":{"line":36,"column":0},"end":{"line":40,"column":83}},"17":{"start":{"line":37,"column":4},"end":{"line":37,"column":66}},"18":{"start":{"line":38,"column":4},"end":{"line":38,"column":58}},"19":{"start":{"line":39,"column":4},"end":{"line":39,"column":62}},"20":{"start":{"line":42,"column":22},"end":{"line":42,"column":41}},"21":{"start":{"line":43,"column":24},"end":{"line":43,"column":45}},"22":{"start":{"line":44,"column":15},"end":{"line":44,"column":57}},"23":{"start":{"line":45,"column":4},"end":{"line":45,"column":41}},"24":{"start":{"line":52,"column":8},"end":{"line":57,"column":9}},"25":{"start":{"line":53,"column":12},"end":{"line":55,"column":13}},"26":{"start":{"line":54,"column":16},"end":{"line":54,"column":37}},"27":{"start":{"line":56,"column":12},"end":{"line":56,"column":40}},"28":{"start":{"line":58,"column":8},"end":{"line":58,"column":45}},"29":{"start":{"line":60,"column":4},"end":{"line":62,"column":7}},"30":{"start":{"line":65,"column":30},"end":{"line":66,"column":65}},"31":{"start":{"line":68,"column":29},"end":{"line":69,"column":28}},"32":{"start":{"line":70,"column":19},"end":{"line":70,"column":42}},"33":{"start":{"line":72,"column":4},"end":{"line":73,"column":42}},"34":{"start":{"line":76,"column":4},"end":{"line":92,"column":7}},"35":{"start":{"line":77,"column":20},"end":{"line":80,"column":15}},"36":{"start":{"line":81,"column":23},"end":{"line":81,"column":55}},"37":{"start":{"line":83,"column":8},"end":{"line":83,"column":42}},"38":{"start":{"line":84,"column":8},"end":{"line":84,"column":43}},"39":{"start":{"line":85,"column":8},"end":{"line":85,"column":96}},"40":{"start":{"line":86,"column":26},"end":{"line":86,"column":72}},"41":{"start":{"line":87,"column":8},"end":{"line":87,"column":35}},"42":{"start":{"line":88,"column":8},"end":{"line":88,"column":38}},"43":{"start":{"line":89,"column":8},"end":{"line":91,"column":11}},"44":{"start":{"line":90,"column":12},"end":{"line":90,"column":45}},"45":{"start":{"line":94,"column":20},"end":{"line":94,"column":33}},"46":{"start":{"line":95,"column":0},"end":{"line":120,"column":3}},"47":{"start":{"line":96,"column":4},"end":{"line":98,"column":5}},"48":{"start":{"line":97,"column":8},"end":{"line":97,"column":15}},"49":{"start":{"line":99,"column":26},"end":{"line":99,"column":34}},"50":{"start":{"line":100,"column":19},"end":{"line":100,"column":45}},"51":{"start":{"line":101,"column":4},"end":{"line":101,"column":43}},"52":{"start":{"line":102,"column":26},"end":{"line":102,"column":38}},"53":{"start":{"line":103,"column":4},"end":{"line":119,"column":6}},"54":{"start":{"line":104,"column":19},"end":{"line":104,"column":23}},"55":{"start":{"line":105,"column":8},"end":{"line":108,"column":9}},"56":{"start":{"line":106,"column":24},"end":{"line":106,"column":75}},"57":{"start":{"line":107,"column":12},"end":{"line":107,"column":77}},"58":{"start":{"line":109,"column":8},"end":{"line":117,"column":9}},"59":{"start":{"line":110,"column":12},"end":{"line":116,"column":16}},"60":{"start":{"line":118,"column":8},"end":{"line":118,"column":42}},"61":{"start":{"line":121,"column":24},"end":{"line":121,"column":28}},"62":{"start":{"line":123,"column":4},"end":{"line":123,"column":29}},"63":{"start":{"line":124,"column":22},"end":{"line":124,"column":68}},"64":{"start":{"line":125,"column":4},"end":{"line":125,"column":31}},"65":{"start":{"line":128,"column":4},"end":{"line":128,"column":29}},"66":{"start":{"line":130,"column":0},"end":{"line":130,"column":52}},"67":{"start":{"line":132,"column":4},"end":{"line":174,"column":7}},"68":{"start":{"line":133,"column":36},"end":{"line":133,"column":63}},"69":{"start":{"line":134,"column":8},"end":{"line":137,"column":10}},"70":{"start":{"line":139,"column":21},"end":{"line":139,"column":40}},"71":{"start":{"line":140,"column":8},"end":{"line":161,"column":13}},"72":{"start":{"line":162,"column":8},"end":{"line":172,"column":9}},"73":{"start":{"line":163,"column":12},"end":{"line":168,"column":13}},"74":{"start":{"line":164,"column":16},"end":{"line":164,"column":37}},"75":{"start":{"line":167,"column":16},"end":{"line":167,"column":42}},"76":{"start":{"line":170,"column":13},"end":{"line":172,"column":9}},"77":{"start":{"line":171,"column":12},"end":{"line":171,"column":60}},"78":{"start":{"line":173,"column":8},"end":{"line":173,"column":42}},"79":{"start":{"line":176,"column":0},"end":{"line":176,"column":26}}},"fnMap":{"0":{"name":"(anonymous_0)","decl":{"start":{"line":22,"column":44},"end":{"line":22,"column":45}},"loc":{"start":{"line":22,"column":89},"end":{"line":29,"column":1}},"line":22},"1":{"name":"(anonymous_1)","decl":{"start":{"line":23,"column":36},"end":{"line":23,"column":37}},"loc":{"start":{"line":23,"column":63},"end":{"line":28,"column":5}},"line":23},"2":{"name":"fulfilled","decl":{"start":{"line":24,"column":17},"end":{"line":24,"column":26}},"loc":{"start":{"line":24,"column":34},"end":{"line":24,"column":99}},"line":24},"3":{"name":"rejected","decl":{"start":{"line":25,"column":17},"end":{"line":25,"column":25}},"loc":{"start":{"line":25,"column":33},"end":{"line":25,"column":102}},"line":25},"4":{"name":"step","decl":{"start":{"line":26,"column":17},"end":{"line":26,"column":21}},"loc":{"start":{"line":26,"column":30},"end":{"line":26,"column":151}},"line":26},"5":{"name":"(anonymous_5)","decl":{"start":{"line":26,"column":76},"end":{"line":26,"column":77}},"loc":{"start":{"line":26,"column":95},"end":{"line":26,"column":121}},"line":26},"6":{"name":"(anonymous_6)","decl":{"start":{"line":36,"column":1},"end":{"line":36,"column":2}},"loc":{"start":{"line":36,"column":29},"end":{"line":40,"column":1}},"line":36},"7":{"name":"unsafeEval","decl":{"start":{"line":41,"column":9},"end":{"line":41,"column":19}},"loc":{"start":{"line":41,"column":34},"end":{"line":46,"column":1}},"line":41},"8":{"name":"contextify","decl":{"start":{"line":47,"column":9},"end":{"line":47,"column":19}},"loc":{"start":{"line":47,"column":95},"end":{"line":74,"column":1}},"line":47},"9":{"name":"require","decl":{"start":{"line":51,"column":13},"end":{"line":51,"column":20}},"loc":{"start":{"line":51,"column":36},"end":{"line":59,"column":5}},"line":51},"10":{"name":"createSandboxIFrame","decl":{"start":{"line":75,"column":9},"end":{"line":75,"column":28}},"loc":{"start":{"line":75,"column":31},"end":{"line":93,"column":1}},"line":75},"11":{"name":"(anonymous_11)","decl":{"start":{"line":76,"column":43},"end":{"line":76,"column":44}},"loc":{"start":{"line":76,"column":56},"end":{"line":92,"column":5}},"line":76},"12":{"name":"(anonymous_12)","decl":{"start":{"line":89,"column":27},"end":{"line":89,"column":28}},"loc":{"start":{"line":89,"column":40},"end":{"line":91,"column":9}},"line":89},"13":{"name":"(anonymous_13)","decl":{"start":{"line":95,"column":35},"end":{"line":95,"column":36}},"loc":{"start":{"line":95,"column":42},"end":{"line":120,"column":1}},"line":95},"14":{"name":"(anonymous_14)","decl":{"start":{"line":103,"column":26},"end":{"line":103,"column":27}},"loc":{"start":{"line":103,"column":43},"end":{"line":119,"column":5}},"line":103},"15":{"name":"clearCurrentRunnerInfoAndIframe","decl":{"start":{"line":122,"column":9},"end":{"line":122,"column":40}},"loc":{"start":{"line":122,"column":43},"end":{"line":126,"column":1}},"line":122},"16":{"name":"getCurrentRunnerInfo","decl":{"start":{"line":127,"column":9},"end":{"line":127,"column":29}},"loc":{"start":{"line":127,"column":32},"end":{"line":129,"column":1}},"line":127},"17":{"name":"runTask","decl":{"start":{"line":131,"column":9},"end":{"line":131,"column":16}},"loc":{"start":{"line":131,"column":65},"end":{"line":175,"column":1}},"line":131},"18":{"name":"(anonymous_18)","decl":{"start":{"line":132,"column":43},"end":{"line":132,"column":44}},"loc":{"start":{"line":132,"column":56},"end":{"line":174,"column":5}},"line":132}},"branchMap":{"0":{"loc":{"start":{"line":22,"column":16},"end":{"line":29,"column":1}},"type":"binary-expr","locations":[{"start":{"line":22,"column":17},"end":{"line":22,"column":21}},{"start":{"line":22,"column":25},"end":{"line":22,"column":39}},{"start":{"line":22,"column":44},"end":{"line":29,"column":1}}],"line":22},"1":{"loc":{"start":{"line":23,"column":16},"end":{"line":23,"column":34}},"type":"binary-expr","locations":[{"start":{"line":23,"column":16},"end":{"line":23,"column":17}},{"start":{"line":23,"column":22},"end":{"line":23,"column":33}}],"line":23},"2":{"loc":{"start":{"line":26,"column":32},"end":{"line":26,"column":148}},"type":"cond-expr","locations":[{"start":{"line":26,"column":46},"end":{"line":26,"column":67}},{"start":{"line":26,"column":70},"end":{"line":26,"column":148}}],"line":26},"3":{"loc":{"start":{"line":27,"column":51},"end":{"line":27,"column":67}},"type":"binary-expr","locations":[{"start":{"line":27,"column":51},"end":{"line":27,"column":61}},{"start":{"line":27,"column":65},"end":{"line":27,"column":67}}],"line":27},"4":{"loc":{"start":{"line":40,"column":22},"end":{"line":40,"column":81}},"type":"binary-expr","locations":[{"start":{"line":40,"column":22},"end":{"line":40,"column":46}},{"start":{"line":40,"column":51},"end":{"line":40,"column":80}}],"line":40},"5":{"loc":{"start":{"line":47,"column":25},"end":{"line":47,"column":47}},"type":"default-arg","locations":[{"start":{"line":47,"column":41},"end":{"line":47,"column":47}}],"line":47},"6":{"loc":{"start":{"line":47,"column":49},"end":{"line":47,"column":65}},"type":"default-arg","locations":[{"start":{"line":47,"column":59},"end":{"line":47,"column":65}}],"line":47},"7":{"loc":{"start":{"line":47,"column":67},"end":{"line":47,"column":79}},"type":"default-arg","locations":[{"start":{"line":47,"column":77},"end":{"line":47,"column":79}}],"line":47},"8":{"loc":{"start":{"line":47,"column":81},"end":{"line":47,"column":93}},"type":"default-arg","locations":[{"start":{"line":47,"column":91},"end":{"line":47,"column":93}}],"line":47},"9":{"loc":{"start":{"line":52,"column":8},"end":{"line":57,"column":9}},"type":"if","locations":[{"start":{"line":52,"column":8},"end":{"line":57,"column":9}},{"start":{"line":52,"column":8},"end":{"line":57,"column":9}}],"line":52},"10":{"loc":{"start":{"line":53,"column":12},"end":{"line":55,"column":13}},"type":"if","locations":[{"start":{"line":53,"column":12},"end":{"line":55,"column":13}},{"start":{"line":53,"column":12},"end":{"line":55,"column":13}}],"line":53},"11":{"loc":{"start":{"line":70,"column":19},"end":{"line":70,"column":42}},"type":"binary-expr","locations":[{"start":{"line":70,"column":19},"end":{"line":70,"column":32}},{"start":{"line":70,"column":36},"end":{"line":70,"column":42}}],"line":70},"12":{"loc":{"start":{"line":96,"column":4},"end":{"line":98,"column":5}},"type":"if","locations":[{"start":{"line":96,"column":4},"end":{"line":98,"column":5}},{"start":{"line":96,"column":4},"end":{"line":98,"column":5}}],"line":96},"13":{"loc":{"start":{"line":96,"column":8},"end":{"line":96,"column":91}},"type":"binary-expr","locations":[{"start":{"line":96,"column":8},"end":{"line":96,"column":34}},{"start":{"line":96,"column":38},"end":{"line":96,"column":45}},{"start":{"line":96,"column":49},"end":{"line":96,"column":91}}],"line":96},"14":{"loc":{"start":{"line":105,"column":8},"end":{"line":108,"column":9}},"type":"if","locations":[{"start":{"line":105,"column":8},"end":{"line":108,"column":9}},{"start":{"line":105,"column":8},"end":{"line":108,"column":9}}],"line":105},"15":{"loc":{"start":{"line":105,"column":12},"end":{"line":105,"column":75}},"type":"binary-expr","locations":[{"start":{"line":105,"column":12},"end":{"line":105,"column":29}},{"start":{"line":105,"column":33},"end":{"line":105,"column":75}}],"line":105},"16":{"loc":{"start":{"line":109,"column":8},"end":{"line":117,"column":9}},"type":"if","locations":[{"start":{"line":109,"column":8},"end":{"line":117,"column":9}},{"start":{"line":109,"column":8},"end":{"line":117,"column":9}}],"line":109},"17":{"loc":{"start":{"line":149,"column":20},"end":{"line":149,"column":77}},"type":"cond-expr","locations":[{"start":{"line":149,"column":59},"end":{"line":149,"column":65}},{"start":{"line":149,"column":68},"end":{"line":149,"column":77}}],"line":149},"18":{"loc":{"start":{"line":158,"column":21},"end":{"line":158,"column":79}},"type":"cond-expr","locations":[{"start":{"line":158,"column":58},"end":{"line":158,"column":67}},{"start":{"line":158,"column":70},"end":{"line":158,"column":79}}],"line":158},"19":{"loc":{"start":{"line":159,"column":22},"end":{"line":159,"column":83}},"type":"cond-expr","locations":[{"start":{"line":159,"column":61},"end":{"line":159,"column":71}},{"start":{"line":159,"column":74},"end":{"line":159,"column":83}}],"line":159},"20":{"loc":{"start":{"line":162,"column":8},"end":{"line":172,"column":9}},"type":"if","locations":[{"start":{"line":162,"column":8},"end":{"line":172,"column":9}},{"start":{"line":162,"column":8},"end":{"line":172,"column":9}}],"line":162},"21":{"loc":{"start":{"line":170,"column":13},"end":{"line":172,"column":9}},"type":"if","locations":[{"start":{"line":170,"column":13},"end":{"line":172,"column":9}},{"start":{"line":170,"column":13},"end":{"line":172,"column":9}}],"line":170}},"s":{"0":16,"1":0,"2":0,"3":0,"4":0,"5":0,"6":0,"7":0,"8":0,"9":0,"10":0,"11":16,"12":16,"13":16,"14":16,"15":16,"16":16,"17":16,"18":16,"19":16,"20":0,"21":0,"22":0,"23":0,"24":0,"25":0,"26":0,"27":0,"28":0,"29":0,"30":0,"31":0,"32":0,"33":0,"34":0,"35":0,"36":0,"37":0,"38":0,"39":0,"40":0,"41":0,"42":0,"43":0,"44":0,"45":16,"46":16,"47":0,"48":0,"49":0,"50":0,"51":0,"52":0,"53":0,"54":0,"55":0,"56":0,"57":0,"58":0,"59":0,"60":0,"61":16,"62":0,"63":0,"64":0,"65":0,"66":16,"67":0,"68":0,"69":0,"70":0,"71":0,"72":0,"73":0,"74":0,"75":0,"76":0,"77":0,"78":0,"79":16},"f":{"0":0,"1":0,"2":0,"3":0,"4":0,"5":0,"6":16,"7":0,"8":0,"9":0,"10":0,"11":0,"12":0,"13":0,"14":0,"15":0,"16":0,"17":0,"18":0},"b":{"0":[16,16,16],"1":[0,0],"2":[0,0],"3":[0,0],"4":[16,16],"5":[0],"6":[0],"7":[0],"8":[0],"9":[0,0],"10":[0,0],"11":[0,0],"12":[0,0],"13":[0,0,0],"14":[0,0],"15":[0,0],"16":[0,0],"17":[0,0],"18":[0,0],"19":[0,0],"20":[0,0],"21":[0,0]},"_coverageSchema":"332fd63041d2c1bcb487cc26dd0d5f7d97098a6c","hash":"9ac2ce9641f94ad815816b798e3b05a0bd414157"}
,"/home/travis/build/wasdk/WebAssemblyStudio/src/utils/zlib.ts": {"path":"/home/travis/build/wasdk/WebAssemblyStudio/src/utils/zlib.ts","statementMap":{"0":{"start":{"line":22,"column":16},"end":{"line":29,"column":1}},"1":{"start":{"line":23,"column":4},"end":{"line":28,"column":7}},"2":{"start":{"line":24,"column":36},"end":{"line":24,"column":97}},"3":{"start":{"line":24,"column":42},"end":{"line":24,"column":70}},"4":{"start":{"line":24,"column":85},"end":{"line":24,"column":95}},"5":{"start":{"line":25,"column":35},"end":{"line":25,"column":100}},"6":{"start":{"line":25,"column":41},"end":{"line":25,"column":73}},"7":{"start":{"line":25,"column":88},"end":{"line":25,"column":98}},"8":{"start":{"line":26,"column":32},"end":{"line":26,"column":149}},"9":{"start":{"line":26,"column":97},"end":{"line":26,"column":119}},"10":{"start":{"line":27,"column":8},"end":{"line":27,"column":78}},"11":{"start":{"line":30,"column":0},"end":{"line":30,"column":62}},"12":{"start":{"line":32,"column":36},"end":{"line":32,"column":40}},"13":{"start":{"line":33,"column":4},"end":{"line":33,"column":101}},"14":{"start":{"line":35,"column":0},"end":{"line":35,"column":32}},"15":{"start":{"line":37,"column":4},"end":{"line":40,"column":7}},"16":{"start":{"line":38,"column":28},"end":{"line":38,"column":79}},"17":{"start":{"line":38,"column":63},"end":{"line":38,"column":78}},"18":{"start":{"line":39,"column":8},"end":{"line":39,"column":29}},"19":{"start":{"line":42,"column":0},"end":{"line":42,"column":40}}},"fnMap":{"0":{"name":"(anonymous_0)","decl":{"start":{"line":22,"column":44},"end":{"line":22,"column":45}},"loc":{"start":{"line":22,"column":89},"end":{"line":29,"column":1}},"line":22},"1":{"name":"(anonymous_1)","decl":{"start":{"line":23,"column":36},"end":{"line":23,"column":37}},"loc":{"start":{"line":23,"column":63},"end":{"line":28,"column":5}},"line":23},"2":{"name":"fulfilled","decl":{"start":{"line":24,"column":17},"end":{"line":24,"column":26}},"loc":{"start":{"line":24,"column":34},"end":{"line":24,"column":99}},"line":24},"3":{"name":"rejected","decl":{"start":{"line":25,"column":17},"end":{"line":25,"column":25}},"loc":{"start":{"line":25,"column":33},"end":{"line":25,"column":102}},"line":25},"4":{"name":"step","decl":{"start":{"line":26,"column":17},"end":{"line":26,"column":21}},"loc":{"start":{"line":26,"column":30},"end":{"line":26,"column":151}},"line":26},"5":{"name":"(anonymous_5)","decl":{"start":{"line":26,"column":76},"end":{"line":26,"column":77}},"loc":{"start":{"line":26,"column":95},"end":{"line":26,"column":121}},"line":26},"6":{"name":"isZlibData","decl":{"start":{"line":31,"column":9},"end":{"line":31,"column":19}},"loc":{"start":{"line":31,"column":26},"end":{"line":34,"column":1}},"line":31},"7":{"name":"decompressZlib","decl":{"start":{"line":36,"column":9},"end":{"line":36,"column":23}},"loc":{"start":{"line":36,"column":30},"end":{"line":41,"column":1}},"line":36},"8":{"name":"(anonymous_8)","decl":{"start":{"line":37,"column":43},"end":{"line":37,"column":44}},"loc":{"start":{"line":37,"column":56},"end":{"line":40,"column":5}},"line":37},"9":{"name":"(anonymous_9)","decl":{"start":{"line":38,"column":57},"end":{"line":38,"column":58}},"loc":{"start":{"line":38,"column":63},"end":{"line":38,"column":78}},"line":38}},"branchMap":{"0":{"loc":{"start":{"line":22,"column":16},"end":{"line":29,"column":1}},"type":"binary-expr","locations":[{"start":{"line":22,"column":17},"end":{"line":22,"column":21}},{"start":{"line":22,"column":25},"end":{"line":22,"column":39}},{"start":{"line":22,"column":44},"end":{"line":29,"column":1}}],"line":22},"1":{"loc":{"start":{"line":23,"column":16},"end":{"line":23,"column":34}},"type":"binary-expr","locations":[{"start":{"line":23,"column":16},"end":{"line":23,"column":17}},{"start":{"line":23,"column":22},"end":{"line":23,"column":33}}],"line":23},"2":{"loc":{"start":{"line":26,"column":32},"end":{"line":26,"column":148}},"type":"cond-expr","locations":[{"start":{"line":26,"column":46},"end":{"line":26,"column":67}},{"start":{"line":26,"column":70},"end":{"line":26,"column":148}}],"line":26},"3":{"loc":{"start":{"line":27,"column":51},"end":{"line":27,"column":67}},"type":"binary-expr","locations":[{"start":{"line":27,"column":51},"end":{"line":27,"column":61}},{"start":{"line":27,"column":65},"end":{"line":27,"column":67}}],"line":27},"4":{"loc":{"start":{"line":33,"column":11},"end":{"line":33,"column":100}},"type":"binary-expr","locations":[{"start":{"line":33,"column":11},"end":{"line":33,"column":29}},{"start":{"line":33,"column":34},"end":{"line":33,"column":53}},{"start":{"line":33,"column":57},"end":{"line":33,"column":76}},{"start":{"line":33,"column":80},"end":{"line":33,"column":99}}],"line":33}},"s":{"0":15,"1":0,"2":0,"3":0,"4":0,"5":0,"6":0,"7":0,"8":0,"9":0,"10":0,"11":15,"12":0,"13":0,"14":15,"15":0,"16":0,"17":0,"18":0,"19":15},"f":{"0":0,"1":0,"2":0,"3":0,"4":0,"5":0,"6":0,"7":0,"8":0,"9":0},"b":{"0":[15,15,15],"1":[0,0],"2":[0,0],"3":[0,0],"4":[0,0,0,0]},"_coverageSchema":"332fd63041d2c1bcb487cc26dd0d5f7d97098a6c","hash":"8ddbe7c5548a5156daa2ddbb6764731ecf17c730"}
}
