TN:
SF:/home/travis/build/wasdk/WebAssemblyStudio/src/arc.ts
FN:23,notifyAboutFork
FN:31,(anonymous_1)
FN:37,(anonymous_2)
FNF:3
FNH:3
FNDA:1,notifyAboutFork
FNDA:1,(anonymous_1)
FNDA:1,(anonymous_2)
DA:22,17
DA:24,1
DA:29,17
DA:32,1
DA:38,1
DA:39,1
DA:40,1
DA:41,1050
DA:42,1050
DA:43,1050
DA:44,1050
DA:45,1050
DA:46,37800
DA:47,37800
DA:48,37800
DA:49,1663200
DA:53,1
DA:56,17
LF:18
LH:18
BRF:0
BRH:0
end_of_record
TN:
SF:/home/travis/build/wasdk/WebAssemblyStudio/src/config.ts
FN:22,(anonymous_0)
FN:23,(anonymous_1)
FN:24,fulfilled
FN:25,rejected
FN:26,step
FN:26,(anonymous_5)
FN:33,getConfig
FN:34,(anonymous_7)
FN:36,(anonymous_8)
FNF:9
FNH:0
FNDA:0,(anonymous_0)
FNDA:0,(anonymous_1)
FNDA:0,fulfilled
FNDA:0,rejected
FNDA:0,step
FNDA:0,(anonymous_5)
FNDA:0,getConfig
FNDA:0,(anonymous_7)
FNDA:0,(anonymous_8)
DA:22,15
DA:23,0
DA:24,0
DA:25,0
DA:26,0
DA:27,0
DA:30,15
DA:31,15
DA:34,0
DA:35,0
DA:36,0
DA:38,0
DA:41,15
LF:13
LH:4
BRDA:22,0,0,15
BRDA:22,0,1,15
BRDA:22,0,2,15
BRDA:23,1,0,0
BRDA:23,1,1,0
BRDA:26,2,0,0
BRDA:26,2,1,0
BRDA:27,3,0,0
BRDA:27,3,1,0
BRDA:35,4,0,0
BRDA:35,4,1,0
BRF:11
BRH:3
end_of_record
TN:
SF:/home/travis/build/wasdk/WebAssemblyStudio/src/dispatcher.ts
FNF:0
FNH:0
DA:22,8
DA:23,8
DA:24,8
LF:3
LH:3
BRF:0
BRH:0
end_of_record
TN:
SF:/home/travis/build/wasdk/WebAssemblyStudio/src/errors.ts
FNF:0
FNH:0
DA:22,7
DA:23,7
LF:2
LH:2
BRF:0
BRH:0
end_of_record
TN:
SF:/home/travis/build/wasdk/WebAssemblyStudio/src/gulpy.ts
FN:22,(anonymous_0)
FN:23,(anonymous_1)
FN:24,fulfilled
FN:25,rejected
FN:26,step
FN:26,(anonymous_5)
FN:32,(anonymous_6)
FN:38,(anonymous_7)
FN:42,(anonymous_8)
FN:50,(anonymous_9)
FN:54,(anonymous_10)
FN:63,(anonymous_11)
FN:64,(anonymous_12)
FN:65,(anonymous_13)
FN:66,(anonymous_14)
FN:70,(anonymous_15)
FN:71,(anonymous_16)
FN:77,(anonymous_17)
FN:80,(anonymous_18)
FN:90,(anonymous_19)
FN:96,(anonymous_20)
FN:98,(anonymous_21)
FN:101,(anonymous_22)
FN:104,(anonymous_23)
FN:107,(anonymous_24)
FN:108,(anonymous_25)
FNF:26
FNH:21
FNDA:5,(anonymous_0)
FNDA:5,(anonymous_1)
FNDA:4,fulfilled
FNDA:0,rejected
FNDA:9,step
FNDA:4,(anonymous_5)
FNDA:3,(anonymous_6)
FNDA:3,(anonymous_7)
FNDA:3,(anonymous_8)
FNDA:1,(anonymous_9)
FNDA:3,(anonymous_10)
FNDA:3,(anonymous_11)
FNDA:3,(anonymous_12)
FNDA:2,(anonymous_13)
FNDA:2,(anonymous_14)
FNDA:1,(anonymous_15)
FNDA:1,(anonymous_16)
FNDA:1,(anonymous_17)
FNDA:3,(anonymous_18)
FNDA:0,(anonymous_19)
FNDA:2,(anonymous_20)
FNDA:0,(anonymous_21)
FNDA:0,(anonymous_22)
FNDA:0,(anonymous_23)
FNDA:1,(anonymous_24)
FNDA:1,(anonymous_25)
DA:22,17
DA:23,5
DA:24,4
DA:25,0
DA:26,9
DA:27,5
DA:30,17
DA:33,3
DA:34,3
DA:39,3
DA:40,3
DA:43,3
DA:44,0
DA:46,3
DA:51,1
DA:52,1
DA:55,3
DA:56,3
DA:57,0
DA:59,3
DA:60,3
DA:61,3
DA:64,3
DA:65,3
DA:66,3
DA:67,3
DA:71,1
DA:72,1
DA:78,1
DA:81,3
DA:82,3
DA:83,3
DA:84,2
DA:85,2
DA:87,1
DA:88,1
DA:89,0
DA:90,0
DA:93,1
DA:96,3
DA:99,0
DA:102,0
DA:105,0
DA:108,1
DA:109,1
DA:110,1
DA:114,17
LF:47
LH:39
BRDA:22,0,0,17
BRDA:22,0,1,17
BRDA:22,0,2,17
BRDA:23,1,0,5
BRDA:23,1,1,5
BRDA:26,2,0,5
BRDA:26,2,1,4
BRDA:27,3,0,5
BRDA:27,3,1,5
BRDA:43,4,0,0
BRDA:43,4,1,3
BRDA:56,5,0,0
BRDA:56,5,1,3
BRDA:83,6,0,2
BRDA:83,6,1,1
BRDA:87,7,0,1
BRDA:87,7,1,0
BRDA:88,8,0,0
BRDA:88,8,1,1
BRDA:90,9,0,0
BRDA:90,9,1,0
BRF:21
BRH:15
end_of_record
TN:
SF:/home/travis/build/wasdk/WebAssemblyStudio/src/index.tsx
FN:32,forEachUrlParameter
FN:36,(anonymous_1)
FN:47,getUrlParameters
FN:49,(anonymous_3)
FN:58,unloadPageHandler
FN:66,getEmbeddingParams
FN:93,(anonymous_6)
FN:101,(anonymous_7)
FN:101,(anonymous_8)
FNF:9
FNH:0
FNDA:0,forEachUrlParameter
FNDA:0,(anonymous_1)
FNDA:0,getUrlParameters
FNDA:0,(anonymous_3)
FNDA:0,unloadPageHandler
FNDA:0,getEmbeddingParams
FNDA:0,(anonymous_6)
FNDA:0,(anonymous_7)
FNDA:0,(anonymous_8)
DA:22,0
DA:23,0
DA:24,0
DA:25,0
DA:26,0
DA:27,0
DA:28,0
DA:29,0
DA:30,0
DA:31,0
DA:33,0
DA:34,0
DA:35,0
DA:36,0
DA:37,0
DA:38,0
DA:39,0
DA:42,0
DA:46,0
DA:48,0
DA:49,0
DA:50,0
DA:52,0
DA:54,0
DA:55,0
DA:59,0
DA:60,0
DA:61,0
DA:63,0
DA:65,0
DA:67,0
DA:69,0
DA:71,0
DA:72,0
DA:74,0
DA:75,0
DA:77,0
DA:78,0
DA:79,0
DA:81,0
DA:82,0
DA:87,0
DA:88,0
DA:89,0
DA:90,0
DA:91,0
DA:94,0
DA:95,0
DA:98,0
DA:101,0
LF:50
LH:0
BRDA:38,0,0,0
BRDA:38,0,1,0
BRDA:59,1,0,0
BRDA:59,1,1,0
BRDA:69,2,0,0
BRDA:69,2,1,0
BRDA:69,2,2,0
BRDA:77,3,0,0
BRDA:77,3,1,0
BRDA:78,4,0,0
BRDA:78,4,1,0
BRDA:81,5,0,0
BRDA:81,5,1,0
BRDA:88,6,0,0
BRDA:88,6,1,0
BRDA:89,7,0,0
BRDA:89,7,1,0
BRDA:94,8,0,0
BRDA:94,8,1,0
BRF:19
BRH:0
end_of_record
TN:
SF:/home/travis/build/wasdk/WebAssemblyStudio/src/message.ts
FN:24,(anonymous_0)
FNF:1
FNH:1
FNDA:16,(anonymous_0)
DA:22,16
DA:24,16
DA:25,16
DA:26,16
DA:27,16
DA:28,16
DA:29,16
DA:30,16
DA:31,16
DA:32,16
DA:33,16
LF:11
LH:11
BRDA:34,0,0,16
BRDA:34,0,1,16
BRF:2
BRH:2
end_of_record
TN:
SF:/home/travis/build/wasdk/WebAssemblyStudio/src/model.ts
FN:22,(anonymous_0)
FN:23,(anonymous_1)
FN:24,fulfilled
FN:25,rejected
FN:26,step
FN:26,(anonymous_5)
FN:34,shallowCompare
FN:50,(anonymous_7)
FN:70,isBinaryFileType
FN:79,languageForFileType
FN:125,nameForFileType
FN:171,extensionForFileType
FN:217,fileTypeFromFileName
FN:221,fileTypeForExtension
FN:267,mimeTypeForFileType
FN:289,fileTypeForMimeType
FN:308,getIconForFileType
FN:349,(anonymous_17)
FN:353,(anonymous_18)
FN:359,(anonymous_19)
FN:366,(anonymous_20)
FN:368,(anonymous_21)
FN:374,monacoSeverityToString
FN:382,getNextKey
FN:386,(anonymous_24)
FN:393,(anonymous_25)
FN:399,(anonymous_26)
FN:428,(anonymous_27)
FN:443,(anonymous_28)
FN:450,(anonymous_29)
FN:457,(anonymous_30)
FN:464,(anonymous_31)
FN:471,(anonymous_32)
FN:477,(anonymous_33)
FN:478,(anonymous_34)
FN:496,(anonymous_35)
FN:504,(anonymous_36)
FN:505,(anonymous_37)
FN:515,(anonymous_38)
FN:521,(anonymous_39)
FN:530,(anonymous_40)
FN:542,(anonymous_41)
FN:554,(anonymous_42)
FN:564,(anonymous_43)
FN:565,(anonymous_44)
FN:588,(anonymous_45)
FN:591,(anonymous_46)
FN:604,(anonymous_47)
FN:610,(anonymous_48)
FN:617,(anonymous_49)
FN:619,(anonymous_50)
FN:635,(anonymous_51)
FN:636,(anonymous_52)
FN:643,(anonymous_53)
FN:650,(anonymous_54)
FN:658,(anonymous_55)
FN:678,(anonymous_56)
FN:698,(anonymous_57)
FN:699,(anonymous_58)
FN:703,(anonymous_59)
FN:718,(anonymous_60)
FN:720,recurse
FN:724,(anonymous_62)
FN:737,(anonymous_63)
FN:739,(anonymous_64)
FN:741,(anonymous_65)
FN:742,(anonymous_66)
FN:747,(anonymous_67)
FN:754,(anonymous_68)
FN:757,(anonymous_69)
FN:763,(anonymous_70)
FN:767,(anonymous_71)
FN:776,(anonymous_72)
FN:779,(anonymous_73)
FN:782,(anonymous_74)
FNF:75
FNH:49
FNDA:3,(anonymous_0)
FNDA:3,(anonymous_1)
FNDA:0,fulfilled
FNDA:0,rejected
FNDA:3,step
FNDA:0,(anonymous_5)
FNDA:0,shallowCompare
FNDA:16,(anonymous_7)
FNDA:244,isBinaryFileType
FNDA:279,languageForFileType
FNDA:0,nameForFileType
FNDA:0,extensionForFileType
FNDA:0,fileTypeFromFileName
FNDA:0,fileTypeForExtension
FNDA:0,mimeTypeForFileType
FNDA:0,fileTypeForMimeType
FNDA:42,getIconForFileType
FNDA:1303,(anonymous_17)
FNDA:412,(anonymous_18)
FNDA:22,(anonymous_19)
FNDA:156,(anonymous_20)
FNDA:42,(anonymous_21)
FNDA:0,monacoSeverityToString
FNDA:244,getNextKey
FNDA:0,(anonymous_24)
FNDA:0,(anonymous_25)
FNDA:244,(anonymous_26)
FNDA:0,(anonymous_27)
FNDA:1,(anonymous_28)
FNDA:1,(anonymous_29)
FNDA:3,(anonymous_30)
FNDA:2,(anonymous_31)
FNDA:3,(anonymous_32)
FNDA:1,(anonymous_33)
FNDA:1,(anonymous_34)
FNDA:3,(anonymous_35)
FNDA:0,(anonymous_36)
FNDA:0,(anonymous_37)
FNDA:1,(anonymous_38)
FNDA:5,(anonymous_39)
FNDA:6,(anonymous_40)
FNDA:0,(anonymous_41)
FNDA:13,(anonymous_42)
FNDA:2,(anonymous_43)
FNDA:2,(anonymous_44)
FNDA:0,(anonymous_45)
FNDA:4,(anonymous_46)
FNDA:89,(anonymous_47)
FNDA:45,(anonymous_48)
FNDA:3,(anonymous_49)
FNDA:0,(anonymous_50)
FNDA:0,(anonymous_51)
FNDA:0,(anonymous_52)
FNDA:42,(anonymous_53)
FNDA:2,(anonymous_54)
FNDA:16,(anonymous_55)
FNDA:20,(anonymous_56)
FNDA:99,(anonymous_57)
FNDA:35,(anonymous_58)
FNDA:37,(anonymous_59)
FNDA:1,(anonymous_60)
FNDA:1,recurse
FNDA:0,(anonymous_62)
FNDA:0,(anonymous_63)
FNDA:0,(anonymous_64)
FNDA:0,(anonymous_65)
FNDA:0,(anonymous_66)
FNDA:52,(anonymous_67)
FNDA:8,(anonymous_68)
FNDA:5,(anonymous_69)
FNDA:4,(anonymous_70)
FNDA:1,(anonymous_71)
FNDA:36,(anonymous_72)
FNDA:34,(anonymous_73)
FNDA:37,(anonymous_74)
DA:22,16
DA:23,3
DA:24,0
DA:25,0
DA:26,3
DA:27,3
DA:30,16
DA:31,16
DA:32,16
DA:33,16
DA:35,0
DA:36,0
DA:38,0
DA:39,0
DA:41,0
DA:42,0
DA:43,0
DA:46,0
DA:48,16
DA:50,16
DA:51,16
DA:52,16
DA:53,16
DA:54,16
DA:55,16
DA:56,16
DA:57,16
DA:58,16
DA:59,16
DA:60,16
DA:61,16
DA:62,16
DA:63,16
DA:64,16
DA:65,16
DA:66,16
DA:67,16
DA:68,16
DA:71,244
DA:73,0
DA:75,244
DA:78,16
DA:80,279
DA:81,1
DA:83,278
DA:84,0
DA:86,278
DA:87,82
DA:89,196
DA:90,0
DA:92,196
DA:93,0
DA:95,196
DA:96,0
DA:98,196
DA:99,0
DA:101,196
DA:102,39
DA:104,157
DA:105,2
DA:107,155
DA:108,17
DA:110,138
DA:111,0
DA:113,138
DA:114,0
DA:116,138
DA:117,10
DA:119,128
DA:120,0
DA:122,128
DA:124,16
DA:126,0
DA:127,0
DA:129,0
DA:130,0
DA:132,0
DA:133,0
DA:135,0
DA:136,0
DA:138,0
DA:139,0
DA:141,0
DA:142,0
DA:144,0
DA:145,0
DA:147,0
DA:148,0
DA:150,0
DA:151,0
DA:153,0
DA:154,0
DA:156,0
DA:157,0
DA:159,0
DA:160,0
DA:162,0
DA:163,0
DA:165,0
DA:166,0
DA:168,0
DA:170,16
DA:172,0
DA:173,0
DA:175,0
DA:176,0
DA:178,0
DA:179,0
DA:181,0
DA:182,0
DA:184,0
DA:185,0
DA:187,0
DA:188,0
DA:190,0
DA:191,0
DA:193,0
DA:194,0
DA:196,0
DA:197,0
DA:199,0
DA:200,0
DA:202,0
DA:203,0
DA:205,0
DA:206,0
DA:208,0
DA:209,0
DA:211,0
DA:212,0
DA:214,0
DA:216,16
DA:218,0
DA:220,16
DA:222,0
DA:223,0
DA:225,0
DA:226,0
DA:228,0
DA:229,0
DA:231,0
DA:232,0
DA:234,0
DA:235,0
DA:237,0
DA:238,0
DA:240,0
DA:241,0
DA:243,0
DA:244,0
DA:246,0
DA:247,0
DA:249,0
DA:250,0
DA:252,0
DA:253,0
DA:255,0
DA:256,0
DA:258,0
DA:259,0
DA:261,0
DA:262,0
DA:264,0
DA:266,16
DA:268,0
DA:269,0
DA:271,0
DA:272,0
DA:274,0
DA:275,0
DA:277,0
DA:278,0
DA:280,0
DA:281,0
DA:283,0
DA:284,0
DA:286,0
DA:288,16
DA:290,0
DA:291,0
DA:293,0
DA:294,0
DA:296,0
DA:297,0
DA:299,0
DA:300,0
DA:302,0
DA:303,0
DA:305,0
DA:307,16
DA:309,42
DA:310,0
DA:312,42
DA:313,0
DA:315,42
DA:316,0
DA:318,42
DA:319,0
DA:321,42
DA:322,0
DA:324,42
DA:325,8
DA:327,34
DA:328,0
DA:330,34
DA:331,0
DA:333,34
DA:334,0
DA:336,34
DA:337,0
DA:339,34
DA:340,0
DA:342,34
DA:343,0
DA:345,34
DA:347,16
DA:350,1303
DA:351,1303
DA:354,412
DA:355,0
DA:357,412
DA:360,22
DA:361,22
DA:362,0
DA:364,22
DA:368,156
DA:369,42
DA:373,16
DA:375,0
DA:376,0
DA:377,0
DA:378,0
DA:381,16
DA:383,244
DA:387,0
DA:388,0
DA:389,0
DA:390,0
DA:391,0
DA:394,0
DA:397,16
DA:403,244
DA:404,244
DA:409,244
DA:410,244
DA:411,244
DA:412,244
DA:413,244
DA:414,244
DA:415,244
DA:416,244
DA:417,244
DA:418,244
DA:419,244
DA:420,0
DA:421,0
DA:424,244
DA:425,244
DA:427,244
DA:428,244
DA:431,0
DA:432,0
DA:434,0
DA:435,0
DA:436,0
DA:438,0
DA:439,0
DA:441,244
DA:444,1
DA:445,1
DA:446,1
DA:447,1
DA:451,1
DA:452,1
DA:453,2
DA:454,2
DA:458,3
DA:459,3
DA:460,4
DA:461,4
DA:465,2
DA:466,2
DA:467,2
DA:468,2
DA:472,3
DA:473,2
DA:474,2
DA:478,1
DA:479,1
DA:480,0
DA:481,0
DA:482,0
DA:483,0
DA:484,0
DA:485,0
DA:486,0
DA:487,0
DA:490,1
DA:491,1
DA:492,1
DA:497,3
DA:498,3
DA:499,3
DA:500,9
DA:501,9
DA:505,0
DA:506,0
DA:507,0
DA:508,0
DA:510,0
DA:511,0
DA:512,0
DA:516,1
DA:517,1
DA:518,1
DA:519,1
DA:522,5
DA:523,0
DA:524,0
DA:525,0
DA:528,5
DA:531,6
DA:532,6
DA:533,6
DA:534,6
DA:536,6
DA:537,6
DA:540,0
DA:543,0
DA:544,0
DA:545,0
DA:546,0
DA:547,0
DA:549,0
DA:555,13
DA:556,13
DA:557,13
DA:558,12
DA:559,12
DA:561,13
DA:562,13
DA:565,2
DA:566,2
DA:567,0
DA:569,2
DA:570,0
DA:571,0
DA:572,0
DA:573,0
DA:574,0
DA:577,0
DA:582,2
DA:583,2
DA:585,2
DA:589,0
DA:592,4
DA:593,4
DA:594,3
DA:595,2
DA:597,1
DA:599,2
DA:602,16
DA:605,89
DA:606,89
DA:607,89
DA:608,89
DA:611,45
DA:612,45
DA:613,54
DA:614,54
DA:618,3
DA:619,2
DA:620,0
DA:621,0
DA:623,0
DA:624,0
DA:627,0
DA:632,1
DA:636,0
DA:637,0
DA:638,0
DA:640,0
DA:644,42
DA:645,42
DA:646,42
DA:647,42
DA:648,42
DA:651,2
DA:652,2
DA:653,2
DA:654,2
DA:655,2
DA:656,2
DA:659,16
DA:660,15
DA:662,16
DA:663,16
DA:664,16
DA:665,16
DA:666,16
DA:667,1
DA:670,15
DA:671,15
DA:672,15
DA:675,16
DA:676,16
DA:679,20
DA:680,20
DA:682,20
DA:683,20
DA:684,1
DA:686,20
DA:687,20
DA:688,20
DA:689,0
DA:692,20
DA:693,20
DA:695,20
DA:696,20
DA:699,99
DA:700,35
DA:704,37
DA:705,37
DA:707,37
DA:708,37
DA:709,0
DA:710,0
DA:713,0
DA:716,37
DA:719,1
DA:721,1
DA:722,0
DA:724,1
DA:725,0
DA:726,0
DA:727,0
DA:730,0
DA:734,1
DA:735,1
DA:738,0
DA:739,0
DA:742,0
DA:745,16
DA:748,52
DA:749,52
DA:750,52
DA:751,52
DA:752,52
DA:755,8
DA:758,5
DA:759,5
DA:761,0
DA:764,4
DA:765,4
DA:768,1
DA:769,1
DA:770,1
DA:773,16
DA:774,16
DA:777,36
DA:780,34
DA:783,37
DA:784,1
DA:786,36
DA:787,36
DA:788,36
DA:791,16
LF:467
LH:249
BRDA:22,0,0,16
BRDA:22,0,1,16
BRDA:22,0,2,16
BRDA:23,1,0,3
BRDA:23,1,1,3
BRDA:26,2,0,3
BRDA:26,2,1,0
BRDA:27,3,0,3
BRDA:27,3,1,3
BRDA:35,4,0,0
BRDA:35,4,1,0
BRDA:38,5,0,0
BRDA:38,5,1,0
BRDA:42,6,0,0
BRDA:42,6,1,0
BRDA:69,7,0,16
BRDA:69,7,1,16
BRDA:71,8,0,0
BRDA:71,8,1,244
BRDA:80,9,0,1
BRDA:80,9,1,278
BRDA:83,10,0,0
BRDA:83,10,1,278
BRDA:86,11,0,82
BRDA:86,11,1,196
BRDA:89,12,0,0
BRDA:89,12,1,196
BRDA:92,13,0,0
BRDA:92,13,1,196
BRDA:92,14,0,196
BRDA:92,14,1,196
BRDA:95,15,0,0
BRDA:95,15,1,196
BRDA:98,16,0,0
BRDA:98,16,1,196
BRDA:98,17,0,196
BRDA:98,17,1,196
BRDA:101,18,0,39
BRDA:101,18,1,157
BRDA:104,19,0,2
BRDA:104,19,1,155
BRDA:107,20,0,17
BRDA:107,20,1,138
BRDA:110,21,0,0
BRDA:110,21,1,138
BRDA:113,22,0,0
BRDA:113,22,1,138
BRDA:116,23,0,10
BRDA:116,23,1,128
BRDA:119,24,0,0
BRDA:119,24,1,128
BRDA:126,25,0,0
BRDA:126,25,1,0
BRDA:129,26,0,0
BRDA:129,26,1,0
BRDA:132,27,0,0
BRDA:132,27,1,0
BRDA:135,28,0,0
BRDA:135,28,1,0
BRDA:138,29,0,0
BRDA:138,29,1,0
BRDA:141,30,0,0
BRDA:141,30,1,0
BRDA:144,31,0,0
BRDA:144,31,1,0
BRDA:147,32,0,0
BRDA:147,32,1,0
BRDA:150,33,0,0
BRDA:150,33,1,0
BRDA:153,34,0,0
BRDA:153,34,1,0
BRDA:156,35,0,0
BRDA:156,35,1,0
BRDA:159,36,0,0
BRDA:159,36,1,0
BRDA:162,37,0,0
BRDA:162,37,1,0
BRDA:165,38,0,0
BRDA:165,38,1,0
BRDA:172,39,0,0
BRDA:172,39,1,0
BRDA:175,40,0,0
BRDA:175,40,1,0
BRDA:178,41,0,0
BRDA:178,41,1,0
BRDA:181,42,0,0
BRDA:181,42,1,0
BRDA:184,43,0,0
BRDA:184,43,1,0
BRDA:187,44,0,0
BRDA:187,44,1,0
BRDA:190,45,0,0
BRDA:190,45,1,0
BRDA:193,46,0,0
BRDA:193,46,1,0
BRDA:196,47,0,0
BRDA:196,47,1,0
BRDA:199,48,0,0
BRDA:199,48,1,0
BRDA:202,49,0,0
BRDA:202,49,1,0
BRDA:205,50,0,0
BRDA:205,50,1,0
BRDA:208,51,0,0
BRDA:208,51,1,0
BRDA:211,52,0,0
BRDA:211,52,1,0
BRDA:222,53,0,0
BRDA:222,53,1,0
BRDA:225,54,0,0
BRDA:225,54,1,0
BRDA:228,55,0,0
BRDA:228,55,1,0
BRDA:231,56,0,0
BRDA:231,56,1,0
BRDA:234,57,0,0
BRDA:234,57,1,0
BRDA:237,58,0,0
BRDA:237,58,1,0
BRDA:240,59,0,0
BRDA:240,59,1,0
BRDA:243,60,0,0
BRDA:243,60,1,0
BRDA:246,61,0,0
BRDA:246,61,1,0
BRDA:249,62,0,0
BRDA:249,62,1,0
BRDA:252,63,0,0
BRDA:252,63,1,0
BRDA:255,64,0,0
BRDA:255,64,1,0
BRDA:255,65,0,0
BRDA:255,65,1,0
BRDA:258,66,0,0
BRDA:258,66,1,0
BRDA:261,67,0,0
BRDA:261,67,1,0
BRDA:268,68,0,0
BRDA:268,68,1,0
BRDA:271,69,0,0
BRDA:271,69,1,0
BRDA:274,70,0,0
BRDA:274,70,1,0
BRDA:277,71,0,0
BRDA:277,71,1,0
BRDA:280,72,0,0
BRDA:280,72,1,0
BRDA:283,73,0,0
BRDA:283,73,1,0
BRDA:290,74,0,0
BRDA:290,74,1,0
BRDA:293,75,0,0
BRDA:293,75,1,0
BRDA:296,76,0,0
BRDA:296,76,1,0
BRDA:299,77,0,0
BRDA:299,77,1,0
BRDA:302,78,0,0
BRDA:302,78,1,0
BRDA:309,79,0,0
BRDA:309,79,1,42
BRDA:312,80,0,0
BRDA:312,80,1,42
BRDA:315,81,0,0
BRDA:315,81,1,42
BRDA:318,82,0,0
BRDA:318,82,1,42
BRDA:321,83,0,0
BRDA:321,83,1,42
BRDA:324,84,0,8
BRDA:324,84,1,34
BRDA:327,85,0,0
BRDA:327,85,1,34
BRDA:330,86,0,0
BRDA:330,86,1,34
BRDA:333,87,0,0
BRDA:333,87,1,34
BRDA:336,88,0,0
BRDA:336,88,1,34
BRDA:339,89,0,0
BRDA:339,89,1,34
BRDA:342,90,0,0
BRDA:342,90,1,34
BRDA:354,91,0,0
BRDA:354,91,1,412
BRDA:361,92,0,0
BRDA:361,92,1,22
BRDA:375,93,0,0
BRDA:375,93,1,0
BRDA:375,93,2,0
BRDA:419,94,0,0
BRDA:419,94,1,244
BRDA:431,95,0,0
BRDA:431,95,1,0
BRDA:434,96,0,0
BRDA:434,96,1,0
BRDA:446,97,0,1
BRDA:446,97,1,0
BRDA:472,98,0,2
BRDA:472,98,1,1
BRDA:479,99,0,0
BRDA:479,99,1,1
BRDA:507,100,0,0
BRDA:507,100,1,0
BRDA:522,101,0,0
BRDA:522,101,1,5
BRDA:522,102,0,5
BRDA:522,102,1,0
BRDA:524,103,0,0
BRDA:524,103,1,0
BRDA:532,104,0,6
BRDA:532,104,1,0
BRDA:536,105,0,6
BRDA:536,105,1,0
BRDA:554,106,0,5
BRDA:557,107,0,25
BRDA:557,107,1,20
BRDA:566,108,0,0
BRDA:566,108,1,2
BRDA:569,109,0,0
BRDA:569,109,1,2
BRDA:570,110,0,0
BRDA:570,110,1,0
BRDA:570,111,0,0
BRDA:570,111,1,0
BRDA:594,112,0,2
BRDA:594,112,1,1
BRDA:617,113,0,1
BRDA:617,114,0,1
BRDA:618,115,0,2
BRDA:618,115,1,1
BRDA:620,116,0,0
BRDA:620,116,1,0
BRDA:620,117,0,0
BRDA:620,117,1,0
BRDA:623,118,0,0
BRDA:623,118,1,0
BRDA:635,119,0,0
BRDA:637,120,0,0
BRDA:637,120,1,0
BRDA:637,121,0,0
BRDA:637,121,1,0
BRDA:659,122,0,15
BRDA:659,122,1,1
BRDA:666,123,0,1
BRDA:666,123,1,15
BRDA:678,124,0,18
BRDA:679,125,0,20
BRDA:679,125,1,0
BRDA:683,126,0,1
BRDA:683,126,1,19
BRDA:688,127,0,0
BRDA:688,127,1,20
BRDA:704,128,0,37
BRDA:704,128,1,0
BRDA:708,129,0,0
BRDA:708,129,1,37
BRDA:709,130,0,0
BRDA:709,130,1,0
BRDA:709,131,0,0
BRDA:709,131,1,0
BRDA:721,132,0,0
BRDA:721,132,1,1
BRDA:726,133,0,0
BRDA:726,133,1,0
BRDA:758,134,0,5
BRDA:758,134,1,0
BRDA:783,135,0,1
BRDA:783,135,1,36
BRF:269
BRH:85
end_of_record
TN:
SF:/home/travis/build/wasdk/WebAssemblyStudio/src/monaco-extra.ts
FN:8,(anonymous_0)
FN:13,(anonymous_1)
FN:16,(anonymous_2)
FN:19,(anonymous_3)
FN:22,(anonymous_4)
FN:25,(anonymous_5)
FN:31,(anonymous_6)
FN:35,(anonymous_7)
FN:38,(anonymous_8)
FN:44,(anonymous_9)
FN:48,(anonymous_10)
FN:51,(anonymous_11)
FN:57,(anonymous_12)
FN:62,(anonymous_13)
FN:69,(anonymous_14)
FN:71,(anonymous_15)
FNF:16
FNH:2
FNDA:0,(anonymous_0)
FNDA:0,(anonymous_1)
FNDA:0,(anonymous_2)
FNDA:0,(anonymous_3)
FNDA:0,(anonymous_4)
FNDA:0,(anonymous_5)
FNDA:0,(anonymous_6)
FNDA:0,(anonymous_7)
FNDA:0,(anonymous_8)
FNDA:0,(anonymous_9)
FNDA:0,(anonymous_10)
FNDA:0,(anonymous_11)
FNDA:1,(anonymous_12)
FNDA:1,(anonymous_13)
FNDA:0,(anonymous_14)
FNDA:0,(anonymous_15)
DA:6,1
DA:9,0
DA:10,0
DA:11,0
DA:20,0
DA:23,0
DA:26,0
DA:29,1
DA:32,0
DA:33,0
DA:36,0
DA:39,0
DA:42,1
DA:45,0
DA:46,0
DA:49,0
DA:52,0
DA:55,1
DA:57,1
DA:58,1
DA:59,1
DA:62,1
DA:63,1
DA:64,1
DA:66,1
DA:67,1
DA:68,1
DA:69,1
DA:70,1
DA:71,1
LF:30
LH:16
BRDA:60,0,0,1
BRDA:60,0,1,1
BRDA:65,1,0,1
BRDA:65,1,1,1
BRDA:69,2,0,0
BRDA:71,3,0,0
BRF:6
BRH:4
end_of_record
TN:
SF:/home/travis/build/wasdk/WebAssemblyStudio/src/monaco-utils.ts
FN:22,(anonymous_0)
FN:23,(anonymous_1)
FN:24,fulfilled
FN:25,rejected
FN:26,step
FN:26,(anonymous_5)
FN:34,(anonymous_6)
FN:35,(anonymous_7)
FN:37,(anonymous_8)
FN:39,(anonymous_9)
FN:41,(anonymous_10)
FN:43,(anonymous_11)
FN:45,(anonymous_12)
FN:47,(anonymous_13)
FN:49,(anonymous_14)
FNF:15
FNH:0
FNDA:0,(anonymous_0)
FNDA:0,(anonymous_1)
FNDA:0,fulfilled
FNDA:0,rejected
FNDA:0,step
FNDA:0,(anonymous_5)
FNDA:0,(anonymous_6)
FNDA:0,(anonymous_7)
FNDA:0,(anonymous_8)
FNDA:0,(anonymous_9)
FNDA:0,(anonymous_10)
FNDA:0,(anonymous_11)
FNDA:0,(anonymous_12)
FNDA:0,(anonymous_13)
FNDA:0,(anonymous_14)
DA:22,1
DA:23,0
DA:24,0
DA:25,0
DA:26,0
DA:27,0
DA:30,1
DA:35,0
DA:37,0
DA:39,0
DA:41,0
DA:43,0
DA:45,0
DA:47,0
DA:49,0
DA:50,0
DA:51,0
DA:52,0
DA:53,0
DA:54,0
DA:55,0
DA:59,1
LF:22
LH:3
BRDA:22,0,0,1
BRDA:22,0,1,1
BRDA:22,0,2,1
BRDA:23,1,0,0
BRDA:23,1,1,0
BRDA:26,2,0,0
BRDA:26,2,1,0
BRDA:27,3,0,0
BRDA:27,3,1,0
BRF:9
BRH:3
end_of_record
TN:
SF:/home/travis/build/wasdk/WebAssemblyStudio/src/service.ts
FN:2,(anonymous_0)
FN:3,(anonymous_1)
FN:4,fulfilled
FN:5,rejected
FN:6,step
FN:6,(anonymous_5)
FN:44,defer
FN:45,(anonymous_7)
FN:46,(anonymous_8)
FN:47,(anonymous_9)
FN:53,getProjectFilePath
FN:58,(anonymous_11)
FN:62,(anonymous_12)
FN:76,(anonymous_13)
FN:79,(anonymous_14)
FN:83,(anonymous_15)
FN:84,(anonymous_16)
FN:85,(anonymous_17)
FN:87,(anonymous_18)
FN:89,(anonymous_19)
FN:98,(anonymous_20)
FN:99,(anonymous_21)
FN:103,(anonymous_22)
FN:104,(anonymous_23)
FN:108,(anonymous_24)
FN:109,(anonymous_25)
FN:113,(anonymous_26)
FN:114,(anonymous_27)
FN:118,(anonymous_28)
FN:119,(anonymous_29)
FN:123,(anonymous_30)
FN:124,(anonymous_31)
FN:128,(anonymous_32)
FN:129,(anonymous_33)
FN:133,(anonymous_34)
FN:134,(anonymous_35)
FN:138,(anonymous_36)
FN:139,(anonymous_37)
FN:145,(anonymous_38)
FN:196,(anonymous_39)
FN:197,(anonymous_40)
FN:200,(anonymous_41)
FN:205,(anonymous_42)
FN:229,(anonymous_43)
FN:247,(anonymous_44)
FN:248,(anonymous_45)
FN:253,(anonymous_46)
FN:254,(anonymous_47)
FN:270,(anonymous_48)
FN:271,(anonymous_49)
FN:279,(anonymous_50)
FN:280,(anonymous_51)
FN:287,(anonymous_52)
FN:288,(anonymous_53)
FN:304,(anonymous_54)
FN:305,(anonymous_55)
FN:312,(anonymous_56)
FN:313,(anonymous_57)
FN:323,(anonymous_58)
FN:324,(anonymous_59)
FN:332,(anonymous_60)
FN:333,(anonymous_61)
FN:350,(anonymous_62)
FN:360,(anonymous_63)
FN:361,(anonymous_64)
FN:364,serialize
FN:366,(anonymous_66)
FN:380,(anonymous_67)
FN:381,(anonymous_68)
FN:383,(anonymous_69)
FN:406,(anonymous_70)
FN:407,(anonymous_71)
FN:433,(anonymous_72)
FN:434,(anonymous_73)
FN:443,(anonymous_74)
FN:450,(anonymous_75)
FN:451,(anonymous_76)
FN:462,(anonymous_77)
FN:463,(anonymous_78)
FN:472,(anonymous_79)
FN:473,(anonymous_80)
FN:484,(anonymous_81)
FN:485,(anonymous_82)
FN:496,(anonymous_83)
FN:497,(anonymous_84)
FN:508,(anonymous_85)
FN:509,(anonymous_86)
FN:520,(anonymous_87)
FN:534,(anonymous_88)
FN:535,(anonymous_89)
FN:537,format
FN:558,(anonymous_91)
FN:559,(anonymous_92)
FN:565,toBytes
FN:566,(anonymous_94)
FN:589,(anonymous_95)
FN:602,(anonymous_96)
FN:618,(anonymous_97)
FN:623,(anonymous_98)
FN:636,(anonymous_99)
FN:637,(anonymous_100)
FN:641,(anonymous_101)
FN:651,(anonymous_102)
FN:663,(anonymous_103)
FN:664,(anonymous_104)
FN:673,(anonymous_105)
FN:674,(anonymous_106)
FNF:107
FNH:15
FNDA:3,(anonymous_0)
FNDA:3,(anonymous_1)
FNDA:2,fulfilled
FNDA:0,rejected
FNDA:5,step
FNDA:4,(anonymous_5)
FNDA:0,defer
FNDA:0,(anonymous_7)
FNDA:0,(anonymous_8)
FNDA:0,(anonymous_9)
FNDA:6,getProjectFilePath
FNDA:16,(anonymous_11)
FNDA:0,(anonymous_12)
FNDA:0,(anonymous_13)
FNDA:0,(anonymous_14)
FNDA:0,(anonymous_15)
FNDA:0,(anonymous_16)
FNDA:0,(anonymous_17)
FNDA:0,(anonymous_18)
FNDA:0,(anonymous_19)
FNDA:0,(anonymous_20)
FNDA:0,(anonymous_21)
FNDA:0,(anonymous_22)
FNDA:0,(anonymous_23)
FNDA:0,(anonymous_24)
FNDA:0,(anonymous_25)
FNDA:0,(anonymous_26)
FNDA:0,(anonymous_27)
FNDA:0,(anonymous_28)
FNDA:0,(anonymous_29)
FNDA:0,(anonymous_30)
FNDA:0,(anonymous_31)
FNDA:0,(anonymous_32)
FNDA:0,(anonymous_33)
FNDA:0,(anonymous_34)
FNDA:0,(anonymous_35)
FNDA:0,(anonymous_36)
FNDA:0,(anonymous_37)
FNDA:0,(anonymous_38)
FNDA:1,(anonymous_39)
FNDA:1,(anonymous_40)
FNDA:3,(anonymous_41)
FNDA:3,(anonymous_42)
FNDA:0,(anonymous_43)
FNDA:0,(anonymous_44)
FNDA:0,(anonymous_45)
FNDA:0,(anonymous_46)
FNDA:0,(anonymous_47)
FNDA:0,(anonymous_48)
FNDA:0,(anonymous_49)
FNDA:0,(anonymous_50)
FNDA:0,(anonymous_51)
FNDA:0,(anonymous_52)
FNDA:0,(anonymous_53)
FNDA:0,(anonymous_54)
FNDA:0,(anonymous_55)
FNDA:0,(anonymous_56)
FNDA:0,(anonymous_57)
FNDA:0,(anonymous_58)
FNDA:0,(anonymous_59)
FNDA:0,(anonymous_60)
FNDA:0,(anonymous_61)
FNDA:0,(anonymous_62)
FNDA:0,(anonymous_63)
FNDA:0,(anonymous_64)
FNDA:0,serialize
FNDA:0,(anonymous_66)
FNDA:0,(anonymous_67)
FNDA:0,(anonymous_68)
FNDA:0,(anonymous_69)
FNDA:0,(anonymous_70)
FNDA:0,(anonymous_71)
FNDA:4,(anonymous_72)
FNDA:4,(anonymous_73)
FNDA:0,(anonymous_74)
FNDA:0,(anonymous_75)
FNDA:0,(anonymous_76)
FNDA:0,(anonymous_77)
FNDA:0,(anonymous_78)
FNDA:0,(anonymous_79)
FNDA:0,(anonymous_80)
FNDA:0,(anonymous_81)
FNDA:0,(anonymous_82)
FNDA:0,(anonymous_83)
FNDA:0,(anonymous_84)
FNDA:0,(anonymous_85)
FNDA:0,(anonymous_86)
FNDA:0,(anonymous_87)
FNDA:0,(anonymous_88)
FNDA:0,(anonymous_89)
FNDA:0,format
FNDA:0,(anonymous_91)
FNDA:0,(anonymous_92)
FNDA:0,toBytes
FNDA:0,(anonymous_94)
FNDA:0,(anonymous_95)
FNDA:0,(anonymous_96)
FNDA:0,(anonymous_97)
FNDA:0,(anonymous_98)
FNDA:0,(anonymous_99)
FNDA:0,(anonymous_100)
FNDA:0,(anonymous_101)
FNDA:0,(anonymous_102)
FNDA:2,(anonymous_103)
FNDA:2,(anonymous_104)
FNDA:0,(anonymous_105)
FNDA:0,(anonymous_106)
DA:2,16
DA:3,3
DA:4,2
DA:5,0
DA:6,5
DA:7,3
DA:10,16
DA:31,16
DA:32,16
DA:33,16
DA:34,16
DA:35,16
DA:36,16
DA:37,16
DA:38,16
DA:39,16
DA:40,16
DA:45,0
DA:46,0
DA:47,0
DA:48,0
DA:54,6
DA:55,6
DA:59,16
DA:60,16
DA:61,16
DA:62,16
DA:63,0
DA:64,0
DA:66,0
DA:67,0
DA:68,0
DA:71,0
DA:73,0
DA:77,0
DA:80,0
DA:81,0
DA:84,0
DA:85,0
DA:86,0
DA:87,0
DA:88,0
DA:90,0
DA:92,0
DA:99,0
DA:100,0
DA:104,0
DA:105,0
DA:109,0
DA:110,0
DA:114,0
DA:115,0
DA:119,0
DA:120,0
DA:124,0
DA:125,0
DA:129,0
DA:130,0
DA:134,0
DA:135,0
DA:139,0
DA:140,0
DA:147,0
DA:148,0
DA:149,0
DA:152,0
DA:153,0
DA:154,0
DA:156,0
DA:157,0
DA:158,0
DA:159,0
DA:160,0
DA:161,0
DA:163,0
DA:164,0
DA:166,0
DA:174,0
DA:175,0
DA:176,0
DA:177,0
DA:179,0
DA:180,0
DA:181,0
DA:182,0
DA:184,0
DA:185,0
DA:187,0
DA:194,0
DA:197,1
DA:198,1
DA:199,1
DA:200,1
DA:201,3
DA:202,3
DA:204,1
DA:206,3
DA:209,3
DA:213,1
DA:214,1
DA:215,3
DA:217,1
DA:218,1
DA:219,1
DA:220,1
DA:222,0
DA:223,0
DA:224,0
DA:226,0
DA:227,0
DA:228,0
DA:229,0
DA:230,0
DA:234,1
DA:235,0
DA:237,1
DA:238,1
DA:239,1
DA:240,1
DA:241,1
DA:244,1
DA:248,0
DA:249,0
DA:250,0
DA:254,0
DA:255,0
DA:256,0
DA:258,0
DA:259,0
DA:260,0
DA:263,0
DA:264,0
DA:265,0
DA:267,0
DA:271,0
DA:272,0
DA:273,0
DA:274,0
DA:275,0
DA:276,0
DA:280,0
DA:281,0
DA:282,0
DA:283,0
DA:284,0
DA:288,0
DA:289,0
DA:290,0
DA:291,0
DA:292,0
DA:293,0
DA:296,0
DA:299,0
DA:301,0
DA:305,0
DA:306,0
DA:307,0
DA:308,0
DA:309,0
DA:313,0
DA:314,0
DA:315,0
DA:320,0
DA:324,0
DA:325,0
DA:326,0
DA:329,0
DA:333,0
DA:334,0
DA:335,0
DA:336,0
DA:339,0
DA:344,0
DA:345,0
DA:346,0
DA:351,0
DA:352,0
DA:353,0
DA:354,0
DA:355,0
DA:358,0
DA:361,0
DA:362,0
DA:363,0
DA:365,0
DA:366,0
DA:369,0
DA:372,0
DA:373,0
DA:374,0
DA:375,0
DA:377,0
DA:381,0
DA:382,0
DA:383,0
DA:386,0
DA:387,0
DA:388,0
DA:391,0
DA:392,0
DA:394,0
DA:399,0
DA:401,0
DA:407,0
DA:408,0
DA:409,0
DA:410,0
DA:412,0
DA:413,0
DA:414,0
DA:417,0
DA:421,0
DA:422,0
DA:423,0
DA:426,0
DA:429,0
DA:434,4
DA:435,4
DA:436,4
DA:437,4
DA:438,4
DA:439,4
DA:440,4
DA:441,4
DA:442,4
DA:443,4
DA:444,0
DA:445,0
DA:451,0
DA:452,0
DA:453,0
DA:454,0
DA:455,0
DA:456,0
DA:457,0
DA:458,0
DA:459,0
DA:463,0
DA:464,0
DA:465,0
DA:466,0
DA:467,0
DA:468,0
DA:469,0
DA:473,0
DA:474,0
DA:475,0
DA:476,0
DA:477,0
DA:478,0
DA:479,0
DA:480,0
DA:481,0
DA:485,0
DA:486,0
DA:487,0
DA:488,0
DA:489,0
DA:490,0
DA:491,0
DA:492,0
DA:493,0
DA:497,0
DA:498,0
DA:499,0
DA:500,0
DA:501,0
DA:502,0
DA:503,0
DA:504,0
DA:505,0
DA:509,0
DA:510,0
DA:511,0
DA:512,0
DA:513,0
DA:514,0
DA:515,0
DA:516,0
DA:517,0
DA:521,0
DA:522,0
DA:523,0
DA:524,0
DA:526,0
DA:527,0
DA:528,0
DA:529,0
DA:530,0
DA:535,0
DA:536,0
DA:538,0
DA:539,0
DA:541,0
DA:542,0
DA:545,0
DA:546,0
DA:547,0
DA:548,0
DA:550,0
DA:554,0
DA:559,0
DA:560,0
DA:561,0
DA:562,0
DA:564,0
DA:566,0
DA:568,0
DA:569,0
DA:577,0
DA:578,0
DA:579,0
DA:580,0
DA:581,0
DA:582,0
DA:583,0
DA:584,0
DA:585,0
DA:586,0
DA:587,0
DA:588,0
DA:589,0
DA:590,0
DA:591,0
DA:592,0
DA:593,0
DA:594,0
DA:596,0
DA:597,0
DA:598,0
DA:602,0
DA:603,0
DA:604,0
DA:605,0
DA:606,0
DA:608,0
DA:610,0
DA:611,0
DA:613,0
DA:615,0
DA:619,0
DA:620,0
DA:621,0
DA:623,0
DA:624,0
DA:625,0
DA:626,0
DA:627,0
DA:628,0
DA:634,0
DA:637,0
DA:638,0
DA:639,0
DA:640,0
DA:641,0
DA:642,0
DA:643,0
DA:645,0
DA:647,0
DA:648,0
DA:649,0
DA:650,0
DA:651,0
DA:652,0
DA:654,0
DA:655,0
DA:656,0
DA:658,0
DA:659,0
DA:660,0
DA:664,2
DA:665,2
DA:666,2
DA:668,0
DA:669,0
DA:670,0
DA:674,0
DA:675,0
DA:676,0
DA:677,0
DA:678,0
DA:679,0
DA:680,0
DA:681,0
DA:682,0
DA:683,0
DA:687,16
DA:688,16
DA:689,16
DA:690,16
LF:390
LH:62
BRDA:2,0,0,16
BRDA:2,0,1,16
BRDA:2,0,2,16
BRDA:3,1,0,3
BRDA:3,1,1,3
BRDA:6,2,0,1
BRDA:6,2,1,4
BRDA:7,3,0,3
BRDA:7,3,1,3
BRDA:63,4,0,0
BRDA:63,4,1,0
BRDA:67,5,0,0
BRDA:67,5,1,0
BRDA:148,6,0,0
BRDA:148,6,1,0
BRDA:153,7,0,0
BRDA:153,7,1,0
BRDA:160,8,0,0
BRDA:160,8,1,0
BRDA:163,9,0,0
BRDA:163,9,1,0
BRDA:176,10,0,0
BRDA:176,10,1,0
BRDA:181,11,0,0
BRDA:181,11,1,0
BRDA:184,12,0,0
BRDA:184,12,1,0
BRDA:196,13,0,1
BRDA:219,14,0,1
BRDA:219,14,1,0
BRDA:219,15,0,1
BRDA:219,15,1,0
BRDA:223,16,0,0
BRDA:223,16,1,0
BRDA:227,17,0,0
BRDA:227,17,1,0
BRDA:234,18,0,0
BRDA:234,18,1,1
BRDA:240,19,0,1
BRDA:240,19,1,0
BRDA:247,20,0,0
BRDA:253,21,0,0
BRDA:255,22,0,0
BRDA:255,22,1,0
BRDA:264,23,0,0
BRDA:264,23,1,0
BRDA:273,24,0,0
BRDA:273,24,1,0
BRDA:275,25,0,0
BRDA:275,25,1,0
BRDA:290,26,0,0
BRDA:290,26,1,0
BRDA:299,27,0,0
BRDA:299,27,1,0
BRDA:335,28,0,0
BRDA:335,28,1,0
BRDA:352,29,0,0
BRDA:352,29,1,0
BRDA:354,30,0,0
BRDA:354,30,1,0
BRDA:365,31,0,0
BRDA:365,31,1,0
BRDA:374,32,0,0
BRDA:374,32,1,0
BRDA:386,33,0,0
BRDA:386,33,1,0
BRDA:406,34,0,0
BRDA:412,35,0,0
BRDA:412,35,1,0
BRDA:413,36,0,0
BRDA:413,36,1,0
BRDA:422,37,0,0
BRDA:422,37,1,0
BRDA:435,38,0,4
BRDA:435,38,1,0
BRDA:444,39,0,0
BRDA:444,39,1,0
BRDA:455,40,0,0
BRDA:455,40,1,0
BRDA:457,41,0,0
BRDA:457,41,1,0
BRDA:466,42,0,0
BRDA:466,42,1,0
BRDA:468,43,0,0
BRDA:468,43,1,0
BRDA:476,44,0,0
BRDA:476,44,1,0
BRDA:478,45,0,0
BRDA:478,45,1,0
BRDA:488,46,0,0
BRDA:488,46,1,0
BRDA:490,47,0,0
BRDA:490,47,1,0
BRDA:500,48,0,0
BRDA:500,48,1,0
BRDA:502,49,0,0
BRDA:502,49,1,0
BRDA:512,50,0,0
BRDA:512,50,1,0
BRDA:514,51,0,0
BRDA:514,51,1,0
BRDA:521,52,0,0
BRDA:521,52,1,0
BRDA:529,53,0,0
BRDA:529,53,1,0
BRDA:541,54,0,0
BRDA:541,54,1,0
BRDA:558,55,0,0
BRDA:561,56,0,0
BRDA:561,56,1,0
BRDA:591,57,0,0
BRDA:591,57,1,0
BRDA:593,58,0,0
BRDA:593,58,1,0
BRDA:597,59,0,0
BRDA:597,59,1,0
BRDA:603,60,0,0
BRDA:603,60,1,0
BRDA:605,61,0,0
BRDA:605,61,1,0
BRDA:620,62,0,0
BRDA:620,62,1,0
BRDA:624,63,0,0
BRDA:624,63,1,0
BRDA:665,64,0,2
BRDA:665,64,1,0
BRDA:677,65,0,0
BRDA:677,65,1,0
BRDA:682,66,0,0
BRDA:682,66,1,0
BRF:130
BRH:16
end_of_record
TN:
SF:/home/travis/build/wasdk/WebAssemblyStudio/src/util.ts
FN:22,(anonymous_0)
FN:23,(anonymous_1)
FN:24,fulfilled
FN:25,rejected
FN:26,step
FN:26,(anonymous_5)
FN:32,toAddress
FN:40,padRight
FN:48,padLeft
FN:61,isBranch
FN:86,concat3
FN:93,concat4
FN:102,base64EncodeBytes
FN:144,decodeRestrictedBase64ToBytes
FN:175,layout
FN:179,(anonymous_15)
FN:185,resetDOMSelection
FN:189,assert
FN:195,clamp
FN:199,readUploadedFile
FN:200,(anonymous_20)
FN:202,(anonymous_21)
FN:203,(anonymous_22)
FN:207,(anonymous_23)
FN:223,uploadFilesToDirectory
FN:224,(anonymous_25)
FN:225,(anonymous_26)
FN:225,(anonymous_27)
FNF:28
FNH:1
FNDA:0,(anonymous_0)
FNDA:0,(anonymous_1)
FNDA:0,fulfilled
FNDA:0,rejected
FNDA:0,step
FNDA:0,(anonymous_5)
FNDA:0,toAddress
FNDA:0,padRight
FNDA:0,padLeft
FNDA:0,isBranch
FNDA:0,concat3
FNDA:0,concat4
FNDA:0,base64EncodeBytes
FNDA:0,decodeRestrictedBase64ToBytes
FNDA:0,layout
FNDA:0,(anonymous_15)
FNDA:0,resetDOMSelection
FNDA:125,assert
FNDA:0,clamp
FNDA:0,readUploadedFile
FNDA:0,(anonymous_20)
FNDA:0,(anonymous_21)
FNDA:0,(anonymous_22)
FNDA:0,(anonymous_23)
FNDA:0,uploadFilesToDirectory
FNDA:0,(anonymous_25)
FNDA:0,(anonymous_26)
FNDA:0,(anonymous_27)
DA:22,16
DA:23,0
DA:24,0
DA:25,0
DA:26,0
DA:27,0
DA:30,16
DA:31,16
DA:33,0
DA:34,0
DA:35,0
DA:37,0
DA:39,16
DA:41,0
DA:42,0
DA:43,0
DA:45,0
DA:47,16
DA:49,0
DA:50,0
DA:51,0
DA:53,0
DA:55,16
DA:56,16
DA:62,0
DA:64,16
DA:65,16
DA:73,16
DA:74,16
DA:75,16
DA:76,16
DA:77,16
DA:87,0
DA:88,0
DA:89,0
DA:90,0
DA:92,16
DA:94,0
DA:95,0
DA:96,0
DA:97,0
DA:98,0
DA:100,16
DA:103,0
DA:104,0
DA:105,0
DA:106,0
DA:107,0
DA:114,0
DA:116,0
DA:118,0
DA:119,0
DA:120,0
DA:121,0
DA:123,0
DA:126,0
DA:127,0
DA:128,0
DA:130,0
DA:131,0
DA:133,0
DA:134,0
DA:135,0
DA:136,0
DA:138,0
DA:139,0
DA:141,0
DA:143,16
DA:148,0
DA:149,0
DA:150,0
DA:151,0
DA:152,0
DA:153,0
DA:154,0
DA:155,0
DA:156,0
DA:157,0
DA:158,0
DA:159,0
DA:161,0
DA:162,0
DA:163,0
DA:164,0
DA:165,0
DA:167,0
DA:168,0
DA:170,0
DA:172,16
DA:173,16
DA:174,16
DA:176,0
DA:177,0
DA:179,0
DA:180,0
DA:181,0
DA:184,16
DA:186,0
DA:188,16
DA:190,125
DA:191,1
DA:194,16
DA:196,0
DA:198,16
DA:200,0
DA:201,0
DA:202,0
DA:203,0
DA:204,0
DA:205,0
DA:207,0
DA:208,0
DA:210,0
DA:211,0
DA:213,0
DA:214,0
DA:217,0
DA:222,16
DA:224,0
DA:225,0
DA:226,0
DA:227,0
DA:228,0
DA:230,0
DA:231,0
DA:232,0
DA:233,0
DA:236,0
DA:241,16
LF:129
LH:28
BRDA:22,0,0,16
BRDA:22,0,1,16
BRDA:22,0,2,16
BRDA:23,1,0,0
BRDA:23,1,1,0
BRDA:26,2,0,0
BRDA:26,2,1,0
BRDA:27,3,0,0
BRDA:27,3,1,0
BRDA:126,4,0,0
BRDA:126,4,1,0
BRDA:133,5,0,0
BRDA:133,5,1,0
BRDA:149,6,0,0
BRDA:149,6,1,0
BRDA:149,7,0,0
BRDA:149,7,1,0
BRDA:158,8,0,0
BRDA:158,8,1,0
BRDA:164,9,0,0
BRDA:164,9,1,0
BRDA:176,10,0,0
BRDA:176,10,1,0
BRDA:190,11,0,1
BRDA:190,11,1,124
BRDA:210,12,0,0
BRDA:210,12,1,0
BRDA:213,13,0,0
BRDA:213,13,1,0
BRDA:227,14,0,0
BRDA:227,14,1,0
BRDA:231,15,0,0
BRDA:231,15,1,0
BRF:33
BRH:5
end_of_record
TN:
SF:/home/travis/build/wasdk/WebAssemblyStudio/src/worker.ts
FN:22,(anonymous_0)
FN:23,(anonymous_1)
FN:24,fulfilled
FN:25,rejected
FN:26,step
FN:26,(anonymous_5)
FN:32,assert
FN:37,loadBinaryen
FN:38,(anonymous_8)
FN:44,loadWabt
FN:45,(anonymous_10)
FN:53,loadTwiggy
FN:54,(anonymous_12)
FN:68,(anonymous_13)
FN:83,processMessage
FN:84,(anonymous_15)
FN:102,optimizeWasmWithBinaryen
FN:103,(anonymous_17)
FN:110,validateWasmWithBinaryen
FN:111,(anonymous_19)
FN:117,createWasmCallGraphWithBinaryen
FN:118,(anonymous_21)
FN:123,(anonymous_22)
FN:129,convertWasmToAsmWithBinaryen
FN:130,(anonymous_24)
FN:137,disassembleWasmWithBinaryen
FN:138,(anonymous_26)
FN:144,assembleWatWithBinaryen
FN:145,(anonymous_28)
FN:151,disassembleWasmWithWabt
FN:152,(anonymous_30)
FN:160,assembleWatWithWabt
FN:161,(anonymous_32)
FN:169,twiggyWasm
FN:170,(anonymous_34)
FN:183,(anonymous_35)
FN:212,printDominator
FN:222,(anonymous_37)
FNF:38
FNH:0
FNDA:0,(anonymous_0)
FNDA:0,(anonymous_1)
FNDA:0,fulfilled
FNDA:0,rejected
FNDA:0,step
FNDA:0,(anonymous_5)
FNDA:0,assert
FNDA:0,loadBinaryen
FNDA:0,(anonymous_8)
FNDA:0,loadWabt
FNDA:0,(anonymous_10)
FNDA:0,loadTwiggy
FNDA:0,(anonymous_12)
FNDA:0,(anonymous_13)
FNDA:0,processMessage
FNDA:0,(anonymous_15)
FNDA:0,optimizeWasmWithBinaryen
FNDA:0,(anonymous_17)
FNDA:0,validateWasmWithBinaryen
FNDA:0,(anonymous_19)
FNDA:0,createWasmCallGraphWithBinaryen
FNDA:0,(anonymous_21)
FNDA:0,(anonymous_22)
FNDA:0,convertWasmToAsmWithBinaryen
FNDA:0,(anonymous_24)
FNDA:0,disassembleWasmWithBinaryen
FNDA:0,(anonymous_26)
FNDA:0,assembleWatWithBinaryen
FNDA:0,(anonymous_28)
FNDA:0,disassembleWasmWithWabt
FNDA:0,(anonymous_30)
FNDA:0,assembleWatWithWabt
FNDA:0,(anonymous_32)
FNDA:0,twiggyWasm
FNDA:0,(anonymous_34)
FNDA:0,(anonymous_35)
FNDA:0,printDominator
FNDA:0,(anonymous_37)
DA:22,0
DA:23,0
DA:24,0
DA:25,0
DA:26,0
DA:27,0
DA:30,0
DA:31,0
DA:33,0
DA:34,0
DA:38,0
DA:39,0
DA:40,0
DA:45,0
DA:46,0
DA:47,0
DA:48,0
DA:52,0
DA:54,0
DA:55,0
DA:56,0
DA:57,0
DA:58,0
DA:68,0
DA:69,0
DA:80,0
DA:81,0
DA:84,0
DA:85,0
DA:90,0
DA:91,0
DA:94,0
DA:97,0
DA:99,0
DA:103,0
DA:104,0
DA:105,0
DA:106,0
DA:107,0
DA:111,0
DA:112,0
DA:113,0
DA:114,0
DA:118,0
DA:119,0
DA:120,0
DA:121,0
DA:122,0
DA:123,0
DA:124,0
DA:125,0
DA:126,0
DA:130,0
DA:131,0
DA:132,0
DA:133,0
DA:134,0
DA:138,0
DA:139,0
DA:140,0
DA:141,0
DA:145,0
DA:146,0
DA:147,0
DA:148,0
DA:152,0
DA:153,0
DA:154,0
DA:155,0
DA:156,0
DA:157,0
DA:161,0
DA:162,0
DA:163,0
DA:164,0
DA:165,0
DA:166,0
DA:170,0
DA:171,0
DA:173,0
DA:174,0
DA:176,0
DA:177,0
DA:178,0
DA:179,0
DA:180,0
DA:181,0
DA:182,0
DA:183,0
DA:184,0
DA:185,0
DA:188,0
DA:191,0
DA:192,0
DA:204,0
DA:205,0
DA:206,0
DA:208,0
DA:209,0
DA:210,0
DA:211,0
DA:213,0
DA:214,0
DA:215,0
DA:217,0
DA:218,0
DA:220,0
DA:221,0
DA:222,0
DA:223,0
DA:224,0
DA:227,0
DA:232,0
DA:233,0
DA:234,0
DA:236,0
LF:116
LH:0
BRDA:22,0,0,0
BRDA:22,0,1,0
BRDA:22,0,2,0
BRDA:23,1,0,0
BRDA:23,1,1,0
BRDA:26,2,0,0
BRDA:26,2,1,0
BRDA:27,3,0,0
BRDA:27,3,1,0
BRDA:33,4,0,0
BRDA:33,4,1,0
BRDA:39,5,0,0
BRDA:39,5,1,0
BRDA:46,6,0,0
BRDA:46,6,1,0
BRDA:55,7,0,0
BRDA:55,7,1,0
BRDA:184,8,0,0
BRDA:184,8,1,0
BRDA:191,9,0,0
BRDA:191,9,1,0
BRDA:217,10,0,0
BRDA:217,10,1,0
BRDA:221,11,0,0
BRDA:221,11,1,0
BRDA:223,12,0,0
BRDA:223,12,1,0
BRDA:233,13,0,0
BRDA:233,13,1,0
BRF:29
BRH:0
end_of_record
TN:
SF:/home/travis/build/wasdk/WebAssemblyStudio/src/actions/AppActions.ts
FN:22,(anonymous_0)
FN:23,(anonymous_1)
FN:24,fulfilled
FN:25,rejected
FN:26,step
FN:26,(anonymous_5)
FN:40,(anonymous_6)
FN:60,addFileTo
FN:68,loadProject
FN:75,initStore
FN:81,updateFileNameAndDescription
FN:90,deleteFile
FN:97,logLn
FN:105,splitGroup
FN:111,openView
FN:119,closeView
FN:126,closeTabs
FN:133,openFile
FN:142,openFiles
FN:149,openProjectFiles
FN:150,(anonymous_20)
FN:163,saveProject
FN:164,(anonymous_22)
FN:168,(anonymous_23)
FN:169,(anonymous_24)
FN:179,focusTabGroup
FN:186,pushStatus
FN:193,popStatus
FN:199,runTask
FN:200,(anonymous_29)
FN:202,(anonymous_30)
FN:202,(anonymous_31)
FN:227,run
FN:228,(anonymous_33)
FN:233,(anonymous_34)
FN:249,build
FN:250,(anonymous_36)
FN:257,setViewType
FNF:38
FNH:37
FNDA:16,(anonymous_0)
FNDA:16,(anonymous_1)
FNDA:13,fulfilled
FNDA:0,rejected
FNDA:29,step
FNDA:13,(anonymous_5)
FNDA:7,(anonymous_6)
FNDA:1,addFileTo
FNDA:1,loadProject
FNDA:2,initStore
FNDA:1,updateFileNameAndDescription
FNDA:1,deleteFile
FNDA:6,logLn
FNDA:1,splitGroup
FNDA:2,openView
FNDA:1,closeView
FNDA:1,closeTabs
FNDA:2,openFile
FNDA:2,openFiles
FNDA:2,openProjectFiles
FNDA:2,(anonymous_20)
FNDA:1,saveProject
FNDA:1,(anonymous_22)
FNDA:1,(anonymous_23)
FNDA:1,(anonymous_24)
FNDA:1,focusTabGroup
FNDA:2,pushStatus
FNDA:2,popStatus
FNDA:5,runTask
FNDA:5,(anonymous_29)
FNDA:4,(anonymous_30)
FNDA:4,(anonymous_31)
FNDA:3,run
FNDA:3,(anonymous_33)
FNDA:1,(anonymous_34)
FNDA:1,build
FNDA:1,(anonymous_36)
FNDA:1,setViewType
DA:22,7
DA:23,16
DA:24,13
DA:25,0
DA:26,29
DA:27,16
DA:30,7
DA:31,7
DA:32,7
DA:33,7
DA:34,7
DA:35,7
DA:36,7
DA:37,7
DA:38,7
DA:40,7
DA:41,7
DA:42,7
DA:43,7
DA:44,7
DA:45,7
DA:46,7
DA:47,7
DA:48,7
DA:49,7
DA:50,7
DA:51,7
DA:52,7
DA:53,7
DA:54,7
DA:55,7
DA:56,7
DA:57,7
DA:58,7
DA:61,1
DA:67,7
DA:69,1
DA:74,7
DA:76,2
DA:80,7
DA:82,1
DA:89,7
DA:91,1
DA:96,7
DA:98,6
DA:104,7
DA:106,1
DA:110,7
DA:112,2
DA:118,7
DA:120,1
DA:125,7
DA:127,1
DA:132,7
DA:134,2
DA:141,7
DA:143,2
DA:148,7
DA:150,2
DA:151,2
DA:152,2
DA:153,2
DA:157,2
DA:158,1
DA:162,7
DA:164,1
DA:165,1
DA:166,1
DA:167,1
DA:168,1
DA:169,1
DA:171,1
DA:172,1
DA:173,1
DA:178,7
DA:180,1
DA:185,7
DA:187,2
DA:192,7
DA:194,2
DA:198,7
DA:200,5
DA:202,5
DA:203,4
DA:204,4
DA:206,5
DA:207,5
DA:208,2
DA:211,3
DA:212,1
DA:213,1
DA:216,2
DA:217,1
DA:220,1
DA:226,7
DA:228,3
DA:229,3
DA:230,3
DA:231,3
DA:232,3
DA:233,3
DA:234,1
DA:235,1
DA:237,3
DA:238,3
DA:239,1
DA:240,1
DA:242,2
DA:248,7
DA:250,1
DA:251,1
DA:252,1
DA:253,1
DA:256,7
DA:258,1
DA:264,7
LF:116
LH:115
BRDA:22,0,0,7
BRDA:22,0,1,7
BRDA:22,0,2,7
BRDA:23,1,0,16
BRDA:23,1,1,16
BRDA:26,2,0,16
BRDA:26,2,1,13
BRDA:27,3,0,16
BRDA:27,3,1,16
BRDA:59,4,0,7
BRDA:59,4,1,7
BRDA:97,5,0,4
BRDA:111,6,0,1
BRDA:133,7,0,1
BRDA:133,8,0,1
BRDA:157,9,0,1
BRDA:157,9,1,1
BRDA:199,10,0,4
BRDA:199,11,0,4
BRDA:207,12,0,2
BRDA:207,12,1,3
BRDA:211,13,0,1
BRDA:211,13,1,2
BRDA:216,14,0,1
BRDA:216,14,1,1
BRDA:238,15,0,1
BRDA:238,15,1,2
BRF:27
BRH:27
end_of_record
TN:
SF:/home/travis/build/wasdk/WebAssemblyStudio/src/actions/ArcActions.ts
FN:22,(anonymous_0)
FN:23,(anonymous_1)
FN:24,fulfilled
FN:25,rejected
FN:26,step
FN:26,(anonymous_5)
FN:34,publishArc
FN:35,(anonymous_7)
FN:42,notifyArcAboutFork
FNF:9
FNH:8
FNDA:1,(anonymous_0)
FNDA:1,(anonymous_1)
FNDA:1,fulfilled
FNDA:0,rejected
FNDA:2,step
FNDA:1,(anonymous_5)
FNDA:1,publishArc
FNDA:1,(anonymous_7)
FNDA:1,notifyArcAboutFork
DA:22,1
DA:23,1
DA:24,1
DA:25,0
DA:26,2
DA:27,1
DA:30,1
DA:31,1
DA:32,1
DA:33,1
DA:35,1
DA:36,1
DA:37,1
DA:38,1
DA:41,1
DA:43,1
DA:45,1
LF:17
LH:16
BRDA:22,0,0,1
BRDA:22,0,1,1
BRDA:22,0,2,1
BRDA:23,1,0,1
BRDA:23,1,1,1
BRDA:26,2,0,1
BRDA:26,2,1,1
BRDA:27,3,0,1
BRDA:27,3,1,1
BRF:9
BRH:9
end_of_record
TN:
SF:/home/travis/build/wasdk/WebAssemblyStudio/src/compilerServices/clangService.ts
FN:2,(anonymous_0)
FN:3,(anonymous_1)
FN:4,fulfilled
FN:5,rejected
FN:6,step
FN:6,(anonymous_5)
FN:14,(anonymous_6)
FN:17,(anonymous_7)
FN:18,(anonymous_8)
FNF:9
FNH:0
FNDA:0,(anonymous_0)
FNDA:0,(anonymous_1)
FNDA:0,fulfilled
FNDA:0,rejected
FNDA:0,step
FNDA:0,(anonymous_5)
FNDA:0,(anonymous_6)
FNDA:0,(anonymous_7)
FNDA:0,(anonymous_8)
DA:2,15
DA:3,0
DA:4,0
DA:5,0
DA:6,0
DA:7,0
DA:10,15
DA:11,15
DA:12,15
DA:15,0
DA:18,0
DA:19,0
DA:20,0
DA:21,0
DA:23,0
DA:24,0
DA:25,0
DA:26,0
DA:38,0
DA:39,0
DA:41,0
DA:42,0
DA:45,0
DA:46,0
DA:48,0
DA:58,15
LF:26
LH:5
BRDA:2,0,0,15
BRDA:2,0,1,15
BRDA:2,0,2,15
BRDA:3,1,0,0
BRDA:3,1,1,0
BRDA:6,2,0,0
BRDA:6,2,1,0
BRDA:7,3,0,0
BRDA:7,3,1,0
BRDA:20,4,0,0
BRDA:20,4,1,0
BRDA:41,5,0,0
BRDA:41,5,1,0
BRDA:45,6,0,0
BRDA:45,6,1,0
BRDA:45,7,0,0
BRDA:45,7,1,0
BRF:17
BRH:3
end_of_record
TN:
SF:/home/travis/build/wasdk/WebAssemblyStudio/src/compilerServices/index.ts
FN:2,(anonymous_0)
FN:3,(anonymous_1)
FN:4,fulfilled
FN:5,rejected
FN:6,step
FN:6,(anonymous_5)
FN:42,createCompilerService
FN:43,(anonymous_7)
FNF:8
FNH:0
FNDA:0,(anonymous_0)
FNDA:0,(anonymous_1)
FNDA:0,fulfilled
FNDA:0,rejected
FNDA:0,step
FNDA:0,(anonymous_5)
FNDA:0,createCompilerService
FNDA:0,(anonymous_7)
DA:2,15
DA:3,0
DA:4,0
DA:5,0
DA:6,0
DA:7,0
DA:10,15
DA:31,15
DA:32,15
DA:33,15
DA:34,15
DA:35,15
DA:36,15
DA:37,15
DA:38,15
DA:39,15
DA:40,15
DA:41,15
DA:43,0
DA:44,0
DA:45,0
DA:47,0
DA:48,0
DA:50,0
DA:51,0
DA:53,0
DA:56,15
LF:27
LH:14
BRDA:2,0,0,15
BRDA:2,0,1,15
BRDA:2,0,2,15
BRDA:3,1,0,0
BRDA:3,1,1,0
BRDA:6,2,0,0
BRDA:6,2,1,0
BRDA:7,3,0,0
BRDA:7,3,1,0
BRDA:44,4,0,0
BRDA:44,4,1,0
BRDA:44,5,0,0
BRDA:44,5,1,0
BRDA:47,6,0,0
BRDA:47,6,1,0
BRDA:47,7,0,0
BRDA:47,7,1,0
BRDA:47,7,2,0
BRDA:50,8,0,0
BRDA:50,8,1,0
BRDA:50,9,0,0
BRDA:50,9,1,0
BRF:22
BRH:3
end_of_record
TN:
SF:/home/travis/build/wasdk/WebAssemblyStudio/src/compilerServices/rustService.ts
FN:2,(anonymous_0)
FN:3,(anonymous_1)
FN:4,fulfilled
FN:5,rejected
FN:6,step
FN:6,(anonymous_5)
FN:16,(anonymous_6)
FN:17,(anonymous_7)
FN:25,(anonymous_8)
FNF:9
FNH:0
FNDA:0,(anonymous_0)
FNDA:0,(anonymous_1)
FNDA:0,fulfilled
FNDA:0,rejected
FNDA:0,step
FNDA:0,(anonymous_5)
FNDA:0,(anonymous_6)
FNDA:0,(anonymous_7)
FNDA:0,(anonymous_8)
DA:2,15
DA:3,0
DA:4,0
DA:5,0
DA:6,0
DA:7,0
DA:10,15
DA:11,15
DA:12,15
DA:13,15
DA:14,15
DA:17,0
DA:20,0
DA:21,0
DA:22,0
DA:23,0
DA:24,0
DA:25,0
DA:26,0
DA:28,0
DA:29,0
DA:30,0
DA:33,0
DA:34,0
DA:35,0
DA:37,0
DA:38,0
DA:39,0
DA:41,0
DA:43,0
DA:44,0
DA:47,0
DA:48,0
DA:50,0
DA:51,0
DA:52,0
DA:56,0
DA:64,15
LF:38
LH:7
BRDA:2,0,0,15
BRDA:2,0,1,15
BRDA:2,0,2,15
BRDA:3,1,0,0
BRDA:3,1,1,0
BRDA:6,2,0,0
BRDA:6,2,1,0
BRDA:7,3,0,0
BRDA:7,3,1,0
BRDA:22,4,0,0
BRDA:22,4,1,0
BRDA:34,5,0,0
BRDA:34,5,1,0
BRDA:43,6,0,0
BRDA:43,6,1,0
BRDA:47,7,0,0
BRDA:47,7,1,0
BRDA:47,8,0,0
BRDA:47,8,1,0
BRDA:51,9,0,0
BRDA:51,9,1,0
BRF:21
BRH:3
end_of_record
TN:
SF:/home/travis/build/wasdk/WebAssemblyStudio/src/compilerServices/sendRequest.ts
FN:2,(anonymous_0)
FN:3,(anonymous_1)
FN:4,fulfilled
FN:5,rejected
FN:6,step
FN:6,(anonymous_5)
FN:33,(anonymous_6)
FN:39,getServiceURL
FN:40,(anonymous_8)
FN:56,parseJSONResponse
FN:57,(anonymous_10)
FN:71,sendRequestJSON
FN:72,(anonymous_12)
FN:83,sendRequest
FN:84,(anonymous_14)
FNF:15
FNH:1
FNDA:0,(anonymous_0)
FNDA:0,(anonymous_1)
FNDA:0,fulfilled
FNDA:0,rejected
FNDA:0,step
FNDA:0,(anonymous_5)
FNDA:15,(anonymous_6)
FNDA:0,getServiceURL
FNDA:0,(anonymous_8)
FNDA:0,parseJSONResponse
FNDA:0,(anonymous_10)
FNDA:0,sendRequestJSON
FNDA:0,(anonymous_12)
FNDA:0,sendRequest
FNDA:0,(anonymous_14)
DA:2,15
DA:3,0
DA:4,0
DA:5,0
DA:6,0
DA:7,0
DA:10,15
DA:31,15
DA:33,15
DA:34,15
DA:35,15
DA:36,15
DA:37,15
DA:40,0
DA:41,0
DA:42,0
DA:44,0
DA:46,0
DA:48,0
DA:50,0
DA:52,0
DA:57,0
DA:58,0
DA:59,0
DA:60,0
DA:61,0
DA:65,0
DA:72,0
DA:73,0
DA:74,0
DA:79,0
DA:82,15
DA:84,0
DA:85,0
DA:86,0
DA:91,0
DA:94,15
LF:37
LH:10
BRDA:2,0,0,15
BRDA:2,0,1,15
BRDA:2,0,2,15
BRDA:3,1,0,0
BRDA:3,1,1,0
BRDA:6,2,0,0
BRDA:6,2,1,0
BRDA:7,3,0,0
BRDA:7,3,1,0
BRDA:38,4,0,15
BRDA:38,4,1,15
BRDA:42,5,0,0
BRDA:42,5,1,0
BRDA:42,5,2,0
BRDA:42,5,3,0
BRDA:42,5,4,0
BRDA:59,6,0,0
BRDA:59,6,1,0
BRF:18
BRH:5
end_of_record
TN:
SF:/home/travis/build/wasdk/WebAssemblyStudio/src/compilerServices/types.ts
FN:24,(anonymous_0)
FNF:1
FNH:1
FNDA:15,(anonymous_0)
DA:2,15
DA:24,15
DA:25,15
DA:26,15
DA:27,15
DA:28,15
DA:29,15
DA:30,15
DA:31,15
DA:32,15
DA:33,15
DA:34,15
DA:35,15
DA:36,15
LF:14
LH:14
BRDA:37,0,0,15
BRDA:37,0,1,15
BRF:2
BRH:2
end_of_record
TN:
SF:/home/travis/build/wasdk/WebAssemblyStudio/src/compilerServices/utils.ts
FN:2,(anonymous_0)
FN:3,(anonymous_1)
FN:4,fulfilled
FN:5,rejected
FN:6,step
FN:6,(anonymous_5)
FN:34,decodeBinary
FN:35,(anonymous_7)
FN:44,encodeBinary
FNF:9
FNH:0
FNDA:0,(anonymous_0)
FNDA:0,(anonymous_1)
FNDA:0,fulfilled
FNDA:0,rejected
FNDA:0,step
FNDA:0,(anonymous_5)
FNDA:0,decodeBinary
FNDA:0,(anonymous_7)
FNDA:0,encodeBinary
DA:2,15
DA:3,0
DA:4,0
DA:5,0
DA:6,0
DA:7,0
DA:10,15
DA:31,15
DA:32,15
DA:33,15
DA:35,0
DA:36,0
DA:37,0
DA:38,0
DA:40,0
DA:43,15
DA:45,0
DA:47,15
LF:18
LH:7
BRDA:2,0,0,15
BRDA:2,0,1,15
BRDA:2,0,2,15
BRDA:3,1,0,0
BRDA:3,1,1,0
BRDA:6,2,0,0
BRDA:6,2,1,0
BRDA:7,3,0,0
BRDA:7,3,1,0
BRDA:37,4,0,0
BRDA:37,4,1,0
BRF:11
BRH:3
end_of_record
TN:
SF:/home/travis/build/wasdk/WebAssemblyStudio/src/compilerServices/x86Service.ts
FN:2,(anonymous_0)
FN:3,(anonymous_1)
FN:4,fulfilled
FN:5,rejected
FN:6,step
FN:6,(anonymous_5)
FN:14,(anonymous_6)
FN:15,(anonymous_7)
FNF:8
FNH:0
FNDA:0,(anonymous_0)
FNDA:0,(anonymous_1)
FNDA:0,fulfilled
FNDA:0,rejected
FNDA:0,step
FNDA:0,(anonymous_5)
FNDA:0,(anonymous_6)
FNDA:0,(anonymous_7)
DA:2,15
DA:3,0
DA:4,0
DA:5,0
DA:6,0
DA:7,0
DA:10,15
DA:11,15
DA:12,15
DA:15,0
DA:16,0
DA:17,0
DA:18,0
DA:20,0
DA:21,0
DA:22,0
DA:23,0
DA:24,0
DA:33,15
LF:19
LH:5
BRDA:2,0,0,15
BRDA:2,0,1,15
BRDA:2,0,2,15
BRDA:3,1,0,0
BRDA:3,1,1,0
BRDA:6,2,0,0
BRDA:6,2,1,0
BRDA:7,3,0,0
BRDA:7,3,1,0
BRDA:17,4,0,0
BRDA:17,4,1,0
BRF:11
BRH:3
end_of_record
TN:
SF:/home/travis/build/wasdk/WebAssemblyStudio/src/components/App.tsx
FN:22,(anonymous_0)
FN:23,(anonymous_1)
FN:24,fulfilled
FN:25,rejected
FN:26,step
FN:26,(anonymous_5)
FN:58,(anonymous_6)
FN:64,(anonymous_7)
FN:104,(anonymous_8)
FN:105,(anonymous_9)
FN:119,(anonymous_10)
FN:122,(anonymous_11)
FN:123,(anonymous_12)
FN:145,(anonymous_13)
FN:146,(anonymous_14)
FN:150,(anonymous_15)
FN:153,(anonymous_16)
FN:160,(anonymous_17)
FN:165,(anonymous_18)
FN:180,(anonymous_19)
FN:181,(anonymous_20)
FN:189,(anonymous_21)
FN:190,(anonymous_22)
FN:198,(anonymous_23)
FN:199,(anonymous_24)
FN:202,(anonymous_25)
FN:210,(anonymous_26)
FN:219,(anonymous_27)
FN:222,(anonymous_28)
FN:225,(anonymous_29)
FN:228,(anonymous_30)
FN:234,(anonymous_31)
FN:237,(anonymous_32)
FN:238,(anonymous_33)
FN:242,(anonymous_34)
FN:243,(anonymous_35)
FN:263,(anonymous_36)
FN:264,(anonymous_37)
FN:282,(anonymous_38)
FN:283,(anonymous_39)
FN:285,(anonymous_40)
FN:291,(anonymous_41)
FN:294,(anonymous_42)
FN:296,(anonymous_43)
FN:317,(anonymous_44)
FN:323,(anonymous_45)
FN:328,(anonymous_46)
FN:330,(anonymous_47)
FN:332,(anonymous_48)
FN:336,(anonymous_49)
FN:340,(anonymous_50)
FN:342,(anonymous_51)
FN:347,(anonymous_52)
FN:350,(anonymous_53)
FN:355,(anonymous_54)
FN:361,(anonymous_55)
FN:363,(anonymous_56)
FN:369,(anonymous_57)
FN:371,(anonymous_58)
FN:371,(anonymous_59)
FN:374,(anonymous_60)
FN:374,(anonymous_61)
FN:381,(anonymous_62)
FN:384,(anonymous_63)
FN:392,(anonymous_64)
FN:397,(anonymous_65)
FN:399,(anonymous_66)
FN:401,(anonymous_67)
FN:401,(anonymous_68)
FN:406,(anonymous_69)
FN:408,(anonymous_70)
FN:413,(anonymous_71)
FN:415,(anonymous_72)
FN:421,(anonymous_73)
FN:425,(anonymous_74)
FN:427,(anonymous_75)
FN:429,(anonymous_76)
FN:435,(anonymous_77)
FN:437,(anonymous_78)
FN:442,(anonymous_79)
FN:446,(anonymous_80)
FN:448,(anonymous_81)
FN:450,(anonymous_82)
FN:462,(anonymous_83)
FN:466,(anonymous_84)
FN:471,(anonymous_85)
FN:473,(anonymous_86)
FN:475,(anonymous_87)
FN:477,(anonymous_88)
FN:484,(anonymous_89)
FN:489,(anonymous_90)
FNF:91
FNH:0
FNDA:0,(anonymous_0)
FNDA:0,(anonymous_1)
FNDA:0,fulfilled
FNDA:0,rejected
FNDA:0,step
FNDA:0,(anonymous_5)
FNDA:0,(anonymous_6)
FNDA:0,(anonymous_7)
FNDA:0,(anonymous_8)
FNDA:0,(anonymous_9)
FNDA:0,(anonymous_10)
FNDA:0,(anonymous_11)
FNDA:0,(anonymous_12)
FNDA:0,(anonymous_13)
FNDA:0,(anonymous_14)
FNDA:0,(anonymous_15)
FNDA:0,(anonymous_16)
FNDA:0,(anonymous_17)
FNDA:0,(anonymous_18)
FNDA:0,(anonymous_19)
FNDA:0,(anonymous_20)
FNDA:0,(anonymous_21)
FNDA:0,(anonymous_22)
FNDA:0,(anonymous_23)
FNDA:0,(anonymous_24)
FNDA:0,(anonymous_25)
FNDA:0,(anonymous_26)
FNDA:0,(anonymous_27)
FNDA:0,(anonymous_28)
FNDA:0,(anonymous_29)
FNDA:0,(anonymous_30)
FNDA:0,(anonymous_31)
FNDA:0,(anonymous_32)
FNDA:0,(anonymous_33)
FNDA:0,(anonymous_34)
FNDA:0,(anonymous_35)
FNDA:0,(anonymous_36)
FNDA:0,(anonymous_37)
FNDA:0,(anonymous_38)
FNDA:0,(anonymous_39)
FNDA:0,(anonymous_40)
FNDA:0,(anonymous_41)
FNDA:0,(anonymous_42)
FNDA:0,(anonymous_43)
FNDA:0,(anonymous_44)
FNDA:0,(anonymous_45)
FNDA:0,(anonymous_46)
FNDA:0,(anonymous_47)
FNDA:0,(anonymous_48)
FNDA:0,(anonymous_49)
FNDA:0,(anonymous_50)
FNDA:0,(anonymous_51)
FNDA:0,(anonymous_52)
FNDA:0,(anonymous_53)
FNDA:0,(anonymous_54)
FNDA:0,(anonymous_55)
FNDA:0,(anonymous_56)
FNDA:0,(anonymous_57)
FNDA:0,(anonymous_58)
FNDA:0,(anonymous_59)
FNDA:0,(anonymous_60)
FNDA:0,(anonymous_61)
FNDA:0,(anonymous_62)
FNDA:0,(anonymous_63)
FNDA:0,(anonymous_64)
FNDA:0,(anonymous_65)
FNDA:0,(anonymous_66)
FNDA:0,(anonymous_67)
FNDA:0,(anonymous_68)
FNDA:0,(anonymous_69)
FNDA:0,(anonymous_70)
FNDA:0,(anonymous_71)
FNDA:0,(anonymous_72)
FNDA:0,(anonymous_73)
FNDA:0,(anonymous_74)
FNDA:0,(anonymous_75)
FNDA:0,(anonymous_76)
FNDA:0,(anonymous_77)
FNDA:0,(anonymous_78)
FNDA:0,(anonymous_79)
FNDA:0,(anonymous_80)
FNDA:0,(anonymous_81)
FNDA:0,(anonymous_82)
FNDA:0,(anonymous_83)
FNDA:0,(anonymous_84)
FNDA:0,(anonymous_85)
FNDA:0,(anonymous_86)
FNDA:0,(anonymous_87)
FNDA:0,(anonymous_88)
FNDA:0,(anonymous_89)
FNDA:0,(anonymous_90)
DA:22,0
DA:23,0
DA:24,0
DA:25,0
DA:26,0
DA:27,0
DA:30,0
DA:31,0
DA:32,0
DA:33,0
DA:34,0
DA:35,0
DA:36,0
DA:37,0
DA:38,0
DA:39,0
DA:40,0
DA:41,0
DA:42,0
DA:43,0
DA:44,0
DA:45,0
DA:46,0
DA:47,0
DA:48,0
DA:49,0
DA:50,0
DA:51,0
DA:52,0
DA:53,0
DA:54,0
DA:55,0
DA:56,0
DA:58,0
DA:59,0
DA:60,0
DA:61,0
DA:65,0
DA:69,0
DA:70,0
DA:105,0
DA:106,0
DA:107,0
DA:113,0
DA:114,0
DA:115,0
DA:120,0
DA:123,0
DA:124,0
DA:125,0
DA:126,0
DA:127,0
DA:128,0
DA:129,0
DA:130,0
DA:131,0
DA:132,0
DA:136,0
DA:137,0
DA:146,0
DA:147,0
DA:148,0
DA:150,0
DA:151,0
DA:153,0
DA:154,0
DA:158,0
DA:160,0
DA:161,0
DA:165,0
DA:166,0
DA:167,0
DA:181,0
DA:182,0
DA:183,0
DA:184,0
DA:185,0
DA:186,0
DA:190,0
DA:191,0
DA:192,0
DA:193,0
DA:194,0
DA:195,0
DA:199,0
DA:200,0
DA:202,0
DA:203,0
DA:204,0
DA:207,0
DA:210,0
DA:211,0
DA:212,0
DA:215,0
DA:220,0
DA:223,0
DA:226,0
DA:227,0
DA:228,0
DA:229,0
DA:235,0
DA:238,0
DA:239,0
DA:243,0
DA:244,0
DA:245,0
DA:246,0
DA:247,0
DA:248,0
DA:249,0
DA:250,0
DA:251,0
DA:254,0
DA:255,0
DA:257,0
DA:258,0
DA:259,0
DA:264,0
DA:265,0
DA:266,0
DA:267,0
DA:268,0
DA:269,0
DA:270,0
DA:271,0
DA:275,0
DA:278,0
DA:283,0
DA:284,0
DA:285,0
DA:286,0
DA:287,0
DA:288,0
DA:292,0
DA:295,0
DA:297,0
DA:298,0
DA:299,0
DA:300,0
DA:301,0
DA:302,0
DA:303,0
DA:306,0
DA:307,0
DA:309,0
DA:312,0
DA:313,0
DA:315,0
DA:317,0
DA:318,0
DA:321,0
DA:323,0
DA:324,0
DA:327,0
DA:328,0
DA:329,0
DA:331,0
DA:333,0
DA:336,0
DA:337,0
DA:339,0
DA:340,0
DA:341,0
DA:343,0
DA:346,0
DA:347,0
DA:348,0
DA:350,0
DA:351,0
DA:354,0
DA:355,0
DA:356,0
DA:359,0
DA:362,0
DA:363,0
DA:364,0
DA:365,0
DA:366,0
DA:367,0
DA:369,0
DA:371,0
DA:373,0
DA:374,0
DA:375,0
DA:377,0
DA:379,0
DA:380,0
DA:382,0
DA:383,0
DA:385,0
DA:386,0
DA:390,0
DA:393,0
DA:394,0
DA:396,0
DA:397,0
DA:400,0
DA:401,0
DA:402,0
DA:403,0
DA:407,0
DA:409,0
DA:410,0
DA:414,0
DA:416,0
DA:417,0
DA:418,0
DA:422,0
DA:426,0
DA:429,0
DA:430,0
DA:432,0
DA:436,0
DA:438,0
DA:439,0
DA:443,0
DA:444,0
DA:447,0
DA:449,0
DA:451,0
DA:452,0
DA:453,0
DA:456,0
DA:458,0
DA:459,0
DA:460,0
DA:464,0
DA:465,0
DA:467,0
DA:468,0
DA:470,0
DA:472,0
DA:474,0
DA:476,0
DA:478,0
DA:485,0
DA:486,0
DA:490,0
DA:491,0
DA:492,0
DA:493,0
DA:499,0
LF:242
LH:0
BRDA:22,0,0,0
BRDA:22,0,1,0
BRDA:22,0,2,0
BRDA:23,1,0,0
BRDA:23,1,1,0
BRDA:26,2,0,0
BRDA:26,2,1,0
BRDA:27,3,0,0
BRDA:27,3,1,0
BRDA:62,4,0,0
BRDA:62,4,1,0
BRDA:114,5,0,0
BRDA:114,5,1,0
BRDA:128,6,0,0
BRDA:128,6,1,0
BRDA:131,7,0,0
BRDA:131,7,1,0
BRDA:136,8,0,0
BRDA:136,8,1,0
BRDA:203,9,0,0
BRDA:203,9,1,0
BRDA:211,10,0,0
BRDA:211,10,1,0
BRDA:219,11,0,0
BRDA:249,12,0,0
BRDA:249,12,1,0
BRDA:254,13,0,0
BRDA:254,13,1,0
BRDA:258,14,0,0
BRDA:258,14,1,0
BRDA:266,15,0,0
BRDA:266,15,1,0
BRDA:269,16,0,0
BRDA:269,16,1,0
BRDA:270,17,0,0
BRDA:270,17,1,0
BRDA:300,18,0,0
BRDA:300,18,1,0
BRDA:312,19,0,0
BRDA:312,19,1,0
BRDA:315,20,0,0
BRDA:315,20,1,0
BRDA:315,21,0,0
BRDA:315,21,1,0
BRDA:321,22,0,0
BRDA:321,22,1,0
BRDA:321,23,0,0
BRDA:321,23,1,0
BRDA:327,24,0,0
BRDA:327,24,1,0
BRDA:332,25,0,0
BRDA:332,25,1,0
BRDA:332,26,0,0
BRDA:332,26,1,0
BRDA:339,27,0,0
BRDA:339,27,1,0
BRDA:346,28,0,0
BRDA:346,28,1,0
BRDA:354,29,0,0
BRDA:354,29,1,0
BRDA:366,30,0,0
BRDA:366,30,1,0
BRDA:375,31,0,0
BRDA:375,31,1,0
BRDA:398,32,0,0
BRDA:398,32,1,0
BRDA:405,33,0,0
BRDA:405,33,1,0
BRDA:412,34,0,0
BRDA:412,34,1,0
BRDA:420,35,0,0
BRDA:420,35,1,0
BRDA:424,36,0,0
BRDA:424,36,1,0
BRDA:434,37,0,0
BRDA:434,37,1,0
BRDA:452,38,0,0
BRDA:452,38,1,0
BRDA:458,39,0,0
BRDA:458,39,1,0
BRDA:467,40,0,0
BRDA:467,40,1,0
BRDA:491,41,0,0
BRDA:491,41,1,0
BRF:84
BRH:0
end_of_record
TN:
SF:/home/travis/build/wasdk/WebAssemblyStudio/src/components/Binary.tsx
FN:33,toHex
FN:41,(anonymous_1)
FN:43,(anonymous_2)
FN:50,(anonymous_3)
FN:53,(anonymous_4)
FN:56,(anonymous_5)
FN:64,(anonymous_6)
FNF:7
FNH:5
FNDA:1,toHex
FNDA:1,(anonymous_1)
FNDA:0,(anonymous_2)
FNDA:1,(anonymous_3)
FNDA:1,(anonymous_4)
FNDA:0,(anonymous_5)
FNDA:1,(anonymous_6)
DA:22,5
DA:23,5
DA:24,5
DA:34,1
DA:35,1
DA:36,7
DA:38,1
DA:42,1
DA:43,1
DA:44,0
DA:45,0
DA:47,1
DA:48,1
DA:51,1
DA:54,1
DA:57,0
DA:58,0
DA:59,0
DA:60,0
DA:61,0
DA:65,1
DA:66,1
DA:67,1
DA:68,1
DA:69,1
DA:70,1
DA:71,1
DA:72,1
DA:73,1
DA:74,1
DA:75,0
DA:76,0
DA:77,0
DA:79,1
DA:85,1
DA:88,5
LF:36
LH:26
BRDA:59,0,0,0
BRDA:59,0,1,0
BRDA:77,1,0,0
BRDA:77,1,1,0
BRDA:77,2,0,0
BRDA:77,2,1,0
BRF:6
BRH:0
end_of_record
TN:
SF:/home/travis/build/wasdk/WebAssemblyStudio/src/components/BrowserNotSupported.tsx
FN:26,(anonymous_0)
FN:29,(anonymous_1)
FNF:2
FNH:0
FNDA:0,(anonymous_0)
FNDA:0,(anonymous_1)
DA:22,0
DA:23,0
DA:24,0
DA:27,0
DA:30,0
DA:38,0
LF:6
LH:0
BRF:0
BRH:0
end_of_record
TN:
SF:/home/travis/build/wasdk/WebAssemblyStudio/src/components/ControlCenter.tsx
FN:33,(anonymous_0)
FN:35,(anonymous_1)
FN:50,(anonymous_2)
FN:53,(anonymous_3)
FN:56,(anonymous_4)
FN:59,(anonymous_5)
FN:61,(anonymous_6)
FN:74,(anonymous_7)
FN:77,(anonymous_8)
FN:84,(anonymous_9)
FN:87,(anonymous_10)
FN:89,(anonymous_11)
FN:94,(anonymous_12)
FN:98,(anonymous_13)
FN:103,(anonymous_14)
FN:106,(anonymous_15)
FN:112,(anonymous_16)
FNF:17
FNH:8
FNDA:2,(anonymous_0)
FNDA:0,(anonymous_1)
FNDA:2,(anonymous_2)
FNDA:0,(anonymous_3)
FNDA:0,(anonymous_4)
FNDA:0,(anonymous_5)
FNDA:0,(anonymous_6)
FNDA:4,(anonymous_7)
FNDA:0,(anonymous_8)
FNDA:2,(anonymous_9)
FNDA:2,(anonymous_10)
FNDA:0,(anonymous_11)
FNDA:4,(anonymous_12)
FNDA:0,(anonymous_13)
FNDA:1,(anonymous_14)
FNDA:1,(anonymous_15)
FNDA:0,(anonymous_16)
DA:22,1
DA:23,1
DA:24,1
DA:25,1
DA:26,1
DA:27,1
DA:28,1
DA:29,1
DA:30,1
DA:31,1
DA:34,2
DA:35,2
DA:36,0
DA:38,2
DA:39,2
DA:40,2
DA:51,2
DA:54,0
DA:57,0
DA:60,0
DA:61,0
DA:62,0
DA:63,0
DA:69,0
DA:70,0
DA:72,0
DA:75,4
DA:77,3
DA:79,1
DA:81,0
DA:85,2
DA:88,2
DA:89,2
DA:90,0
DA:92,2
DA:95,4
DA:99,0
DA:104,1
DA:107,1
DA:113,0
DA:114,0
DA:120,1
LF:42
LH:27
BRDA:60,0,0,0
BRDA:60,0,1,0
BRDA:69,1,0,0
BRDA:69,1,1,0
BRDA:75,2,0,3
BRDA:75,2,1,1
BRDA:75,2,2,0
BRDA:99,3,0,0
BRDA:99,3,1,0
BRDA:109,4,0,0
BRDA:109,4,1,4
BRF:11
BRH:3
end_of_record
TN:
SF:/home/travis/build/wasdk/WebAssemblyStudio/src/components/DirectoryTree.tsx
FN:22,(anonymous_0)
FN:23,(anonymous_1)
FN:24,fulfilled
FN:25,rejected
FN:26,step
FN:26,(anonymous_5)
FN:40,(anonymous_6)
FN:55,(anonymous_7)
FN:58,(anonymous_8)
FN:116,(anonymous_9)
FN:120,(anonymous_10)
FN:124,(anonymous_11)
FN:133,(anonymous_12)
FN:139,(anonymous_13)
FN:145,(anonymous_14)
FN:152,(anonymous_15)
FN:155,(anonymous_16)
FN:158,(anonymous_17)
FN:164,(anonymous_18)
FN:167,(anonymous_19)
FN:170,(anonymous_20)
FN:176,(anonymous_21)
FN:182,(anonymous_22)
FN:182,(anonymous_23)
FN:186,(anonymous_24)
FN:189,(anonymous_25)
FN:192,(anonymous_26)
FN:195,(anonymous_27)
FN:198,(anonymous_28)
FN:201,(anonymous_29)
FN:204,(anonymous_30)
FN:207,(anonymous_31)
FN:210,(anonymous_32)
FN:213,(anonymous_33)
FN:218,(anonymous_34)
FN:223,(anonymous_35)
FN:226,(anonymous_36)
FN:231,(anonymous_37)
FN:232,(anonymous_38)
FN:235,(anonymous_39)
FN:238,(anonymous_40)
FN:257,(anonymous_41)
FN:263,(anonymous_42)
FN:269,(anonymous_43)
FN:276,(anonymous_44)
FN:278,mimeTypeUploadIsAllowed
FN:287,(anonymous_46)
FN:290,(anonymous_47)
FN:308,(anonymous_48)
FN:309,(anonymous_49)
FN:326,(anonymous_50)
FN:332,(anonymous_51)
FN:338,(anonymous_52)
FN:344,(anonymous_53)
FN:349,(anonymous_54)
FN:352,(anonymous_55)
FN:355,(anonymous_56)
FN:358,(anonymous_57)
FN:366,(anonymous_58)
FN:379,(anonymous_59)
FN:382,(anonymous_60)
FN:389,(anonymous_61)
FN:392,(anonymous_62)
FN:402,(anonymous_63)
FN:403,(anonymous_64)
FNF:65
FNH:0
FNDA:0,(anonymous_0)
FNDA:0,(anonymous_1)
FNDA:0,fulfilled
FNDA:0,rejected
FNDA:0,step
FNDA:0,(anonymous_5)
FNDA:0,(anonymous_6)
FNDA:0,(anonymous_7)
FNDA:0,(anonymous_8)
FNDA:0,(anonymous_9)
FNDA:0,(anonymous_10)
FNDA:0,(anonymous_11)
FNDA:0,(anonymous_12)
FNDA:0,(anonymous_13)
FNDA:0,(anonymous_14)
FNDA:0,(anonymous_15)
FNDA:0,(anonymous_16)
FNDA:0,(anonymous_17)
FNDA:0,(anonymous_18)
FNDA:0,(anonymous_19)
FNDA:0,(anonymous_20)
FNDA:0,(anonymous_21)
FNDA:0,(anonymous_22)
FNDA:0,(anonymous_23)
FNDA:0,(anonymous_24)
FNDA:0,(anonymous_25)
FNDA:0,(anonymous_26)
FNDA:0,(anonymous_27)
FNDA:0,(anonymous_28)
FNDA:0,(anonymous_29)
FNDA:0,(anonymous_30)
FNDA:0,(anonymous_31)
FNDA:0,(anonymous_32)
FNDA:0,(anonymous_33)
FNDA:0,(anonymous_34)
FNDA:0,(anonymous_35)
FNDA:0,(anonymous_36)
FNDA:0,(anonymous_37)
FNDA:0,(anonymous_38)
FNDA:0,(anonymous_39)
FNDA:0,(anonymous_40)
FNDA:0,(anonymous_41)
FNDA:0,(anonymous_42)
FNDA:0,(anonymous_43)
FNDA:0,(anonymous_44)
FNDA:0,mimeTypeUploadIsAllowed
FNDA:0,(anonymous_46)
FNDA:0,(anonymous_47)
FNDA:0,(anonymous_48)
FNDA:0,(anonymous_49)
FNDA:0,(anonymous_50)
FNDA:0,(anonymous_51)
FNDA:0,(anonymous_52)
FNDA:0,(anonymous_53)
FNDA:0,(anonymous_54)
FNDA:0,(anonymous_55)
FNDA:0,(anonymous_56)
FNDA:0,(anonymous_57)
FNDA:0,(anonymous_58)
FNDA:0,(anonymous_59)
FNDA:0,(anonymous_60)
FNDA:0,(anonymous_61)
FNDA:0,(anonymous_62)
FNDA:0,(anonymous_63)
FNDA:0,(anonymous_64)
DA:22,1
DA:23,0
DA:24,0
DA:25,0
DA:26,0
DA:27,0
DA:30,1
DA:31,1
DA:32,1
DA:33,1
DA:34,1
DA:35,1
DA:36,1
DA:37,1
DA:38,1
DA:41,0
DA:42,0
DA:43,0
DA:44,0
DA:45,0
DA:46,0
DA:47,0
DA:48,0
DA:49,0
DA:50,0
DA:51,0
DA:52,0
DA:53,0
DA:59,0
DA:60,0
DA:62,0
DA:63,0
DA:65,0
DA:66,0
DA:68,0
DA:69,0
DA:71,0
DA:72,0
DA:74,0
DA:75,0
DA:77,0
DA:78,0
DA:80,0
DA:81,0
DA:83,0
DA:84,0
DA:86,0
DA:87,0
DA:89,0
DA:90,0
DA:93,0
DA:95,0
DA:96,0
DA:98,0
DA:99,0
DA:100,0
DA:101,0
DA:102,0
DA:103,0
DA:105,0
DA:106,0
DA:108,0
DA:109,0
DA:111,0
DA:114,1
DA:117,0
DA:118,0
DA:119,0
DA:120,0
DA:121,0
DA:124,0
DA:125,0
DA:126,0
DA:127,0
DA:134,0
DA:135,0
DA:137,0
DA:140,0
DA:141,0
DA:143,0
DA:146,0
DA:147,0
DA:148,0
DA:149,0
DA:151,0
DA:152,0
DA:153,0
DA:155,0
DA:156,0
DA:158,0
DA:159,0
DA:163,0
DA:164,0
DA:165,0
DA:167,0
DA:168,0
DA:170,0
DA:171,0
DA:175,0
DA:176,0
DA:177,0
DA:181,0
DA:182,0
DA:183,0
DA:184,0
DA:186,0
DA:187,0
DA:189,0
DA:190,0
DA:192,0
DA:193,0
DA:195,0
DA:196,0
DA:198,0
DA:199,0
DA:201,0
DA:202,0
DA:204,0
DA:205,0
DA:207,0
DA:208,0
DA:210,0
DA:211,0
DA:213,0
DA:214,0
DA:217,0
DA:218,0
DA:219,0
DA:222,0
DA:223,0
DA:224,0
DA:226,0
DA:227,0
DA:230,0
DA:231,0
DA:233,0
DA:236,0
DA:239,0
DA:240,0
DA:244,0
DA:246,0
DA:247,0
DA:248,0
DA:249,0
DA:258,0
DA:264,0
DA:270,0
DA:277,0
DA:279,0
DA:280,0
DA:281,0
DA:283,0
DA:287,0
DA:288,0
DA:289,0
DA:290,0
DA:295,0
DA:296,0
DA:309,0
DA:310,0
DA:311,0
DA:312,0
DA:313,0
DA:315,0
DA:316,0
DA:320,0
DA:327,0
DA:333,0
DA:339,0
DA:345,0
DA:350,0
DA:353,0
DA:356,0
DA:359,0
DA:367,0
DA:368,0
DA:370,0
DA:371,0
DA:373,0
DA:374,0
DA:376,0
DA:377,0
DA:380,0
DA:381,0
DA:382,0
DA:383,0
DA:384,0
DA:387,0
DA:390,0
DA:393,0
DA:394,0
DA:395,0
DA:398,0
DA:399,0
DA:403,0
DA:406,1
LF:196
LH:12
BRDA:22,0,0,1
BRDA:22,0,1,1
BRDA:22,0,2,1
BRDA:23,1,0,0
BRDA:23,1,1,0
BRDA:26,2,0,0
BRDA:26,2,1,0
BRDA:27,3,0,0
BRDA:27,3,1,0
BRDA:60,4,0,0
BRDA:60,4,1,0
BRDA:60,4,2,0
BRDA:60,4,3,0
BRDA:60,4,4,0
BRDA:60,4,5,0
BRDA:60,4,6,0
BRDA:60,4,7,0
BRDA:60,4,8,0
BRDA:89,5,0,0
BRDA:89,5,1,0
BRDA:95,6,0,0
BRDA:95,6,1,0
BRDA:102,7,0,0
BRDA:102,7,1,0
BRDA:102,8,0,0
BRDA:102,8,1,0
BRDA:105,9,0,0
BRDA:105,9,1,0
BRDA:105,10,0,0
BRDA:105,10,1,0
BRDA:108,11,0,0
BRDA:108,11,1,0
BRDA:108,12,0,0
BRDA:108,12,1,0
BRDA:134,13,0,0
BRDA:134,13,1,0
BRDA:140,14,0,0
BRDA:140,14,1,0
BRDA:151,15,0,0
BRDA:151,15,1,0
BRDA:152,16,0,0
BRDA:152,16,1,0
BRDA:155,17,0,0
BRDA:155,17,1,0
BRDA:158,18,0,0
BRDA:158,18,1,0
BRDA:163,19,0,0
BRDA:163,19,1,0
BRDA:164,20,0,0
BRDA:164,20,1,0
BRDA:167,21,0,0
BRDA:167,21,1,0
BRDA:175,22,0,0
BRDA:175,22,1,0
BRDA:176,23,0,0
BRDA:176,23,1,0
BRDA:181,24,0,0
BRDA:181,24,1,0
BRDA:184,25,0,0
BRDA:184,25,1,0
BRDA:217,26,0,0
BRDA:217,26,1,0
BRDA:217,27,0,0
BRDA:217,27,1,0
BRDA:222,28,0,0
BRDA:222,28,1,0
BRDA:239,29,0,0
BRDA:239,29,1,0
BRDA:280,30,0,0
BRDA:280,30,1,0
BRDA:288,31,0,0
BRDA:288,31,1,0
BRDA:288,32,0,0
BRDA:288,32,1,0
BRDA:297,33,0,0
BRDA:297,33,1,0
BRDA:297,33,2,0
BRDA:297,33,3,0
BRDA:311,34,0,0
BRDA:311,34,1,0
BRDA:316,35,0,0
BRDA:316,35,1,0
BRDA:367,36,0,0
BRDA:367,36,1,0
BRDA:370,37,0,0
BRDA:370,37,1,0
BRDA:370,38,0,0
BRDA:370,38,1,0
BRDA:370,38,2,0
BRDA:373,39,0,0
BRDA:373,39,1,0
BRDA:383,40,0,0
BRDA:383,40,1,0
BRDA:393,41,0,0
BRDA:393,41,1,0
BRF:95
BRH:3
end_of_record
TN:
SF:/home/travis/build/wasdk/WebAssemblyStudio/src/components/EditFileDialog.tsx
FN:31,(anonymous_0)
FN:33,(anonymous_1)
FN:36,(anonymous_2)
FN:46,(anonymous_3)
FN:60,(anonymous_4)
FN:71,(anonymous_5)
FN:74,(anonymous_6)
FNF:7
FNH:0
FNDA:0,(anonymous_0)
FNDA:0,(anonymous_1)
FNDA:0,(anonymous_2)
FNDA:0,(anonymous_3)
FNDA:0,(anonymous_4)
FNDA:0,(anonymous_5)
FNDA:0,(anonymous_6)
DA:22,0
DA:23,0
DA:24,0
DA:25,0
DA:26,0
DA:27,0
DA:28,0
DA:29,0
DA:32,0
DA:33,0
DA:34,0
DA:36,0
DA:37,0
DA:39,0
DA:40,0
DA:47,0
DA:48,0
DA:49,0
DA:50,0
DA:52,0
DA:53,0
DA:55,0
DA:56,0
DA:58,0
DA:61,0
DA:62,0
DA:63,0
DA:72,0
DA:75,0
DA:79,0
LF:30
LH:0
BRDA:49,0,0,0
BRDA:49,0,1,0
BRDA:52,1,0,0
BRDA:52,1,1,0
BRDA:55,2,0,0
BRDA:55,2,1,0
BRDA:55,3,0,0
BRDA:55,3,1,0
BRDA:63,4,0,0
BRDA:63,4,1,0
BRDA:65,5,0,0
BRDA:65,5,1,0
BRDA:74,6,0,0
BRDA:74,6,1,0
BRDA:75,7,0,0
BRDA:75,7,1,0
BRF:16
BRH:0
end_of_record
TN:
SF:/home/travis/build/wasdk/WebAssemblyStudio/src/components/Header.tsx
FN:25,(anonymous_0)
FNF:1
FNH:1
FNDA:1,(anonymous_0)
DA:22,1
DA:23,1
DA:26,1
DA:30,1
LF:4
LH:4
BRF:0
BRH:0
end_of_record
TN:
SF:/home/travis/build/wasdk/WebAssemblyStudio/src/components/Markdown.tsx
FN:22,(anonymous_0)
FN:23,(anonymous_1)
FN:24,fulfilled
FN:25,rejected
FN:26,step
FN:26,(anonymous_5)
FN:34,(anonymous_6)
FN:40,(anonymous_7)
FN:41,(anonymous_8)
FN:46,(anonymous_9)
FN:47,(anonymous_10)
FN:54,(anonymous_11)
FN:60,(anonymous_12)
FN:62,(anonymous_13)
FN:71,(anonymous_14)
FN:74,(anonymous_15)
FN:77,(anonymous_16)
FN:88,(anonymous_17)
FNF:18
FNH:12
FNDA:2,(anonymous_0)
FNDA:2,(anonymous_1)
FNDA:0,fulfilled
FNDA:0,rejected
FNDA:2,step
FNDA:2,(anonymous_5)
FNDA:2,(anonymous_6)
FNDA:2,(anonymous_7)
FNDA:2,(anonymous_8)
FNDA:0,(anonymous_9)
FNDA:0,(anonymous_10)
FNDA:2,(anonymous_11)
FNDA:2,(anonymous_12)
FNDA:0,(anonymous_13)
FNDA:2,(anonymous_14)
FNDA:2,(anonymous_15)
FNDA:0,(anonymous_16)
FNDA:2,(anonymous_17)
DA:22,5
DA:23,2
DA:24,0
DA:25,0
DA:26,2
DA:27,2
DA:30,5
DA:31,5
DA:32,5
DA:35,2
DA:36,2
DA:41,2
DA:42,2
DA:43,0
DA:47,0
DA:48,0
DA:49,0
DA:50,0
DA:55,2
DA:58,5
DA:61,2
DA:62,2
DA:63,0
DA:67,2
DA:72,2
DA:75,2
DA:78,0
DA:79,0
DA:80,0
DA:81,0
DA:82,0
DA:83,0
DA:89,2
DA:92,5
LF:34
LH:20
BRDA:22,0,0,5
BRDA:22,0,1,5
BRDA:22,0,2,5
BRDA:23,1,0,2
BRDA:23,1,1,2
BRDA:26,2,0,0
BRDA:26,2,1,2
BRDA:27,3,0,2
BRDA:27,3,1,2
BRDA:48,4,0,0
BRDA:48,4,1,0
BRDA:80,5,0,0
BRDA:80,5,1,0
BRF:13
BRH:8
end_of_record
TN:
SF:/home/travis/build/wasdk/WebAssemblyStudio/src/components/NewDirectoryDialog.tsx
FN:31,(anonymous_0)
FN:33,(anonymous_1)
FN:40,(anonymous_2)
FN:52,(anonymous_3)
FN:55,(anonymous_4)
FN:62,(anonymous_5)
FN:65,(anonymous_6)
FNF:7
FNH:7
FNDA:5,(anonymous_0)
FNDA:3,(anonymous_1)
FNDA:11,(anonymous_2)
FNDA:8,(anonymous_3)
FNDA:8,(anonymous_4)
FNDA:1,(anonymous_5)
FNDA:1,(anonymous_6)
DA:22,1
DA:23,1
DA:24,1
DA:25,1
DA:26,1
DA:27,1
DA:28,1
DA:29,1
DA:32,5
DA:33,5
DA:34,3
DA:36,5
DA:41,11
DA:42,11
DA:43,6
DA:44,2
DA:46,4
DA:47,2
DA:50,7
DA:53,8
DA:56,8
DA:63,1
DA:66,1
DA:67,1
DA:71,1
LF:25
LH:25
BRDA:42,0,0,6
BRDA:42,0,1,5
BRDA:43,1,0,2
BRDA:43,1,1,4
BRDA:46,2,0,2
BRDA:46,2,1,2
BRDA:46,3,0,4
BRDA:46,3,1,4
BRDA:65,4,0,8
BRDA:65,4,1,3
BRDA:67,5,0,1
BRDA:67,5,1,1
BRF:12
BRH:12
end_of_record
TN:
SF:/home/travis/build/wasdk/WebAssemblyStudio/src/components/NewFileDialog.tsx
FN:31,(anonymous_0)
FN:33,(anonymous_1)
FN:42,(anonymous_2)
FN:57,(anonymous_3)
FN:65,(anonymous_4)
FN:68,(anonymous_5)
FN:75,(anonymous_6)
FN:110,(anonymous_7)
FN:113,(anonymous_8)
FNF:9
FNH:0
FNDA:0,(anonymous_0)
FNDA:0,(anonymous_1)
FNDA:0,(anonymous_2)
FNDA:0,(anonymous_3)
FNDA:0,(anonymous_4)
FNDA:0,(anonymous_5)
FNDA:0,(anonymous_6)
FNDA:0,(anonymous_7)
FNDA:0,(anonymous_8)
DA:22,0
DA:23,0
DA:24,0
DA:25,0
DA:26,0
DA:27,0
DA:28,0
DA:29,0
DA:32,0
DA:33,0
DA:34,0
DA:36,0
DA:43,0
DA:44,0
DA:45,0
DA:46,0
DA:48,0
DA:49,0
DA:51,0
DA:52,0
DA:55,0
DA:58,0
DA:59,0
DA:60,0
DA:61,0
DA:63,0
DA:66,0
DA:69,0
DA:76,0
DA:77,0
DA:79,0
DA:80,0
DA:82,0
DA:83,0
DA:85,0
DA:86,0
DA:88,0
DA:89,0
DA:91,0
DA:111,0
DA:114,0
DA:115,0
DA:119,0
LF:43
LH:0
BRDA:44,0,0,0
BRDA:44,0,1,0
BRDA:45,1,0,0
BRDA:45,1,1,0
BRDA:48,2,0,0
BRDA:48,2,1,0
BRDA:51,3,0,0
BRDA:51,3,1,0
BRDA:51,4,0,0
BRDA:51,4,1,0
BRDA:60,5,0,0
BRDA:60,5,1,0
BRDA:77,6,0,0
BRDA:77,6,1,0
BRDA:77,6,2,0
BRDA:77,6,3,0
BRDA:108,7,0,0
BRDA:108,7,1,0
BRDA:113,8,0,0
BRDA:113,8,1,0
BRDA:113,8,2,0
BRDA:115,9,0,0
BRDA:115,9,1,0
BRF:23
BRH:0
end_of_record
TN:
SF:/home/travis/build/wasdk/WebAssemblyStudio/src/components/NewProjectDialog.tsx
FN:22,(anonymous_0)
FN:23,(anonymous_1)
FN:24,fulfilled
FN:25,rejected
FN:26,step
FN:26,(anonymous_5)
FN:40,(anonymous_6)
FN:42,(anonymous_7)
FN:52,(anonymous_8)
FN:55,(anonymous_9)
FN:58,(anonymous_10)
FN:59,(anonymous_11)
FN:81,(anonymous_12)
FN:82,(anonymous_13)
FN:87,(anonymous_14)
FN:94,(anonymous_15)
FN:96,(anonymous_16)
FN:103,(anonymous_17)
FN:106,(anonymous_18)
FNF:19
FNH:15
FNDA:6,(anonymous_0)
FNDA:6,(anonymous_1)
FNDA:9,fulfilled
FNDA:0,rejected
FNDA:15,step
FNDA:9,(anonymous_5)
FNDA:3,(anonymous_6)
FNDA:0,(anonymous_7)
FNDA:0,(anonymous_8)
FNDA:9,(anonymous_9)
FNDA:3,(anonymous_10)
FNDA:3,(anonymous_11)
FNDA:3,(anonymous_12)
FNDA:3,(anonymous_13)
FNDA:9,(anonymous_14)
FNDA:0,(anonymous_15)
FNDA:30,(anonymous_16)
FNDA:1,(anonymous_17)
FNDA:1,(anonymous_18)
DA:22,1
DA:23,6
DA:24,9
DA:25,0
DA:26,15
DA:27,6
DA:30,1
DA:31,1
DA:32,1
DA:33,1
DA:34,1
DA:35,1
DA:36,1
DA:37,1
DA:38,1
DA:41,3
DA:42,3
DA:43,0
DA:45,3
DA:53,0
DA:56,9
DA:59,3
DA:60,3
DA:61,3
DA:62,3
DA:63,3
DA:64,3
DA:65,3
DA:66,15
DA:67,15
DA:68,15
DA:69,15
DA:77,3
DA:78,3
DA:82,3
DA:83,3
DA:84,3
DA:88,9
DA:95,0
DA:97,30
DA:104,1
DA:107,1
DA:111,1
LF:43
LH:39
BRDA:22,0,0,1
BRDA:22,0,1,1
BRDA:22,0,2,1
BRDA:23,1,0,6
BRDA:23,1,1,6
BRDA:26,2,0,6
BRDA:26,2,1,9
BRDA:27,3,0,6
BRDA:27,3,1,6
BRDA:66,4,0,15
BRDA:66,4,1,15
BRDA:67,5,0,15
BRDA:67,5,1,15
BRDA:68,6,0,15
BRDA:68,6,1,15
BRDA:107,7,0,1
BRDA:107,7,1,1
BRF:17
BRH:17
end_of_record
TN:
SF:/home/travis/build/wasdk/WebAssemblyStudio/src/components/Problems.tsx
FN:31,(anonymous_0)
FN:46,(anonymous_1)
FN:49,(anonymous_2)
FN:59,(anonymous_3)
FN:62,(anonymous_4)
FN:65,(anonymous_5)
FN:71,(anonymous_6)
FN:77,(anonymous_7)
FN:83,(anonymous_8)
FN:84,(anonymous_9)
FN:87,(anonymous_10)
FN:90,(anonymous_11)
FN:106,(anonymous_12)
FN:112,(anonymous_13)
FN:124,(anonymous_14)
FN:127,(anonymous_15)
FN:142,(anonymous_16)
FN:150,(anonymous_17)
FN:159,(anonymous_18)
FN:162,(anonymous_19)
FN:165,(anonymous_20)
FN:172,(anonymous_21)
FN:178,(anonymous_22)
FN:181,(anonymous_23)
FN:186,(anonymous_24)
FN:190,(anonymous_25)
FN:194,(anonymous_26)
FN:198,(anonymous_27)
FN:199,(anonymous_28)
FNF:29
FNH:0
FNDA:0,(anonymous_0)
FNDA:0,(anonymous_1)
FNDA:0,(anonymous_2)
FNDA:0,(anonymous_3)
FNDA:0,(anonymous_4)
FNDA:0,(anonymous_5)
FNDA:0,(anonymous_6)
FNDA:0,(anonymous_7)
FNDA:0,(anonymous_8)
FNDA:0,(anonymous_9)
FNDA:0,(anonymous_10)
FNDA:0,(anonymous_11)
FNDA:0,(anonymous_12)
FNDA:0,(anonymous_13)
FNDA:0,(anonymous_14)
FNDA:0,(anonymous_15)
FNDA:0,(anonymous_16)
FNDA:0,(anonymous_17)
FNDA:0,(anonymous_18)
FNDA:0,(anonymous_19)
FNDA:0,(anonymous_20)
FNDA:0,(anonymous_21)
FNDA:0,(anonymous_22)
FNDA:0,(anonymous_23)
FNDA:0,(anonymous_24)
FNDA:0,(anonymous_25)
FNDA:0,(anonymous_26)
FNDA:0,(anonymous_27)
FNDA:0,(anonymous_28)
DA:22,1
DA:23,1
DA:24,1
DA:25,1
DA:26,1
DA:27,1
DA:28,1
DA:29,1
DA:32,0
DA:33,0
DA:34,0
DA:35,0
DA:36,0
DA:37,0
DA:38,0
DA:39,0
DA:40,0
DA:41,0
DA:42,0
DA:43,0
DA:44,0
DA:50,0
DA:51,0
DA:52,0
DA:53,0
DA:54,0
DA:55,0
DA:60,0
DA:62,0
DA:63,0
DA:66,0
DA:67,0
DA:69,0
DA:72,0
DA:73,0
DA:75,0
DA:78,0
DA:79,0
DA:80,0
DA:81,0
DA:82,0
DA:83,0
DA:85,0
DA:88,0
DA:91,0
DA:92,0
DA:96,0
DA:97,0
DA:100,0
DA:107,0
DA:113,0
DA:114,0
DA:116,0
DA:117,0
DA:119,0
DA:125,0
DA:126,0
DA:127,0
DA:128,0
DA:129,0
DA:132,0
DA:134,0
DA:135,0
DA:137,0
DA:143,0
DA:144,0
DA:146,0
DA:151,0
DA:154,0
DA:155,0
DA:157,0
DA:160,0
DA:163,0
DA:166,0
DA:173,0
DA:174,0
DA:176,0
DA:179,0
DA:180,0
DA:181,0
DA:182,0
DA:183,0
DA:186,0
DA:187,0
DA:188,0
DA:190,0
DA:191,0
DA:195,0
DA:196,0
DA:199,0
DA:202,1
LF:91
LH:9
BRDA:66,0,0,0
BRDA:66,0,1,0
BRDA:72,1,0,0
BRDA:72,1,1,0
BRDA:91,2,0,0
BRDA:91,2,1,0
BRDA:113,3,0,0
BRDA:113,3,1,0
BRDA:113,4,0,0
BRDA:113,4,1,0
BRDA:116,5,0,0
BRDA:116,5,1,0
BRDA:125,6,0,0
BRDA:125,6,1,0
BRDA:125,7,0,0
BRDA:125,7,1,0
BRDA:128,8,0,0
BRDA:128,8,1,0
BRDA:134,9,0,0
BRDA:134,9,1,0
BRDA:143,10,0,0
BRDA:143,10,1,0
BRDA:154,11,0,0
BRDA:154,11,1,0
BRDA:160,12,0,0
BRDA:160,12,1,0
BRDA:173,13,0,0
BRDA:173,13,1,0
BRDA:182,14,0,0
BRDA:182,14,1,0
BRF:30
BRH:0
end_of_record
TN:
SF:/home/travis/build/wasdk/WebAssemblyStudio/src/components/Sandbox.tsx
FN:29,(anonymous_0)
FN:31,(anonymous_1)
FN:34,(anonymous_2)
FN:37,(anonymous_3)
FN:41,(anonymous_4)
FN:47,(anonymous_5)
FN:52,(anonymous_6)
FN:57,(anonymous_7)
FN:68,(anonymous_8)
FN:68,(anonymous_9)
FN:72,(anonymous_10)
FN:72,(anonymous_11)
FN:76,(anonymous_12)
FN:76,(anonymous_13)
FN:80,(anonymous_14)
FN:80,(anonymous_15)
FN:85,(anonymous_16)
FN:99,(anonymous_17)
FN:108,(anonymous_18)
FN:109,(anonymous_19)
FN:114,(anonymous_20)
FN:115,(anonymous_21)
FNF:22
FNH:0
FNDA:0,(anonymous_0)
FNDA:0,(anonymous_1)
FNDA:0,(anonymous_2)
FNDA:0,(anonymous_3)
FNDA:0,(anonymous_4)
FNDA:0,(anonymous_5)
FNDA:0,(anonymous_6)
FNDA:0,(anonymous_7)
FNDA:0,(anonymous_8)
FNDA:0,(anonymous_9)
FNDA:0,(anonymous_10)
FNDA:0,(anonymous_11)
FNDA:0,(anonymous_12)
FNDA:0,(anonymous_13)
FNDA:0,(anonymous_14)
FNDA:0,(anonymous_15)
FNDA:0,(anonymous_16)
FNDA:0,(anonymous_17)
FNDA:0,(anonymous_18)
FNDA:0,(anonymous_19)
FNDA:0,(anonymous_20)
FNDA:0,(anonymous_21)
DA:22,1
DA:23,1
DA:24,1
DA:25,1
DA:26,1
DA:27,1
DA:30,0
DA:31,0
DA:32,0
DA:34,0
DA:35,0
DA:37,0
DA:38,0
DA:42,0
DA:43,0
DA:45,0
DA:48,0
DA:49,0
DA:50,0
DA:53,0
DA:54,0
DA:55,0
DA:58,0
DA:59,0
DA:60,0
DA:61,0
DA:62,0
DA:64,0
DA:65,0
DA:66,0
DA:68,0
DA:69,0
DA:70,0
DA:72,0
DA:73,0
DA:74,0
DA:76,0
DA:77,0
DA:78,0
DA:80,0
DA:81,0
DA:82,0
DA:85,0
DA:86,0
DA:87,0
DA:88,0
DA:89,0
DA:97,0
DA:99,0
DA:100,0
DA:101,0
DA:102,0
DA:103,0
DA:105,0
DA:106,0
DA:108,0
DA:109,0
DA:110,0
DA:115,0
DA:118,1
LF:60
LH:7
BRDA:42,0,0,0
BRDA:42,0,1,0
BRDA:61,1,0,0
BRDA:61,1,1,0
BRDA:88,2,0,0
BRDA:88,2,1,0
BRDA:101,3,0,0
BRDA:101,3,1,0
BRF:8
BRH:0
end_of_record
TN:
SF:/home/travis/build/wasdk/WebAssemblyStudio/src/components/ShareDialog.tsx
FN:29,(anonymous_0)
FN:33,(anonymous_1)
FN:42,(anonymous_2)
FNF:3
FNH:0
FNDA:0,(anonymous_0)
FNDA:0,(anonymous_1)
FNDA:0,(anonymous_2)
DA:22,0
DA:23,0
DA:24,0
DA:25,0
DA:26,0
DA:27,0
DA:30,0
DA:31,0
DA:34,0
DA:35,0
DA:43,0
DA:47,0
LF:12
LH:0
BRF:0
BRH:0
end_of_record
TN:
SF:/home/travis/build/wasdk/WebAssemblyStudio/src/components/Split.tsx
FN:29,(anonymous_0)
FN:34,(anonymous_1)
FN:40,(anonymous_2)
FN:51,(anonymous_3)
FN:71,(anonymous_4)
FN:79,(anonymous_5)
FN:85,(anonymous_6)
FN:89,(anonymous_7)
FN:95,(anonymous_8)
FN:101,(anonymous_9)
FN:104,(anonymous_10)
FN:126,(anonymous_11)
FN:132,eq
FN:135,geq
FN:138,leq
FN:168,(anonymous_15)
FN:187,(anonymous_16)
FN:199,(anonymous_17)
FN:212,(anonymous_18)
FNF:19
FNH:17
FNDA:2,(anonymous_0)
FNDA:9,(anonymous_1)
FNDA:2,(anonymous_2)
FNDA:2,(anonymous_3)
FNDA:9,(anonymous_4)
FNDA:0,(anonymous_5)
FNDA:9,(anonymous_6)
FNDA:3,(anonymous_7)
FNDA:11,(anonymous_8)
FNDA:18,(anonymous_9)
FNDA:9,(anonymous_10)
FNDA:9,(anonymous_11)
FNDA:0,eq
FNDA:18,geq
FNDA:18,leq
FNDA:9,(anonymous_15)
FNDA:19,(anonymous_16)
FNDA:38,(anonymous_17)
FNDA:38,(anonymous_18)
DA:22,2
DA:23,2
DA:24,2
DA:25,2
DA:26,2
DA:27,2
DA:29,2
DA:30,2
DA:31,2
DA:35,9
DA:36,9
DA:40,9
DA:41,2
DA:42,1
DA:44,1
DA:45,1
DA:46,1
DA:47,1
DA:48,1
DA:49,1
DA:51,9
DA:52,2
DA:53,1
DA:55,1
DA:56,1
DA:57,1
DA:58,1
DA:59,1
DA:60,1
DA:61,1
DA:62,1
DA:63,1
DA:64,1
DA:65,1
DA:67,9
DA:72,9
DA:73,9
DA:74,9
DA:75,9
DA:76,9
DA:77,9
DA:80,0
DA:81,0
DA:82,0
DA:83,0
DA:86,9
DA:87,9
DA:90,3
DA:91,3
DA:92,3
DA:93,3
DA:96,11
DA:97,11
DA:98,22
DA:102,18
DA:105,9
DA:106,9
DA:107,9
DA:108,9
DA:109,18
DA:110,18
DA:111,0
DA:113,18
DA:114,0
DA:116,18
DA:121,9
DA:127,9
DA:128,9
DA:129,9
DA:130,9
DA:131,9
DA:133,0
DA:136,18
DA:139,18
DA:143,9
DA:144,9
DA:146,9
DA:147,18
DA:149,9
DA:150,9
DA:151,9
DA:152,9
DA:153,9
DA:154,9
DA:155,18
DA:156,18
DA:157,18
DA:158,18
DA:159,18
DA:163,9
DA:164,9
DA:166,9
DA:169,9
DA:170,9
DA:171,18
DA:172,18
DA:173,18
DA:174,0
DA:175,0
DA:176,0
DA:179,0
DA:180,0
DA:182,0
DA:183,0
DA:188,19
DA:189,19
DA:190,19
DA:191,19
DA:192,17
DA:195,2
DA:197,19
DA:198,19
DA:199,19
DA:200,38
DA:201,38
DA:202,10
DA:205,28
DA:207,38
DA:208,38
DA:209,19
DA:212,38
DA:215,2
DA:216,2
DA:217,2
LF:124
LH:110
BRDA:32,0,0,2
BRDA:32,0,1,2
BRDA:41,1,0,1
BRDA:41,1,1,1
BRDA:49,2,0,1
BRDA:49,2,1,1
BRDA:52,3,0,1
BRDA:52,3,1,1
BRDA:59,4,0,0
BRDA:59,4,1,1
BRDA:102,5,0,16
BRDA:102,5,1,2
BRDA:110,6,0,0
BRDA:110,6,1,18
BRDA:110,7,0,18
BRDA:110,7,1,0
BRDA:113,8,0,0
BRDA:113,8,1,18
BRDA:133,9,0,0
BRDA:133,9,1,0
BRDA:133,10,0,0
BRDA:133,10,1,0
BRDA:173,11,0,0
BRDA:173,11,1,18
BRDA:174,12,0,0
BRDA:174,12,1,0
BRDA:191,13,0,17
BRDA:191,13,1,2
BRDA:201,14,0,10
BRDA:201,14,1,28
BRDA:201,15,0,38
BRDA:201,15,1,19
BRDA:208,16,0,19
BRDA:208,16,1,19
BRDA:212,17,0,17
BRDA:212,17,1,2
BRF:36
BRH:25
end_of_record
TN:
SF:/home/travis/build/wasdk/WebAssemblyStudio/src/components/StatusBar.tsx
FN:26,(anonymous_0)
FN:28,(anonymous_1)
FN:39,(anonymous_2)
FN:42,(anonymous_3)
FN:45,(anonymous_4)
FNF:5
FNH:4
FNDA:3,(anonymous_0)
FNDA:3,(anonymous_1)
FNDA:3,(anonymous_2)
FNDA:0,(anonymous_3)
FNDA:6,(anonymous_4)
DA:22,1
DA:23,1
DA:24,1
DA:27,3
DA:28,3
DA:29,3
DA:34,3
DA:40,3
DA:43,0
DA:46,6
DA:47,6
DA:48,3
DA:50,6
DA:54,1
LF:14
LH:13
BRDA:47,0,0,3
BRDA:47,0,1,3
BRF:2
BRH:2
end_of_record
TN:
SF:/home/travis/build/wasdk/WebAssemblyStudio/src/components/Toasts.tsx
FN:27,(anonymous_0)
FN:33,(anonymous_1)
FN:38,(anonymous_2)
FN:39,(anonymous_3)
FN:40,(anonymous_4)
FN:43,(anonymous_5)
FN:47,(anonymous_6)
FN:52,(anonymous_7)
FN:65,(anonymous_8)
FNF:9
FNH:8
FNDA:3,(anonymous_0)
FNDA:3,(anonymous_1)
FNDA:1,(anonymous_2)
FNDA:1,(anonymous_3)
FNDA:1,(anonymous_4)
FNDA:7,(anonymous_5)
FNDA:4,(anonymous_6)
FNDA:2,(anonymous_7)
FNDA:0,(anonymous_8)
DA:22,1
DA:23,1
DA:24,1
DA:25,1
DA:28,3
DA:29,3
DA:34,3
DA:35,3
DA:36,3
DA:39,1
DA:40,1
DA:44,7
DA:45,4
DA:47,4
DA:50,1
DA:53,2
DA:54,2
DA:55,2
DA:61,1
DA:67,1
LF:20
LH:20
BRDA:33,0,0,3
BRDA:44,1,0,4
BRDA:44,1,1,3
BRF:3
BRH:3
end_of_record
TN:
SF:/home/travis/build/wasdk/WebAssemblyStudio/src/components/Toolbar.tsx
FN:25,(anonymous_0)
FNF:1
FNH:0
FNDA:0,(anonymous_0)
DA:22,0
DA:23,0
DA:26,0
DA:29,0
LF:4
LH:0
BRF:0
BRH:0
end_of_record
TN:
SF:/home/travis/build/wasdk/WebAssemblyStudio/src/components/UploadFileDialog.tsx
FN:22,(anonymous_0)
FN:23,(anonymous_1)
FN:24,fulfilled
FN:25,rejected
FN:26,step
FN:26,(anonymous_5)
FN:40,(anonymous_6)
FN:43,(anonymous_7)
FN:47,(anonymous_8)
FN:48,(anonymous_9)
FN:55,(anonymous_10)
FN:64,(anonymous_11)
FN:64,(anonymous_12)
FN:66,(anonymous_13)
FN:70,(anonymous_14)
FN:73,(anonymous_15)
FN:76,(anonymous_16)
FN:79,(anonymous_17)
FN:82,(anonymous_18)
FNF:19
FNH:0
FNDA:0,(anonymous_0)
FNDA:0,(anonymous_1)
FNDA:0,fulfilled
FNDA:0,rejected
FNDA:0,step
FNDA:0,(anonymous_5)
FNDA:0,(anonymous_6)
FNDA:0,(anonymous_7)
FNDA:0,(anonymous_8)
FNDA:0,(anonymous_9)
FNDA:0,(anonymous_10)
FNDA:0,(anonymous_11)
FNDA:0,(anonymous_12)
FNDA:0,(anonymous_13)
FNDA:0,(anonymous_14)
FNDA:0,(anonymous_15)
FNDA:0,(anonymous_16)
FNDA:0,(anonymous_17)
FNDA:0,(anonymous_18)
DA:22,0
DA:23,0
DA:24,0
DA:25,0
DA:26,0
DA:27,0
DA:30,0
DA:31,0
DA:32,0
DA:33,0
DA:34,0
DA:35,0
DA:36,0
DA:37,0
DA:38,0
DA:41,0
DA:42,0
DA:43,0
DA:44,0
DA:48,0
DA:49,0
DA:50,0
DA:51,0
DA:52,0
DA:56,0
DA:57,0
DA:64,0
DA:67,0
DA:71,0
DA:74,0
DA:77,0
DA:80,0
DA:83,0
DA:87,0
LF:34
LH:0
BRDA:22,0,0,0
BRDA:22,0,1,0
BRDA:22,0,2,0
BRDA:23,1,0,0
BRDA:23,1,1,0
BRDA:26,2,0,0
BRDA:26,2,1,0
BRDA:27,3,0,0
BRDA:27,3,1,0
BRDA:80,4,0,0
BRDA:80,4,1,0
BRDA:82,5,0,0
BRDA:82,5,1,0
BRDA:82,5,2,0
BRDA:83,6,0,0
BRDA:83,6,1,0
BRF:16
BRH:0
end_of_record
TN:
SF:/home/travis/build/wasdk/WebAssemblyStudio/src/components/Viz.tsx
FN:22,(anonymous_0)
FN:23,(anonymous_1)
FN:24,fulfilled
FN:25,rejected
FN:26,step
FN:26,(anonymous_5)
FN:33,isVizLoaded
FN:36,loadViz
FN:37,(anonymous_8)
FN:43,(anonymous_9)
FN:46,(anonymous_10)
FN:50,(anonymous_11)
FN:62,(anonymous_12)
FN:63,(anonymous_13)
FN:72,(anonymous_14)
FN:75,(anonymous_15)
FN:78,(anonymous_16)
FN:86,(anonymous_17)
FNF:18
FNH:13
FNDA:4,(anonymous_0)
FNDA:4,(anonymous_1)
FNDA:0,fulfilled
FNDA:0,rejected
FNDA:4,step
FNDA:4,(anonymous_5)
FNDA:2,isVizLoaded
FNDA:2,loadViz
FNDA:2,(anonymous_8)
FNDA:2,(anonymous_9)
FNDA:0,(anonymous_10)
FNDA:0,(anonymous_11)
FNDA:2,(anonymous_12)
FNDA:2,(anonymous_13)
FNDA:2,(anonymous_14)
FNDA:2,(anonymous_15)
FNDA:0,(anonymous_16)
FNDA:2,(anonymous_17)
DA:22,5
DA:23,4
DA:24,0
DA:25,0
DA:26,4
DA:27,4
DA:30,5
DA:31,5
DA:32,5
DA:34,2
DA:37,2
DA:38,2
DA:41,5
DA:44,2
DA:45,2
DA:46,2
DA:47,0
DA:48,0
DA:50,0
DA:51,0
DA:52,0
DA:57,2
DA:63,2
DA:64,2
DA:65,2
DA:66,0
DA:73,2
DA:76,2
DA:79,0
DA:80,0
DA:81,0
DA:82,0
DA:83,0
DA:87,2
DA:88,2
DA:90,0
DA:91,0
DA:92,0
DA:95,0
DA:99,5
LF:40
LH:23
BRDA:22,0,0,5
BRDA:22,0,1,5
BRDA:22,0,2,5
BRDA:23,1,0,4
BRDA:23,1,1,4
BRDA:26,2,0,0
BRDA:26,2,1,4
BRDA:27,3,0,4
BRDA:27,3,1,4
BRDA:47,4,0,0
BRDA:47,4,1,0
BRDA:64,5,0,2
BRDA:64,5,1,0
BRDA:81,6,0,0
BRDA:81,6,1,0
BRDA:87,7,0,2
BRDA:87,7,1,0
BRF:17
BRH:10
end_of_record
TN:
SF:/home/travis/build/wasdk/WebAssemblyStudio/src/components/Widgets.tsx
FN:25,(anonymous_0)
FN:31,(anonymous_1)
FN:40,(anonymous_2)
FN:43,(anonymous_3)
FN:58,(anonymous_4)
FN:61,(anonymous_5)
FN:64,(anonymous_6)
FN:77,(anonymous_7)
FN:78,(anonymous_8)
FN:83,(anonymous_9)
FN:101,(anonymous_10)
FN:104,(anonymous_11)
FN:106,(anonymous_12)
FN:108,(anonymous_13)
FNF:14
FNH:0
FNDA:0,(anonymous_0)
FNDA:0,(anonymous_1)
FNDA:0,(anonymous_2)
FNDA:0,(anonymous_3)
FNDA:0,(anonymous_4)
FNDA:0,(anonymous_5)
FNDA:0,(anonymous_6)
FNDA:0,(anonymous_7)
FNDA:0,(anonymous_8)
FNDA:0,(anonymous_9)
FNDA:0,(anonymous_10)
FNDA:0,(anonymous_11)
FNDA:0,(anonymous_12)
FNDA:0,(anonymous_13)
DA:22,2
DA:23,2
DA:26,0
DA:29,2
DA:32,0
DA:38,2
DA:41,0
DA:44,0
DA:45,0
DA:46,0
DA:52,0
DA:56,2
DA:59,0
DA:62,0
DA:65,0
DA:66,0
DA:67,0
DA:68,0
DA:71,0
DA:72,0
DA:73,0
DA:75,0
DA:78,0
DA:81,2
DA:84,0
DA:85,0
DA:86,0
DA:88,0
DA:89,0
DA:90,0
DA:94,0
DA:99,2
DA:102,0
DA:105,0
DA:106,0
DA:107,0
DA:109,0
DA:114,0
DA:119,2
LF:39
LH:8
BRDA:45,0,0,0
BRDA:45,0,1,0
BRDA:49,1,0,0
BRDA:49,1,1,0
BRDA:65,2,0,0
BRDA:65,2,1,0
BRDA:65,3,0,0
BRDA:65,3,1,0
BRDA:85,4,0,0
BRDA:85,4,1,0
BRDA:89,5,0,0
BRDA:89,5,1,0
BRDA:109,6,0,0
BRDA:109,6,1,0
BRF:14
BRH:0
end_of_record
TN:
SF:/home/travis/build/wasdk/WebAssemblyStudio/src/components/Workspace.tsx
FN:29,(anonymous_0)
FN:31,(anonymous_1)
FN:35,(anonymous_2)
FN:45,(anonymous_3)
FN:49,(anonymous_4)
FN:53,(anonymous_5)
FN:58,(anonymous_6)
FN:62,(anonymous_7)
FN:64,(anonymous_8)
FNF:9
FNH:0
FNDA:0,(anonymous_0)
FNDA:0,(anonymous_1)
FNDA:0,(anonymous_2)
FNDA:0,(anonymous_3)
FNDA:0,(anonymous_4)
FNDA:0,(anonymous_5)
FNDA:0,(anonymous_6)
[...]
FN:25,(anonymous_0)
FN:31,defaultViewTypeForFileType
FN:43,(anonymous_2)
FN:47,(anonymous_3)
FNF:4
FNH:4
FNDA:10,(anonymous_0)
FNDA:11,defaultViewTypeForFileType
FNDA:100,(anonymous_2)
FNDA:2,(anonymous_3)
DA:22,10
DA:23,10
DA:25,10
DA:26,10
DA:27,10
DA:28,10
DA:29,10
DA:32,11
DA:34,1
DA:36,1
DA:38,9
DA:41,10
DA:44,100
DA:45,100
DA:48,2
DA:51,10
LF:16
LH:16
BRDA:30,0,0,10
BRDA:30,0,1,10
BRDA:32,1,0,1
BRDA:32,1,1,1
BRDA:32,1,2,9
BRDA:43,2,0,36
BRF:6
BRH:6
end_of_record
TN:
SF:/home/travis/build/wasdk/WebAssemblyStudio/src/components/editor/ViewTabs.tsx
FN:36,(anonymous_0)
FN:38,(anonymous_1)
FN:48,(anonymous_2)
FN:51,(anonymous_3)
FN:54,(anonymous_4)
FN:60,(anonymous_5)
FN:64,(anonymous_6)
FN:68,(anonymous_7)
FN:71,(anonymous_8)
FN:74,(anonymous_9)
FN:101,(anonymous_10)
FN:103,(anonymous_11)
FN:121,(anonymous_12)
FN:123,(anonymous_13)
FN:125,(anonymous_14)
FNF:15
FNH:11
FNDA:23,(anonymous_0)
FNDA:0,(anonymous_1)
FNDA:21,(anonymous_2)
FNDA:1,(anonymous_3)
FNDA:1,(anonymous_4)
FNDA:2,(anonymous_5)
FNDA:2,(anonymous_6)
FNDA:23,(anonymous_7)
FNDA:23,(anonymous_8)
FNDA:23,(anonymous_9)
FNDA:1,(anonymous_10)
FNDA:42,(anonymous_11)
FNDA:0,(anonymous_12)
FNDA:0,(anonymous_13)
FNDA:0,(anonymous_14)
DA:22,5
DA:23,5
DA:24,5
DA:25,5
DA:26,5
DA:27,5
DA:28,5
DA:29,5
DA:30,5
DA:31,5
DA:32,5
DA:33,5
DA:34,5
DA:37,23
DA:38,23
DA:40,0
DA:42,23
DA:49,21
DA:50,21
DA:52,1
DA:55,1
DA:58,21
DA:59,4
DA:60,4
DA:62,17
DA:63,4
DA:64,4
DA:66,21
DA:69,23
DA:72,23
DA:75,23
DA:76,23
DA:77,1
DA:79,22
DA:81,22
DA:82,2
DA:84,20
DA:85,2
DA:87,18
DA:88,1
DA:90,17
DA:91,16
DA:94,1
DA:96,21
DA:97,21
DA:98,20
DA:100,21
DA:102,1
DA:104,42
DA:105,42
DA:106,42
DA:107,2
DA:109,40
DA:110,8
DA:112,42
DA:117,5
DA:127,5
LF:57
LH:56
BRDA:54,0,0,21
BRDA:54,0,1,21
BRDA:58,1,0,4
BRDA:58,1,1,17
BRDA:60,2,0,2
BRDA:60,2,1,2
BRDA:60,3,0,2
BRDA:60,3,1,2
BRDA:60,4,0,1
BRDA:60,4,1,1
BRDA:62,5,0,4
BRDA:62,5,1,13
BRDA:64,6,0,2
BRDA:64,6,1,2
BRDA:64,7,0,2
BRDA:64,7,1,2
BRDA:64,8,0,1
BRDA:64,8,1,1
BRDA:76,9,0,1
BRDA:76,9,1,22
BRDA:81,10,0,2
BRDA:81,10,1,20
BRDA:81,11,0,22
BRDA:81,11,1,21
BRDA:81,11,2,4
BRDA:84,12,0,2
BRDA:84,12,1,18
BRDA:84,13,0,20
BRDA:84,13,1,19
BRDA:84,13,2,4
BRDA:87,14,0,1
BRDA:87,14,1,17
BRDA:90,15,0,16
BRDA:90,15,1,1
BRDA:97,16,0,20
BRDA:97,16,1,1
BRDA:106,17,0,2
BRDA:106,17,1,40
BRDA:109,18,0,8
BRDA:109,18,1,32
BRDA:109,19,0,40
BRDA:109,19,1,36
BRF:42
BRH:42
end_of_record
TN:
SF:/home/travis/build/wasdk/WebAssemblyStudio/src/components/editor/index.ts
FNF:0
FNH:0
DA:22,4
DA:23,4
DA:24,4
DA:25,4
DA:26,4
DA:27,4
DA:28,4
DA:29,4
DA:30,4
DA:31,4
LF:10
LH:10
BRF:0
BRH:0
end_of_record
TN:
SF:/home/travis/build/wasdk/WebAssemblyStudio/src/components/shared/Button.tsx
FN:25,(anonymous_0)
FN:39,(anonymous_1)
FNF:2
FNH:2
FNDA:57,(anonymous_0)
FNDA:10,(anonymous_1)
DA:22,10
DA:23,10
DA:26,57
DA:27,57
DA:28,2
DA:30,57
DA:31,22
DA:33,57
DA:34,2
DA:39,55
DA:40,10
DA:41,8
DA:49,10
LF:13
LH:13
BRDA:27,0,0,2
BRDA:27,0,1,55
BRDA:30,1,0,22
BRDA:30,1,1,35
BRDA:33,2,0,2
BRDA:33,2,1,55
BRDA:33,3,0,57
BRDA:33,3,1,3
BRDA:34,4,0,2
BRDA:34,4,1,1
BRDA:34,5,0,2
BRDA:34,5,1,1
BRDA:40,6,0,8
BRDA:40,6,1,2
BRDA:40,7,0,10
BRDA:40,7,1,10
BRF:16
BRH:16
end_of_record
TN:
SF:/home/travis/build/wasdk/WebAssemblyStudio/src/components/shared/Icons.tsx
FN:25,(anonymous_0)
FN:34,(anonymous_1)
FN:41,(anonymous_2)
FN:48,(anonymous_3)
FN:55,(anonymous_4)
FN:70,(anonymous_5)
FN:77,(anonymous_6)
FN:84,(anonymous_7)
FN:91,(anonymous_8)
FN:98,(anonymous_9)
FN:105,(anonymous_10)
FN:112,(anonymous_11)
FN:119,(anonymous_12)
FN:126,(anonymous_13)
FN:133,(anonymous_14)
FN:140,(anonymous_15)
FN:147,(anonymous_16)
FN:154,(anonymous_17)
FN:161,(anonymous_18)
FN:168,(anonymous_19)
FN:175,(anonymous_20)
FN:182,(anonymous_21)
FN:189,(anonymous_22)
FN:196,(anonymous_23)
FN:203,(anonymous_24)
FN:210,(anonymous_25)
FN:217,(anonymous_26)
FNF:27
FNH:27
FNDA:1,(anonymous_0)
FNDA:1,(anonymous_1)
FNDA:1,(anonymous_2)
FNDA:1,(anonymous_3)
FNDA:1,(anonymous_4)
FNDA:22,(anonymous_5)
FNDA:1,(anonymous_6)
FNDA:1,(anonymous_7)
FNDA:1,(anonymous_8)
FNDA:1,(anonymous_9)
FNDA:1,(anonymous_10)
FNDA:1,(anonymous_11)
FNDA:1,(anonymous_12)
FNDA:1,(anonymous_13)
FNDA:1,(anonymous_14)
FNDA:1,(anonymous_15)
FNDA:2,(anonymous_16)
FNDA:1,(anonymous_17)
FNDA:1,(anonymous_18)
FNDA:1,(anonymous_19)
FNDA:1,(anonymous_20)
FNDA:1,(anonymous_21)
FNDA:1,(anonymous_22)
FNDA:22,(anonymous_23)
FNDA:5,(anonymous_24)
FNDA:5,(anonymous_25)
FNDA:1,(anonymous_26)
DA:22,10
DA:23,10
DA:26,1
DA:32,10
DA:35,1
DA:39,10
DA:42,1
DA:46,10
DA:49,1
DA:53,10
DA:56,1
DA:68,10
DA:71,22
DA:75,10
DA:78,1
DA:82,10
DA:85,1
DA:89,10
DA:92,1
DA:96,10
DA:99,1
DA:103,10
DA:106,1
DA:110,10
DA:113,1
DA:117,10
DA:120,1
DA:124,10
DA:127,1
DA:131,10
DA:134,1
DA:138,10
DA:141,1
DA:145,10
DA:148,2
DA:152,10
DA:155,1
DA:159,10
DA:162,1
DA:166,10
DA:169,1
DA:173,10
DA:176,1
DA:180,10
DA:183,1
DA:187,10
DA:190,1
DA:194,10
DA:197,22
DA:201,10
DA:204,5
DA:208,10
DA:211,5
DA:215,10
DA:218,1
DA:222,10
LF:56
LH:56
BRF:0
BRH:0
end_of_record
TN:
SF:/home/travis/build/wasdk/WebAssemblyStudio/src/languages/cton.ts
FN:24,getCompletionItems
FN:102,(anonymous_1)
FN:107,(anonymous_2)
FNF:3
FNH:0
FNDA:0,getCompletionItems
FNDA:0,(anonymous_1)
FNDA:0,(anonymous_2)
DA:22,0
DA:23,0
DA:25,0
DA:26,0
DA:27,0
DA:29,0
DA:31,0
DA:55,0
DA:98,0
DA:103,0
DA:108,0
LF:11
LH:0
BRDA:26,0,0,0
BRDA:26,0,1,0
BRF:2
BRH:0
end_of_record
TN:
SF:/home/travis/build/wasdk/WebAssemblyStudio/src/languages/log.ts
FNF:0
FNH:0
DA:22,0
DA:23,0
LF:2
LH:0
BRF:0
BRH:0
end_of_record
TN:
SF:/home/travis/build/wasdk/WebAssemblyStudio/src/languages/rust.ts
FN:27,getCompletionItems
FN:207,(anonymous_1)
FN:212,(anonymous_2)
FNF:3
FNH:0
FNDA:0,getCompletionItems
FNDA:0,(anonymous_1)
FNDA:0,(anonymous_2)
DA:25,0
DA:26,0
DA:28,0
DA:29,0
DA:30,0
DA:32,0
DA:34,0
DA:60,0
DA:203,0
DA:208,0
DA:213,0
LF:11
LH:0
BRDA:29,0,0,0
BRDA:29,0,1,0
BRF:2
BRH:0
end_of_record
TN:
SF:/home/travis/build/wasdk/WebAssemblyStudio/src/languages/wat.ts
FN:24,getWatCompletionItems
FN:413,watWordAt
FN:426,(anonymous_2)
FN:431,(anonymous_3)
FN:437,(anonymous_4)
FNF:5
FNH:2
FNDA:1,getWatCompletionItems
FNDA:163,watWordAt
FNDA:0,(anonymous_2)
FNDA:0,(anonymous_3)
FNDA:0,(anonymous_4)
DA:22,1
DA:23,1
DA:25,1
DA:26,1
DA:27,0
DA:29,1
DA:180,1
DA:181,1
DA:209,1
DA:414,163
DA:415,163
DA:416,163
DA:417,1
DA:419,162
DA:421,1
DA:422,1
DA:427,0
DA:432,0
DA:433,0
DA:434,0
DA:435,0
DA:437,0
DA:438,0
DA:439,0
DA:441,0
LF:25
LH:15
BRDA:26,0,0,0
BRDA:26,0,1,1
BRDA:416,1,0,1
BRDA:416,1,1,162
BRDA:434,2,0,0
BRDA:434,2,1,0
BRDA:438,3,0,0
BRDA:438,3,1,0
BRF:8
BRH:3
end_of_record
TN:
SF:/home/travis/build/wasdk/WebAssemblyStudio/src/languages/x86.ts
FN:24,getCompletionItems
FN:125,(anonymous_1)
FN:130,(anonymous_2)
FNF:3
FNH:0
FNDA:0,getCompletionItems
FNDA:0,(anonymous_1)
FNDA:0,(anonymous_2)
DA:22,0
DA:23,0
DA:25,0
DA:26,0
DA:27,0
DA:29,0
DA:31,0
DA:55,0
DA:121,0
DA:126,0
DA:131,0
LF:11
LH:0
BRDA:26,0,0,0
BRDA:26,0,1,0
BRF:2
BRH:0
end_of_record
TN:
SF:/home/travis/build/wasdk/WebAssemblyStudio/src/stores/AppStore.ts
FN:30,(anonymous_0)
FN:48,(anonymous_1)
FN:56,(anonymous_2)
FN:62,(anonymous_3)
FN:63,(anonymous_4)
FN:64,(anonymous_5)
FN:65,(anonymous_6)
FN:66,(anonymous_7)
FN:67,(anonymous_8)
FN:68,(anonymous_9)
FN:72,(anonymous_10)
FN:73,(anonymous_11)
FN:78,(anonymous_12)
FN:85,(anonymous_13)
FN:91,(anonymous_14)
FN:94,(anonymous_15)
FN:97,(anonymous_16)
FN:100,(anonymous_17)
FN:103,(anonymous_18)
FN:106,(anonymous_19)
FN:109,(anonymous_20)
FN:112,(anonymous_21)
FN:116,(anonymous_22)
FN:119,(anonymous_23)
FN:122,(anonymous_24)
FN:126,(anonymous_25)
FN:130,(anonymous_26)
FN:133,(anonymous_27)
FN:136,(anonymous_28)
FN:139,(anonymous_29)
FN:153,(anonymous_30)
FN:158,(anonymous_31)
FN:166,(anonymous_32)
FN:170,(anonymous_33)
FN:174,(anonymous_34)
FN:182,(anonymous_35)
FN:185,(anonymous_36)
FN:186,(anonymous_37)
FN:192,(anonymous_38)
FN:197,(anonymous_39)
FN:210,(anonymous_40)
FN:211,(anonymous_41)
FN:212,(anonymous_42)
FN:223,(anonymous_43)
FN:232,(anonymous_44)
FN:238,(anonymous_45)
FN:332,(anonymous_46)
FNF:47
FNH:47
FNDA:6,(anonymous_0)
FNDA:39,(anonymous_1)
FNDA:9,(anonymous_2)
FNDA:48,(anonymous_3)
FNDA:7,(anonymous_4)
FNDA:2,(anonymous_5)
FNDA:2,(anonymous_6)
FNDA:2,(anonymous_7)
FNDA:2,(anonymous_8)
FNDA:4,(anonymous_9)
FNDA:2,(anonymous_10)
FNDA:3,(anonymous_11)
FNDA:9,(anonymous_12)
FNDA:2,(anonymous_13)
FNDA:2,(anonymous_14)
FNDA:1,(anonymous_15)
FNDA:11,(anonymous_16)
FNDA:5,(anonymous_17)
FNDA:10,(anonymous_18)
FNDA:6,(anonymous_19)
FNDA:5,(anonymous_20)
FNDA:12,(anonymous_21)
FNDA:1,(anonymous_22)
FNDA:1,(anonymous_23)
FNDA:2,(anonymous_24)
FNDA:4,(anonymous_25)
FNDA:1,(anonymous_26)
FNDA:5,(anonymous_27)
FNDA:3,(anonymous_28)
FNDA:2,(anonymous_29)
FNDA:2,(anonymous_30)
FNDA:1,(anonymous_31)
FNDA:4,(anonymous_32)
FNDA:2,(anonymous_33)
FNDA:1,(anonymous_34)
FNDA:1,(anonymous_35)
FNDA:2,(anonymous_36)
FNDA:2,(anonymous_37)
FNDA:1,(anonymous_38)
FNDA:2,(anonymous_39)
FNDA:5,(anonymous_40)
FNDA:9,(anonymous_41)
FNDA:8,(anonymous_42)
FNDA:1,(anonymous_43)
FNDA:1,(anonymous_44)
FNDA:78,(anonymous_45)
FNDA:78,(anonymous_46)
DA:22,6
DA:23,6
DA:24,6
DA:25,6
DA:26,6
DA:27,6
DA:28,6
DA:31,6
DA:32,6
DA:33,6
DA:34,6
DA:35,6
DA:36,6
DA:37,6
DA:38,6
DA:39,6
DA:40,6
DA:41,6
DA:42,6
DA:43,6
DA:44,6
DA:45,6
DA:46,6
DA:49,39
DA:50,39
DA:51,39
DA:52,39
DA:53,39
DA:54,39
DA:57,9
DA:58,9
DA:59,9
DA:60,9
DA:63,48
DA:64,48
DA:65,48
DA:66,48
DA:67,48
DA:68,48
DA:69,4
DA:70,4
DA:72,48
DA:73,48
DA:74,3
DA:75,3
DA:79,9
DA:80,3
DA:82,6
DA:83,6
DA:86,2
DA:87,1
DA:89,2
DA:92,2
DA:95,1
DA:98,11
DA:101,5
DA:104,10
DA:107,6
DA:110,5
DA:113,12
DA:114,12
DA:117,1
DA:120,1
DA:123,2
DA:124,2
DA:127,4
DA:128,4
DA:131,1
DA:134,5
DA:137,3
DA:140,2
DA:141,2
DA:142,1
DA:144,2
DA:145,2
DA:146,2
DA:147,2
DA:148,2
DA:151,2
DA:154,2
DA:155,2
DA:156,1
DA:158,1
DA:160,1
DA:161,1
DA:162,1
DA:163,1
DA:164,1
DA:167,4
DA:168,4
DA:171,2
DA:172,2
DA:175,1
DA:176,1
DA:177,1
DA:178,1
DA:180,1
DA:183,1
DA:184,1
DA:185,1
DA:186,2
DA:187,2
DA:188,2
DA:189,1
DA:192,1
DA:193,1
DA:195,1
DA:198,2
DA:199,2
DA:200,2
DA:201,0
DA:203,2
DA:204,2
DA:205,2
DA:206,2
DA:207,2
DA:211,5
DA:212,9
DA:213,8
DA:214,8
DA:216,9
DA:217,8
DA:219,4
DA:220,4
DA:221,4
DA:229,1
DA:230,1
DA:233,1
DA:239,78
DA:241,2
DA:242,2
DA:243,2
DA:246,1
DA:247,1
DA:248,1
DA:251,1
DA:252,1
DA:253,1
DA:256,1
DA:257,1
DA:258,1
DA:259,1
DA:262,4
DA:263,4
DA:264,4
DA:267,5
DA:268,5
DA:269,4
DA:272,2
DA:273,2
DA:276,2
DA:277,2
DA:278,2
DA:281,1
DA:282,1
DA:283,1
DA:286,1
DA:287,1
DA:288,1
DA:291,9
DA:292,9
DA:293,9
DA:296,2
DA:297,2
DA:300,39
DA:301,39
DA:304,1
DA:305,1
DA:306,1
DA:309,2
DA:310,2
DA:311,2
DA:314,3
DA:315,3
DA:316,3
DA:319,1
DA:320,1
DA:323,1
DA:324,1
DA:325,1
DA:330,6
DA:331,6
DA:332,78
DA:333,6
LF:184
LH:183
BRDA:79,0,0,3
BRDA:79,0,1,6
BRDA:86,1,0,1
BRDA:86,1,1,1
BRDA:114,2,0,11
BRDA:114,2,1,1
BRDA:124,3,0,1
BRDA:124,3,1,1
BRDA:128,4,0,2
BRDA:128,4,1,2
BRDA:139,5,0,1
BRDA:141,6,0,1
BRDA:141,6,1,1
BRDA:155,7,0,1
BRDA:155,7,1,1
BRDA:177,8,0,1
BRDA:177,8,1,0
BRDA:188,9,0,1
BRDA:188,9,1,1
BRDA:200,10,0,0
BRDA:200,10,1,2
BRDA:200,11,0,2
BRDA:200,11,1,2
BRDA:204,12,0,2
BRDA:204,12,1,0
BRDA:206,13,0,2
BRDA:206,13,1,0
BRDA:239,14,0,2
BRDA:239,14,1,1
BRDA:239,14,2,1
BRDA:239,14,3,1
BRDA:239,14,4,4
BRDA:239,14,5,5
BRDA:239,14,6,2
BRDA:239,14,7,2
BRDA:239,14,8,1
BRDA:239,14,9,1
BRDA:239,14,10,9
BRDA:239,14,11,2
BRDA:239,14,12,39
BRDA:239,14,13,1
BRDA:239,14,14,2
BRDA:239,14,15,3
BRDA:239,14,16,1
BRDA:239,14,17,1
BRF:45
BRH:41
end_of_record
TN:
SF:/home/travis/build/wasdk/WebAssemblyStudio/src/utils/download.ts
FN:22,(anonymous_0)
FN:23,(anonymous_1)
FN:24,fulfilled
FN:25,rejected
FN:26,step
FN:26,(anonymous_5)
FN:33,downloadProject
FN:34,(anonymous_7)
FN:41,(anonymous_8)
FN:46,(anonymous_9)
FN:52,(anonymous_10)
FNF:11
FNH:0
FNDA:0,(anonymous_0)
FNDA:0,(anonymous_1)
FNDA:0,fulfilled
FNDA:0,rejected
FNDA:0,step
FNDA:0,(anonymous_5)
FNDA:0,downloadProject
FNDA:0,(anonymous_7)
FNDA:0,(anonymous_8)
FNDA:0,(anonymous_9)
FNDA:0,(anonymous_10)
DA:22,0
DA:23,0
DA:24,0
DA:25,0
DA:26,0
DA:27,0
DA:30,0
DA:31,0
DA:32,0
DA:34,0
DA:35,0
DA:36,0
DA:37,0
DA:38,0
DA:40,0
DA:41,0
DA:42,0
DA:43,0
DA:44,0
DA:45,0
DA:46,0
DA:47,0
DA:48,0
DA:50,0
DA:52,0
DA:54,0
DA:55,0
DA:56,0
DA:59,0
DA:60,0
DA:61,0
DA:65,0
LF:32
LH:0
BRDA:22,0,0,0
BRDA:22,0,1,0
BRDA:22,0,2,0
BRDA:23,1,0,0
BRDA:23,1,1,0
BRDA:26,2,0,0
BRDA:26,2,1,0
BRDA:27,3,0,0
BRDA:27,3,1,0
BRDA:37,4,0,0
BRDA:37,4,1,0
BRDA:45,5,0,0
BRDA:45,5,1,0
BRF:13
BRH:0
end_of_record
TN:
SF:/home/travis/build/wasdk/WebAssemblyStudio/src/utils/fetchTemplates.ts
FN:22,(anonymous_0)
FN:23,(anonymous_1)
FN:24,fulfilled
FN:25,rejected
FN:26,step
FN:26,(anonymous_5)
FN:31,fetchTemplates
FN:32,(anonymous_7)
FNF:8
FNH:0
FNDA:0,(anonymous_0)
FNDA:0,(anonymous_1)
FNDA:0,fulfilled
FNDA:0,rejected
FNDA:0,step
FNDA:0,(anonymous_5)
FNDA:0,fetchTemplates
FNDA:0,(anonymous_7)
DA:22,0
DA:23,0
DA:24,0
DA:25,0
DA:26,0
DA:27,0
DA:30,0
DA:32,0
DA:33,0
DA:34,0
DA:37,0
LF:11
LH:0
BRDA:22,0,0,0
BRDA:22,0,1,0
BRDA:22,0,2,0
BRDA:23,1,0,0
BRDA:23,1,1,0
BRDA:26,2,0,0
BRDA:26,2,1,0
BRDA:27,3,0,0
BRDA:27,3,1,0
BRF:9
BRH:0
end_of_record
TN:
SF:/home/travis/build/wasdk/WebAssemblyStudio/src/utils/ga.ts
FN:23,gaEvent
FNF:1
FNH:1
FNDA:1,gaEvent
DA:22,16
DA:24,1
DA:25,1
DA:27,0
DA:33,16
LF:5
LH:4
BRDA:24,0,0,1
BRDA:24,0,1,0
BRF:2
BRH:1
end_of_record
TN:
SF:/home/travis/build/wasdk/WebAssemblyStudio/src/utils/group.ts
FN:26,(anonymous_0)
FN:30,(anonymous_1)
FN:59,(anonymous_2)
FN:60,(anonymous_3)
FN:64,(anonymous_4)
FNF:5
FNH:5
FNDA:52,(anonymous_0)
FNDA:10,(anonymous_1)
FNDA:7,(anonymous_2)
FNDA:7,(anonymous_3)
FNDA:4,(anonymous_4)
DA:22,8
DA:23,8
DA:24,8
DA:27,52
DA:28,52
DA:31,10
DA:32,10
DA:33,10
DA:35,1
DA:36,1
DA:37,0
DA:39,1
DA:41,9
DA:42,9
DA:44,1
DA:45,1
DA:46,1
DA:49,8
DA:50,8
DA:54,0
DA:55,0
DA:56,0
DA:60,7
DA:61,7
DA:62,7
DA:65,4
DA:66,4
DA:67,1
DA:69,3
DA:73,3
DA:74,3
DA:75,3
DA:76,1
DA:80,8
LF:34
LH:30
BRDA:26,0,0,0
BRDA:30,1,0,2
BRDA:33,2,0,1
BRDA:33,2,1,9
BRDA:36,3,0,0
BRDA:36,3,1,1
BRDA:36,4,0,1
BRDA:36,4,1,0
BRDA:41,5,0,9
BRDA:41,5,1,0
BRDA:42,6,0,1
BRDA:42,6,1,8
BRDA:59,7,0,5
BRDA:59,8,0,6
BRDA:60,9,0,7
BRDA:60,9,1,0
BRDA:61,10,0,0
BRDA:61,10,1,7
BRDA:66,11,0,1
BRDA:66,11,1,3
BRDA:74,12,0,1
BRDA:74,12,1,2
BRDA:75,13,0,1
BRDA:75,13,1,2
BRF:24
BRH:18
end_of_record
TN:
SF:/home/travis/build/wasdk/WebAssemblyStudio/src/utils/registerLanguages.ts
FN:22,(anonymous_0)
FN:23,(anonymous_1)
FN:24,fulfilled
FN:25,rejected
FN:26,step
FN:26,(anonymous_5)
FN:36,registerLanguages
FN:37,(anonymous_7)
FN:39,(anonymous_8)
FN:49,(anonymous_9)
FN:56,(anonymous_10)
FN:63,(anonymous_11)
FN:70,(anonymous_12)
FNF:13
FNH:0
FNDA:0,(anonymous_0)
FNDA:0,(anonymous_1)
FNDA:0,fulfilled
FNDA:0,rejected
FNDA:0,step
FNDA:0,(anonymous_5)
FNDA:0,registerLanguages
FNDA:0,(anonymous_7)
FNDA:0,(anonymous_8)
FNDA:0,(anonymous_9)
FNDA:0,(anonymous_10)
FNDA:0,(anonymous_11)
FNDA:0,(anonymous_12)
DA:22,0
DA:23,0
DA:24,0
DA:25,0
DA:26,0
DA:27,0
DA:30,0
DA:31,0
DA:32,0
DA:33,0
DA:34,0
DA:35,0
DA:37,0
DA:39,0
DA:40,0
DA:41,0
DA:42,0
DA:43,0
DA:45,0
DA:49,0
DA:50,0
DA:52,0
DA:56,0
DA:57,0
DA:59,0
DA:63,0
DA:64,0
DA:66,0
DA:70,0
DA:71,0
DA:73,0
DA:76,0
DA:77,0
DA:78,0
DA:79,0
DA:80,0
DA:81,0
DA:84,0
LF:38
LH:0
BRDA:22,0,0,0
BRDA:22,0,1,0
BRDA:22,0,2,0
BRDA:23,1,0,0
BRDA:23,1,1,0
BRDA:26,2,0,0
BRDA:26,2,1,0
BRDA:27,3,0,0
BRDA:27,3,1,0
BRF:9
BRH:0
end_of_record
TN:
SF:/home/travis/build/wasdk/WebAssemblyStudio/src/utils/registerTheme.ts
FN:22,(anonymous_0)
FN:23,(anonymous_1)
FN:24,fulfilled
FN:25,rejected
FN:26,step
FN:26,(anonymous_5)
FN:31,registerTheme
FN:32,(anonymous_7)
FNF:8
FNH:0
FNDA:0,(anonymous_0)
FNDA:0,(anonymous_1)
FNDA:0,fulfilled
FNDA:0,rejected
FNDA:0,step
FNDA:0,(anonymous_5)
FNDA:0,registerTheme
FNDA:0,(anonymous_7)
DA:22,0
DA:23,0
DA:24,0
DA:25,0
DA:26,0
DA:27,0
DA:30,0
DA:32,0
DA:33,0
DA:44,0
LF:10
LH:0
BRDA:22,0,0,0
BRDA:22,0,1,0
BRDA:22,0,2,0
BRDA:23,1,0,0
BRDA:23,1,1,0
BRDA:26,2,0,0
BRDA:26,2,1,0
BRDA:27,3,0,0
BRDA:27,3,1,0
BRF:9
BRH:0
end_of_record
TN:
SF:/home/travis/build/wasdk/WebAssemblyStudio/src/utils/rewriteSources.ts
FN:24,(anonymous_0)
FN:30,expandURL
FN:33,rewriteJS
FN:39,(anonymous_3)
FN:50,processJSFile
FN:60,rewriteHTML
FN:66,(anonymous_6)
FNF:7
FNH:7
FNDA:3,(anonymous_0)
FNDA:3,expandURL
FNDA:3,rewriteJS
FNDA:1,(anonymous_3)
FNDA:3,processJSFile
FNDA:3,rewriteHTML
FNDA:2,(anonymous_6)
DA:22,17
DA:25,3
DA:26,3
DA:29,17
DA:31,3
DA:34,3
DA:35,3
DA:36,0
DA:38,3
DA:39,3
DA:40,1
DA:41,1
DA:42,1
DA:43,0
DA:44,0
DA:46,1
DA:49,17
DA:51,3
DA:52,0
DA:54,3
DA:55,3
DA:56,3
DA:57,3
DA:59,17
DA:61,3
DA:62,3
DA:63,0
DA:65,3
DA:66,3
DA:67,2
DA:68,2
DA:69,2
DA:70,0
DA:71,0
DA:73,2
DA:76,17
LF:36
LH:29
BRDA:35,0,0,0
BRDA:35,0,1,3
BRDA:42,1,0,0
BRDA:42,1,1,1
BRDA:51,2,0,0
BRDA:51,2,1,3
BRDA:62,3,0,0
BRDA:62,3,1,3
BRDA:69,4,0,0
BRDA:69,4,1,2
BRF:10
BRH:5
end_of_record
TN:
SF:/home/travis/build/wasdk/WebAssemblyStudio/src/utils/splitUtils.ts
FN:23,toCSSPx
FN:27,assignObject
FNF:2
FNH:2
FNDA:12,toCSSPx
FNDA:20,assignObject
DA:22,3
DA:24,12
DA:26,3
DA:28,20
DA:29,39
DA:30,38
DA:33,20
DA:35,3
LF:8
LH:8
BRDA:29,0,0,38
BRDA:29,0,1,1
BRF:2
BRH:2
end_of_record
TN:
SF:/home/travis/build/wasdk/WebAssemblyStudio/src/utils/taskRunner.ts
FN:22,(anonymous_0)
FN:23,(anonymous_1)
FN:24,fulfilled
FN:25,rejected
FN:26,step
FN:26,(anonymous_5)
FN:36,(anonymous_6)
FN:41,unsafeEval
FN:47,contextify
FN:51,require
FN:75,createSandboxIFrame
FN:76,(anonymous_11)
FN:89,(anonymous_12)
FN:95,(anonymous_13)
FN:103,(anonymous_14)
FN:122,clearCurrentRunnerInfoAndIframe
FN:127,getCurrentRunnerInfo
FN:131,runTask
FN:132,(anonymous_18)
FNF:19
FNH:1
FNDA:0,(anonymous_0)
FNDA:0,(anonymous_1)
FNDA:0,fulfilled
FNDA:0,rejected
FNDA:0,step
FNDA:0,(anonymous_5)
FNDA:16,(anonymous_6)
FNDA:0,unsafeEval
FNDA:0,contextify
FNDA:0,require
FNDA:0,createSandboxIFrame
FNDA:0,(anonymous_11)
FNDA:0,(anonymous_12)
FNDA:0,(anonymous_13)
FNDA:0,(anonymous_14)
FNDA:0,clearCurrentRunnerInfoAndIframe
FNDA:0,getCurrentRunnerInfo
FNDA:0,runTask
FNDA:0,(anonymous_18)
DA:22,16
DA:23,0
DA:24,0
DA:25,0
DA:26,0
DA:27,0
DA:30,16
DA:31,16
DA:32,16
DA:33,16
DA:34,16
DA:36,16
DA:37,16
DA:38,16
DA:39,16
DA:42,0
DA:43,0
DA:44,0
DA:45,0
DA:52,0
DA:53,0
DA:54,0
DA:56,0
DA:58,0
DA:60,0
DA:65,0
DA:68,0
DA:70,0
DA:72,0
DA:76,0
DA:77,0
DA:81,0
DA:83,0
DA:84,0
DA:85,0
DA:86,0
DA:87,0
DA:88,0
DA:89,0
DA:90,0
DA:94,16
DA:95,16
DA:96,0
DA:97,0
DA:99,0
DA:100,0
DA:101,0
DA:102,0
DA:103,0
DA:104,0
DA:105,0
DA:106,0
DA:107,0
DA:109,0
DA:110,0
DA:118,0
DA:121,16
DA:123,0
DA:124,0
DA:125,0
DA:128,0
DA:130,16
DA:132,0
DA:133,0
DA:134,0
DA:139,0
DA:140,0
DA:162,0
DA:163,0
DA:164,0
DA:167,0
DA:170,0
DA:171,0
DA:173,0
DA:176,16
LF:75
LH:15
BRDA:22,0,0,16
BRDA:22,0,1,16
BRDA:22,0,2,16
BRDA:23,1,0,0
BRDA:23,1,1,0
BRDA:26,2,0,0
BRDA:26,2,1,0
BRDA:27,3,0,0
BRDA:27,3,1,0
BRDA:40,4,0,16
BRDA:40,4,1,16
BRDA:47,5,0,0
BRDA:47,6,0,0
BRDA:47,7,0,0
BRDA:47,8,0,0
BRDA:52,9,0,0
BRDA:52,9,1,0
BRDA:53,10,0,0
BRDA:53,10,1,0
BRDA:70,11,0,0
BRDA:70,11,1,0
BRDA:96,12,0,0
BRDA:96,12,1,0
BRDA:96,13,0,0
BRDA:96,13,1,0
BRDA:96,13,2,0
BRDA:105,14,0,0
BRDA:105,14,1,0
BRDA:105,15,0,0
BRDA:105,15,1,0
BRDA:109,16,0,0
BRDA:109,16,1,0
BRDA:149,17,0,0
BRDA:149,17,1,0
BRDA:158,18,0,0
BRDA:158,18,1,0
BRDA:159,19,0,0
BRDA:159,19,1,0
BRDA:162,20,0,0
BRDA:162,20,1,0
BRDA:170,21,0,0
BRDA:170,21,1,0
BRF:42
BRH:5
end_of_record
TN:
SF:/home/travis/build/wasdk/WebAssemblyStudio/src/utils/zlib.ts
FN:22,(anonymous_0)
FN:23,(anonymous_1)
FN:24,fulfilled
FN:25,rejected
FN:26,step
FN:26,(anonymous_5)
FN:31,isZlibData
FN:36,decompressZlib
FN:37,(anonymous_8)
FN:38,(anonymous_9)
FNF:10
FNH:0
FNDA:0,(anonymous_0)
FNDA:0,(anonymous_1)
FNDA:0,fulfilled
FNDA:0,rejected
FNDA:0,step
FNDA:0,(anonymous_5)
FNDA:0,isZlibData
FNDA:0,decompressZlib
FNDA:0,(anonymous_8)
FNDA:0,(anonymous_9)
DA:22,15
DA:23,0
DA:24,0
DA:25,0
DA:26,0
DA:27,0
DA:30,15
DA:32,0
DA:33,0
DA:35,15
DA:37,0
DA:38,0
DA:39,0
DA:42,15
LF:14
LH:4
BRDA:22,0,0,15
BRDA:22,0,1,15
BRDA:22,0,2,15
BRDA:23,1,0,0
BRDA:23,1,1,0
BRDA:26,2,0,0
BRDA:26,2,1,0
BRDA:27,3,0,0
BRDA:27,3,1,0
BRDA:33,4,0,0
BRDA:33,4,1,0
BRDA:33,4,2,0
BRDA:33,4,3,0
BRF:13
BRH:3
end_of_record
